
AVRASM ver. 2.1.30  D:\AZ_Rezpar\HW7\Debug\List\HW7.asm Mon Apr 15 03:14:16 2024

D:\AZ_Rezpar\HW7\Debug\List\HW7.asm(1088): warning: Register r5 already defined by the .DEF directive
D:\AZ_Rezpar\HW7\Debug\List\HW7.asm(1089): warning: Register r4 already defined by the .DEF directive
D:\AZ_Rezpar\HW7\Debug\List\HW7.asm(1090): warning: Register r7 already defined by the .DEF directive
                 
                 
                 ;CodeVisionAVR C Compiler V3.12 Advanced
                 ;(C) Copyright 1998-2014 Pavel Haiduc, HP InfoTech s.r.l.
                 ;http://www.hpinfotech.com
                 
                 ;Build configuration    : Debug
                 ;Chip type              : ATmega32
                 ;Program type           : Application
                 ;Clock frequency        : 8.000000 MHz
                 ;Memory model           : Small
                 ;Optimize for           : Size
                 ;(s)printf features     : int, width
                 ;(s)scanf features      : int, width
                 ;External RAM size      : 0
                 ;Data Stack size        : 512 byte(s)
                 ;Heap size              : 0 byte(s)
                 ;Promote 'char' to 'int': Yes
                 ;'char' is unsigned     : Yes
                 ;8 bit enums            : Yes
                 ;Global 'const' stored in FLASH: Yes
                 ;Enhanced function parameter passing: Yes
                 ;Enhanced core instructions: On
                 ;Automatic register allocation for global variables: On
                 ;Smart register allocation: On
                 
                 	#define _MODEL_SMALL_
                 
                 	#pragma AVRPART ADMIN PART_NAME ATmega32
                 	#pragma AVRPART MEMORY PROG_FLASH 32768
                 	#pragma AVRPART MEMORY EEPROM 1024
                 	#pragma AVRPART MEMORY INT_SRAM SIZE 2048
                 	#pragma AVRPART MEMORY INT_SRAM START_ADDR 0x60
                 
                 	#define CALL_SUPPORTED 1
                 
                 	.LISTMAC
                 	.EQU UDRE=0x5
                 	.EQU RXC=0x7
                 	.EQU USR=0xB
                 	.EQU UDR=0xC
                 	.EQU SPSR=0xE
                 	.EQU SPDR=0xF
                 	.EQU EERE=0x0
                 	.EQU EEWE=0x1
                 	.EQU EEMWE=0x2
                 	.EQU EECR=0x1C
                 	.EQU EEDR=0x1D
                 	.EQU EEARL=0x1E
                 	.EQU EEARH=0x1F
                 	.EQU WDTCR=0x21
                 	.EQU MCUCR=0x35
                 	.EQU GICR=0x3B
                 	.EQU SPL=0x3D
                 	.EQU SPH=0x3E
                 	.EQU SREG=0x3F
                 
                 	.DEF R0X0=R0
                 	.DEF R0X1=R1
                 	.DEF R0X2=R2
                 	.DEF R0X3=R3
                 	.DEF R0X4=R4
                 	.DEF R0X5=R5
                 	.DEF R0X6=R6
                 	.DEF R0X7=R7
                 	.DEF R0X8=R8
                 	.DEF R0X9=R9
                 	.DEF R0XA=R10
                 	.DEF R0XB=R11
                 	.DEF R0XC=R12
                 	.DEF R0XD=R13
                 	.DEF R0XE=R14
                 	.DEF R0XF=R15
                 	.DEF R0X10=R16
                 	.DEF R0X11=R17
                 	.DEF R0X12=R18
                 	.DEF R0X13=R19
                 	.DEF R0X14=R20
                 	.DEF R0X15=R21
                 	.DEF R0X16=R22
                 	.DEF R0X17=R23
                 	.DEF R0X18=R24
                 	.DEF R0X19=R25
                 	.DEF R0X1A=R26
                 	.DEF R0X1B=R27
                 	.DEF R0X1C=R28
                 	.DEF R0X1D=R29
                 	.DEF R0X1E=R30
                 	.DEF R0X1F=R31
                 
                 	.EQU __SRAM_START=0x0060
                 	.EQU __SRAM_END=0x085F
                 	.EQU __DSTACK_SIZE=0x0200
                 	.EQU __HEAP_SIZE=0x0000
                 	.EQU __CLEAR_SRAM_SIZE=__SRAM_END-__SRAM_START+1
                 
                 	.MACRO __CPD1N
                 	CPI  R30,LOW(@0)
                 	LDI  R26,HIGH(@0)
                 	CPC  R31,R26
                 	LDI  R26,BYTE3(@0)
                 	CPC  R22,R26
                 	LDI  R26,BYTE4(@0)
                 	CPC  R23,R26
                 	.ENDM
                 
                 	.MACRO __CPD2N
                 	CPI  R26,LOW(@0)
                 	LDI  R30,HIGH(@0)
                 	CPC  R27,R30
                 	LDI  R30,BYTE3(@0)
                 	CPC  R24,R30
                 	LDI  R30,BYTE4(@0)
                 	CPC  R25,R30
                 	.ENDM
                 
                 	.MACRO __CPWRR
                 	CP   R@0,R@2
                 	CPC  R@1,R@3
                 	.ENDM
                 
                 	.MACRO __CPWRN
                 	CPI  R@0,LOW(@2)
                 	LDI  R30,HIGH(@2)
                 	CPC  R@1,R30
                 	.ENDM
                 
                 	.MACRO __ADDB1MN
                 	SUBI R30,LOW(-@0-(@1))
                 	.ENDM
                 
                 	.MACRO __ADDB2MN
                 	SUBI R26,LOW(-@0-(@1))
                 	.ENDM
                 
                 	.MACRO __ADDW1MN
                 	SUBI R30,LOW(-@0-(@1))
                 	SBCI R31,HIGH(-@0-(@1))
                 	.ENDM
                 
                 	.MACRO __ADDW2MN
                 	SUBI R26,LOW(-@0-(@1))
                 	SBCI R27,HIGH(-@0-(@1))
                 	.ENDM
                 
                 	.MACRO __ADDW1FN
                 	SUBI R30,LOW(-2*@0-(@1))
                 	SBCI R31,HIGH(-2*@0-(@1))
                 	.ENDM
                 
                 	.MACRO __ADDD1FN
                 	SUBI R30,LOW(-2*@0-(@1))
                 	SBCI R31,HIGH(-2*@0-(@1))
                 	SBCI R22,BYTE3(-2*@0-(@1))
                 	.ENDM
                 
                 	.MACRO __ADDD1N
                 	SUBI R30,LOW(-@0)
                 	SBCI R31,HIGH(-@0)
                 	SBCI R22,BYTE3(-@0)
                 	SBCI R23,BYTE4(-@0)
                 	.ENDM
                 
                 	.MACRO __ADDD2N
                 	SUBI R26,LOW(-@0)
                 	SBCI R27,HIGH(-@0)
                 	SBCI R24,BYTE3(-@0)
                 	SBCI R25,BYTE4(-@0)
                 	.ENDM
                 
                 	.MACRO __SUBD1N
                 	SUBI R30,LOW(@0)
                 	SBCI R31,HIGH(@0)
                 	SBCI R22,BYTE3(@0)
                 	SBCI R23,BYTE4(@0)
                 	.ENDM
                 
                 	.MACRO __SUBD2N
                 	SUBI R26,LOW(@0)
                 	SBCI R27,HIGH(@0)
                 	SBCI R24,BYTE3(@0)
                 	SBCI R25,BYTE4(@0)
                 	.ENDM
                 
                 	.MACRO __ANDBMNN
                 	LDS  R30,@0+(@1)
                 	ANDI R30,LOW(@2)
                 	STS  @0+(@1),R30
                 	.ENDM
                 
                 	.MACRO __ANDWMNN
                 	LDS  R30,@0+(@1)
                 	ANDI R30,LOW(@2)
                 	STS  @0+(@1),R30
                 	LDS  R30,@0+(@1)+1
                 	ANDI R30,HIGH(@2)
                 	STS  @0+(@1)+1,R30
                 	.ENDM
                 
                 	.MACRO __ANDD1N
                 	ANDI R30,LOW(@0)
                 	ANDI R31,HIGH(@0)
                 	ANDI R22,BYTE3(@0)
                 	ANDI R23,BYTE4(@0)
                 	.ENDM
                 
                 	.MACRO __ANDD2N
                 	ANDI R26,LOW(@0)
                 	ANDI R27,HIGH(@0)
                 	ANDI R24,BYTE3(@0)
                 	ANDI R25,BYTE4(@0)
                 	.ENDM
                 
                 	.MACRO __ORBMNN
                 	LDS  R30,@0+(@1)
                 	ORI  R30,LOW(@2)
                 	STS  @0+(@1),R30
                 	.ENDM
                 
                 	.MACRO __ORWMNN
                 	LDS  R30,@0+(@1)
                 	ORI  R30,LOW(@2)
                 	STS  @0+(@1),R30
                 	LDS  R30,@0+(@1)+1
                 	ORI  R30,HIGH(@2)
                 	STS  @0+(@1)+1,R30
                 	.ENDM
                 
                 	.MACRO __ORD1N
                 	ORI  R30,LOW(@0)
                 	ORI  R31,HIGH(@0)
                 	ORI  R22,BYTE3(@0)
                 	ORI  R23,BYTE4(@0)
                 	.ENDM
                 
                 	.MACRO __ORD2N
                 	ORI  R26,LOW(@0)
                 	ORI  R27,HIGH(@0)
                 	ORI  R24,BYTE3(@0)
                 	ORI  R25,BYTE4(@0)
                 	.ENDM
                 
                 	.MACRO __DELAY_USB
                 	LDI  R24,LOW(@0)
                 __DELAY_USB_LOOP:
                 	DEC  R24
                 	BRNE __DELAY_USB_LOOP
                 	.ENDM
                 
                 	.MACRO __DELAY_USW
                 	LDI  R24,LOW(@0)
                 	LDI  R25,HIGH(@0)
                 __DELAY_USW_LOOP:
                 	SBIW R24,1
                 	BRNE __DELAY_USW_LOOP
                 	.ENDM
                 
                 	.MACRO __GETD1S
                 	LDD  R30,Y+@0
                 	LDD  R31,Y+@0+1
                 	LDD  R22,Y+@0+2
                 	LDD  R23,Y+@0+3
                 	.ENDM
                 
                 	.MACRO __GETD2S
                 	LDD  R26,Y+@0
                 	LDD  R27,Y+@0+1
                 	LDD  R24,Y+@0+2
                 	LDD  R25,Y+@0+3
                 	.ENDM
                 
                 	.MACRO __PUTD1S
                 	STD  Y+@0,R30
                 	STD  Y+@0+1,R31
                 	STD  Y+@0+2,R22
                 	STD  Y+@0+3,R23
                 	.ENDM
                 
                 	.MACRO __PUTD2S
                 	STD  Y+@0,R26
                 	STD  Y+@0+1,R27
                 	STD  Y+@0+2,R24
                 	STD  Y+@0+3,R25
                 	.ENDM
                 
                 	.MACRO __PUTDZ2
                 	STD  Z+@0,R26
                 	STD  Z+@0+1,R27
                 	STD  Z+@0+2,R24
                 	STD  Z+@0+3,R25
                 	.ENDM
                 
                 	.MACRO __CLRD1S
                 	STD  Y+@0,R30
                 	STD  Y+@0+1,R30
                 	STD  Y+@0+2,R30
                 	STD  Y+@0+3,R30
                 	.ENDM
                 
                 	.MACRO __POINTB1MN
                 	LDI  R30,LOW(@0+(@1))
                 	.ENDM
                 
                 	.MACRO __POINTW1MN
                 	LDI  R30,LOW(@0+(@1))
                 	LDI  R31,HIGH(@0+(@1))
                 	.ENDM
                 
                 	.MACRO __POINTD1M
                 	LDI  R30,LOW(@0)
                 	LDI  R31,HIGH(@0)
                 	LDI  R22,BYTE3(@0)
                 	LDI  R23,BYTE4(@0)
                 	.ENDM
                 
                 	.MACRO __POINTW1FN
                 	LDI  R30,LOW(2*@0+(@1))
                 	LDI  R31,HIGH(2*@0+(@1))
                 	.ENDM
                 
                 	.MACRO __POINTD1FN
                 	LDI  R30,LOW(2*@0+(@1))
                 	LDI  R31,HIGH(2*@0+(@1))
                 	LDI  R22,BYTE3(2*@0+(@1))
                 	LDI  R23,BYTE4(2*@0+(@1))
                 	.ENDM
                 
                 	.MACRO __POINTB2MN
                 	LDI  R26,LOW(@0+(@1))
                 	.ENDM
                 
                 	.MACRO __POINTW2MN
                 	LDI  R26,LOW(@0+(@1))
                 	LDI  R27,HIGH(@0+(@1))
                 	.ENDM
                 
                 	.MACRO __POINTW2FN
                 	LDI  R26,LOW(2*@0+(@1))
                 	LDI  R27,HIGH(2*@0+(@1))
                 	.ENDM
                 
                 	.MACRO __POINTD2FN
                 	LDI  R26,LOW(2*@0+(@1))
                 	LDI  R27,HIGH(2*@0+(@1))
                 	LDI  R24,BYTE3(2*@0+(@1))
                 	LDI  R25,BYTE4(2*@0+(@1))
                 	.ENDM
                 
                 	.MACRO __POINTBRM
                 	LDI  R@0,LOW(@1)
                 	.ENDM
                 
                 	.MACRO __POINTWRM
                 	LDI  R@0,LOW(@2)
                 	LDI  R@1,HIGH(@2)
                 	.ENDM
                 
                 	.MACRO __POINTBRMN
                 	LDI  R@0,LOW(@1+(@2))
                 	.ENDM
                 
                 	.MACRO __POINTWRMN
                 	LDI  R@0,LOW(@2+(@3))
                 	LDI  R@1,HIGH(@2+(@3))
                 	.ENDM
                 
                 	.MACRO __POINTWRFN
                 	LDI  R@0,LOW(@2*2+(@3))
                 	LDI  R@1,HIGH(@2*2+(@3))
                 	.ENDM
                 
                 	.MACRO __GETD1N
                 	LDI  R30,LOW(@0)
                 	LDI  R31,HIGH(@0)
                 	LDI  R22,BYTE3(@0)
                 	LDI  R23,BYTE4(@0)
                 	.ENDM
                 
                 	.MACRO __GETD2N
                 	LDI  R26,LOW(@0)
                 	LDI  R27,HIGH(@0)
                 	LDI  R24,BYTE3(@0)
                 	LDI  R25,BYTE4(@0)
                 	.ENDM
                 
                 	.MACRO __GETB1MN
                 	LDS  R30,@0+(@1)
                 	.ENDM
                 
                 	.MACRO __GETB1HMN
                 	LDS  R31,@0+(@1)
                 	.ENDM
                 
                 	.MACRO __GETW1MN
                 	LDS  R30,@0+(@1)
                 	LDS  R31,@0+(@1)+1
                 	.ENDM
                 
                 	.MACRO __GETD1MN
                 	LDS  R30,@0+(@1)
                 	LDS  R31,@0+(@1)+1
                 	LDS  R22,@0+(@1)+2
                 	LDS  R23,@0+(@1)+3
                 	.ENDM
                 
                 	.MACRO __GETBRMN
                 	LDS  R@0,@1+(@2)
                 	.ENDM
                 
                 	.MACRO __GETWRMN
                 	LDS  R@0,@2+(@3)
                 	LDS  R@1,@2+(@3)+1
                 	.ENDM
                 
                 	.MACRO __GETWRZ
                 	LDD  R@0,Z+@2
                 	LDD  R@1,Z+@2+1
                 	.ENDM
                 
                 	.MACRO __GETD2Z
                 	LDD  R26,Z+@0
                 	LDD  R27,Z+@0+1
                 	LDD  R24,Z+@0+2
                 	LDD  R25,Z+@0+3
                 	.ENDM
                 
                 	.MACRO __GETB2MN
                 	LDS  R26,@0+(@1)
                 	.ENDM
                 
                 	.MACRO __GETW2MN
                 	LDS  R26,@0+(@1)
                 	LDS  R27,@0+(@1)+1
                 	.ENDM
                 
                 	.MACRO __GETD2MN
                 	LDS  R26,@0+(@1)
                 	LDS  R27,@0+(@1)+1
                 	LDS  R24,@0+(@1)+2
                 	LDS  R25,@0+(@1)+3
                 	.ENDM
                 
                 	.MACRO __PUTB1MN
                 	STS  @0+(@1),R30
                 	.ENDM
                 
                 	.MACRO __PUTW1MN
                 	STS  @0+(@1),R30
                 	STS  @0+(@1)+1,R31
                 	.ENDM
                 
                 	.MACRO __PUTD1MN
                 	STS  @0+(@1),R30
                 	STS  @0+(@1)+1,R31
                 	STS  @0+(@1)+2,R22
                 	STS  @0+(@1)+3,R23
                 	.ENDM
                 
                 	.MACRO __PUTB1EN
                 	LDI  R26,LOW(@0+(@1))
                 	LDI  R27,HIGH(@0+(@1))
                 	CALL __EEPROMWRB
                 	.ENDM
                 
                 	.MACRO __PUTW1EN
                 	LDI  R26,LOW(@0+(@1))
                 	LDI  R27,HIGH(@0+(@1))
                 	CALL __EEPROMWRW
                 	.ENDM
                 
                 	.MACRO __PUTD1EN
                 	LDI  R26,LOW(@0+(@1))
                 	LDI  R27,HIGH(@0+(@1))
                 	CALL __EEPROMWRD
                 	.ENDM
                 
                 	.MACRO __PUTBR0MN
                 	STS  @0+(@1),R0
                 	.ENDM
                 
                 	.MACRO __PUTBMRN
                 	STS  @0+(@1),R@2
                 	.ENDM
                 
                 	.MACRO __PUTWMRN
                 	STS  @0+(@1),R@2
                 	STS  @0+(@1)+1,R@3
                 	.ENDM
                 
                 	.MACRO __PUTBZR
                 	STD  Z+@1,R@0
                 	.ENDM
                 
                 	.MACRO __PUTWZR
                 	STD  Z+@2,R@0
                 	STD  Z+@2+1,R@1
                 	.ENDM
                 
                 	.MACRO __GETW1R
                 	MOV  R30,R@0
                 	MOV  R31,R@1
                 	.ENDM
                 
                 	.MACRO __GETW2R
                 	MOV  R26,R@0
                 	MOV  R27,R@1
                 	.ENDM
                 
                 	.MACRO __GETWRN
                 	LDI  R@0,LOW(@2)
                 	LDI  R@1,HIGH(@2)
                 	.ENDM
                 
                 	.MACRO __PUTW1R
                 	MOV  R@0,R30
                 	MOV  R@1,R31
                 	.ENDM
                 
                 	.MACRO __PUTW2R
                 	MOV  R@0,R26
                 	MOV  R@1,R27
                 	.ENDM
                 
                 	.MACRO __ADDWRN
                 	SUBI R@0,LOW(-@2)
                 	SBCI R@1,HIGH(-@2)
                 	.ENDM
                 
                 	.MACRO __ADDWRR
                 	ADD  R@0,R@2
                 	ADC  R@1,R@3
                 	.ENDM
                 
                 	.MACRO __SUBWRN
                 	SUBI R@0,LOW(@2)
                 	SBCI R@1,HIGH(@2)
                 	.ENDM
                 
                 	.MACRO __SUBWRR
                 	SUB  R@0,R@2
                 	SBC  R@1,R@3
                 	.ENDM
                 
                 	.MACRO __ANDWRN
                 	ANDI R@0,LOW(@2)
                 	ANDI R@1,HIGH(@2)
                 	.ENDM
                 
                 	.MACRO __ANDWRR
                 	AND  R@0,R@2
                 	AND  R@1,R@3
                 	.ENDM
                 
                 	.MACRO __ORWRN
                 	ORI  R@0,LOW(@2)
                 	ORI  R@1,HIGH(@2)
                 	.ENDM
                 
                 	.MACRO __ORWRR
                 	OR   R@0,R@2
                 	OR   R@1,R@3
                 	.ENDM
                 
                 	.MACRO __EORWRR
                 	EOR  R@0,R@2
                 	EOR  R@1,R@3
                 	.ENDM
                 
                 	.MACRO __GETWRS
                 	LDD  R@0,Y+@2
                 	LDD  R@1,Y+@2+1
                 	.ENDM
                 
                 	.MACRO __PUTBSR
                 	STD  Y+@1,R@0
                 	.ENDM
                 
                 	.MACRO __PUTWSR
                 	STD  Y+@2,R@0
                 	STD  Y+@2+1,R@1
                 	.ENDM
                 
                 	.MACRO __MOVEWRR
                 	MOV  R@0,R@2
                 	MOV  R@1,R@3
                 	.ENDM
                 
                 	.MACRO __INWR
                 	IN   R@0,@2
                 	IN   R@1,@2+1
                 	.ENDM
                 
                 	.MACRO __OUTWR
                 	OUT  @2+1,R@1
                 	OUT  @2,R@0
                 	.ENDM
                 
                 	.MACRO __CALL1MN
                 	LDS  R30,@0+(@1)
                 	LDS  R31,@0+(@1)+1
                 	ICALL
                 	.ENDM
                 
                 	.MACRO __CALL1FN
                 	LDI  R30,LOW(2*@0+(@1))
                 	LDI  R31,HIGH(2*@0+(@1))
                 	CALL __GETW1PF
                 	ICALL
                 	.ENDM
                 
                 	.MACRO __CALL2EN
                 	PUSH R26
                 	PUSH R27
                 	LDI  R26,LOW(@0+(@1))
                 	LDI  R27,HIGH(@0+(@1))
                 	CALL __EEPROMRDW
                 	POP  R27
                 	POP  R26
                 	ICALL
                 	.ENDM
                 
                 	.MACRO __CALL2EX
                 	SUBI R26,LOW(-@0)
                 	SBCI R27,HIGH(-@0)
                 	CALL __EEPROMRDD
                 	ICALL
                 	.ENDM
                 
                 	.MACRO __GETW1STACK
                 	IN   R30,SPL
                 	IN   R31,SPH
                 	ADIW R30,@0+1
                 	LD   R0,Z+
                 	LD   R31,Z
                 	MOV  R30,R0
                 	.ENDM
                 
                 	.MACRO __GETD1STACK
                 	IN   R30,SPL
                 	IN   R31,SPH
                 	ADIW R30,@0+1
                 	LD   R0,Z+
                 	LD   R1,Z+
                 	LD   R22,Z
                 	MOVW R30,R0
                 	.ENDM
                 
                 	.MACRO __NBST
                 	BST  R@0,@1
                 	IN   R30,SREG
                 	LDI  R31,0x40
                 	EOR  R30,R31
                 	OUT  SREG,R30
                 	.ENDM
                 
                 
                 	.MACRO __PUTB1SN
                 	LDD  R26,Y+@0
                 	LDD  R27,Y+@0+1
                 	SUBI R26,LOW(-@1)
                 	SBCI R27,HIGH(-@1)
                 	ST   X,R30
                 	.ENDM
                 
                 	.MACRO __PUTW1SN
                 	LDD  R26,Y+@0
                 	LDD  R27,Y+@0+1
                 	SUBI R26,LOW(-@1)
                 	SBCI R27,HIGH(-@1)
                 	ST   X+,R30
                 	ST   X,R31
                 	.ENDM
                 
                 	.MACRO __PUTD1SN
                 	LDD  R26,Y+@0
                 	LDD  R27,Y+@0+1
                 	SUBI R26,LOW(-@1)
                 	SBCI R27,HIGH(-@1)
                 	CALL __PUTDP1
                 	.ENDM
                 
                 	.MACRO __PUTB1SNS
                 	LDD  R26,Y+@0
                 	LDD  R27,Y+@0+1
                 	ADIW R26,@1
                 	ST   X,R30
                 	.ENDM
                 
                 	.MACRO __PUTW1SNS
                 	LDD  R26,Y+@0
                 	LDD  R27,Y+@0+1
                 	ADIW R26,@1
                 	ST   X+,R30
                 	ST   X,R31
                 	.ENDM
                 
                 	.MACRO __PUTD1SNS
                 	LDD  R26,Y+@0
                 	LDD  R27,Y+@0+1
                 	ADIW R26,@1
                 	CALL __PUTDP1
                 	.ENDM
                 
                 	.MACRO __PUTB1PMN
                 	LDS  R26,@0
                 	LDS  R27,@0+1
                 	SUBI R26,LOW(-@1)
                 	SBCI R27,HIGH(-@1)
                 	ST   X,R30
                 	.ENDM
                 
                 	.MACRO __PUTW1PMN
                 	LDS  R26,@0
                 	LDS  R27,@0+1
                 	SUBI R26,LOW(-@1)
                 	SBCI R27,HIGH(-@1)
                 	ST   X+,R30
                 	ST   X,R31
                 	.ENDM
                 
                 	.MACRO __PUTD1PMN
                 	LDS  R26,@0
                 	LDS  R27,@0+1
                 	SUBI R26,LOW(-@1)
                 	SBCI R27,HIGH(-@1)
                 	CALL __PUTDP1
                 	.ENDM
                 
                 	.MACRO __PUTB1PMNS
                 	LDS  R26,@0
                 	LDS  R27,@0+1
                 	ADIW R26,@1
                 	ST   X,R30
                 	.ENDM
                 
                 	.MACRO __PUTW1PMNS
                 	LDS  R26,@0
                 	LDS  R27,@0+1
                 	ADIW R26,@1
                 	ST   X+,R30
                 	ST   X,R31
                 	.ENDM
                 
                 	.MACRO __PUTD1PMNS
                 	LDS  R26,@0
                 	LDS  R27,@0+1
                 	ADIW R26,@1
                 	CALL __PUTDP1
                 	.ENDM
                 
                 	.MACRO __PUTB1RN
                 	MOVW R26,R@0
                 	SUBI R26,LOW(-@1)
                 	SBCI R27,HIGH(-@1)
                 	ST   X,R30
                 	.ENDM
                 
                 	.MACRO __PUTW1RN
                 	MOVW R26,R@0
                 	SUBI R26,LOW(-@1)
                 	SBCI R27,HIGH(-@1)
                 	ST   X+,R30
                 	ST   X,R31
                 	.ENDM
                 
                 	.MACRO __PUTD1RN
                 	MOVW R26,R@0
                 	SUBI R26,LOW(-@1)
                 	SBCI R27,HIGH(-@1)
                 	CALL __PUTDP1
                 	.ENDM
                 
                 	.MACRO __PUTB1RNS
                 	MOVW R26,R@0
                 	ADIW R26,@1
                 	ST   X,R30
                 	.ENDM
                 
                 	.MACRO __PUTW1RNS
                 	MOVW R26,R@0
                 	ADIW R26,@1
                 	ST   X+,R30
                 	ST   X,R31
                 	.ENDM
                 
                 	.MACRO __PUTD1RNS
                 	MOVW R26,R@0
                 	ADIW R26,@1
                 	CALL __PUTDP1
                 	.ENDM
                 
                 	.MACRO __PUTB1RON
                 	MOV  R26,R@0
                 	MOV  R27,R@1
                 	SUBI R26,LOW(-@2)
                 	SBCI R27,HIGH(-@2)
                 	ST   X,R30
                 	.ENDM
                 
                 	.MACRO __PUTW1RON
                 	MOV  R26,R@0
                 	MOV  R27,R@1
                 	SUBI R26,LOW(-@2)
                 	SBCI R27,HIGH(-@2)
                 	ST   X+,R30
                 	ST   X,R31
                 	.ENDM
                 
                 	.MACRO __PUTD1RON
                 	MOV  R26,R@0
                 	MOV  R27,R@1
                 	SUBI R26,LOW(-@2)
                 	SBCI R27,HIGH(-@2)
                 	CALL __PUTDP1
                 	.ENDM
                 
                 	.MACRO __PUTB1RONS
                 	MOV  R26,R@0
                 	MOV  R27,R@1
                 	ADIW R26,@2
                 	ST   X,R30
                 	.ENDM
                 
                 	.MACRO __PUTW1RONS
                 	MOV  R26,R@0
                 	MOV  R27,R@1
                 	ADIW R26,@2
                 	ST   X+,R30
                 	ST   X,R31
                 	.ENDM
                 
                 	.MACRO __PUTD1RONS
                 	MOV  R26,R@0
                 	MOV  R27,R@1
                 	ADIW R26,@2
                 	CALL __PUTDP1
                 	.ENDM
                 
                 
                 	.MACRO __GETB1SX
                 	MOVW R30,R28
                 	SUBI R30,LOW(-@0)
                 	SBCI R31,HIGH(-@0)
                 	LD   R30,Z
                 	.ENDM
                 
                 	.MACRO __GETB1HSX
                 	MOVW R30,R28
                 	SUBI R30,LOW(-@0)
                 	SBCI R31,HIGH(-@0)
                 	LD   R31,Z
                 	.ENDM
                 
                 	.MACRO __GETW1SX
                 	MOVW R30,R28
                 	SUBI R30,LOW(-@0)
                 	SBCI R31,HIGH(-@0)
                 	LD   R0,Z+
                 	LD   R31,Z
                 	MOV  R30,R0
                 	.ENDM
                 
                 	.MACRO __GETD1SX
                 	MOVW R30,R28
                 	SUBI R30,LOW(-@0)
                 	SBCI R31,HIGH(-@0)
                 	LD   R0,Z+
                 	LD   R1,Z+
                 	LD   R22,Z+
                 	LD   R23,Z
                 	MOVW R30,R0
                 	.ENDM
                 
                 	.MACRO __GETB2SX
                 	MOVW R26,R28
                 	SUBI R26,LOW(-@0)
                 	SBCI R27,HIGH(-@0)
                 	LD   R26,X
                 	.ENDM
                 
                 	.MACRO __GETW2SX
                 	MOVW R26,R28
                 	SUBI R26,LOW(-@0)
                 	SBCI R27,HIGH(-@0)
                 	LD   R0,X+
                 	LD   R27,X
                 	MOV  R26,R0
                 	.ENDM
                 
                 	.MACRO __GETD2SX
                 	MOVW R26,R28
                 	SUBI R26,LOW(-@0)
                 	SBCI R27,HIGH(-@0)
                 	LD   R0,X+
                 	LD   R1,X+
                 	LD   R24,X+
                 	LD   R25,X
                 	MOVW R26,R0
                 	.ENDM
                 
                 	.MACRO __GETBRSX
                 	MOVW R30,R28
                 	SUBI R30,LOW(-@1)
                 	SBCI R31,HIGH(-@1)
                 	LD   R@0,Z
                 	.ENDM
                 
                 	.MACRO __GETWRSX
                 	MOVW R30,R28
                 	SUBI R30,LOW(-@2)
                 	SBCI R31,HIGH(-@2)
                 	LD   R@0,Z+
                 	LD   R@1,Z
                 	.ENDM
                 
                 	.MACRO __GETBRSX2
                 	MOVW R26,R28
                 	SUBI R26,LOW(-@1)
                 	SBCI R27,HIGH(-@1)
                 	LD   R@0,X
                 	.ENDM
                 
                 	.MACRO __GETWRSX2
                 	MOVW R26,R28
                 	SUBI R26,LOW(-@2)
                 	SBCI R27,HIGH(-@2)
                 	LD   R@0,X+
                 	LD   R@1,X
                 	.ENDM
                 
                 	.MACRO __LSLW8SX
                 	MOVW R30,R28
                 	SUBI R30,LOW(-@0)
                 	SBCI R31,HIGH(-@0)
                 	LD   R31,Z
                 	CLR  R30
                 	.ENDM
                 
                 	.MACRO __PUTB1SX
                 	MOVW R26,R28
                 	SUBI R26,LOW(-@0)
                 	SBCI R27,HIGH(-@0)
                 	ST   X,R30
                 	.ENDM
                 
                 	.MACRO __PUTW1SX
                 	MOVW R26,R28
                 	SUBI R26,LOW(-@0)
                 	SBCI R27,HIGH(-@0)
                 	ST   X+,R30
                 	ST   X,R31
                 	.ENDM
                 
                 	.MACRO __PUTD1SX
                 	MOVW R26,R28
                 	SUBI R26,LOW(-@0)
                 	SBCI R27,HIGH(-@0)
                 	ST   X+,R30
                 	ST   X+,R31
                 	ST   X+,R22
                 	ST   X,R23
                 	.ENDM
                 
                 	.MACRO __CLRW1SX
                 	MOVW R26,R28
                 	SUBI R26,LOW(-@0)
                 	SBCI R27,HIGH(-@0)
                 	ST   X+,R30
                 	ST   X,R30
                 	.ENDM
                 
                 	.MACRO __CLRD1SX
                 	MOVW R26,R28
                 	SUBI R26,LOW(-@0)
                 	SBCI R27,HIGH(-@0)
                 	ST   X+,R30
                 	ST   X+,R30
                 	ST   X+,R30
                 	ST   X,R30
                 	.ENDM
                 
                 	.MACRO __PUTB2SX
                 	MOVW R30,R28
                 	SUBI R30,LOW(-@0)
                 	SBCI R31,HIGH(-@0)
                 	ST   Z,R26
                 	.ENDM
                 
                 	.MACRO __PUTW2SX
                 	MOVW R30,R28
                 	SUBI R30,LOW(-@0)
                 	SBCI R31,HIGH(-@0)
                 	ST   Z+,R26
                 	ST   Z,R27
                 	.ENDM
                 
                 	.MACRO __PUTD2SX
                 	MOVW R30,R28
                 	SUBI R30,LOW(-@0)
                 	SBCI R31,HIGH(-@0)
                 	ST   Z+,R26
                 	ST   Z+,R27
                 	ST   Z+,R24
                 	ST   Z,R25
                 	.ENDM
                 
                 	.MACRO __PUTBSRX
                 	MOVW R30,R28
                 	SUBI R30,LOW(-@1)
                 	SBCI R31,HIGH(-@1)
                 	ST   Z,R@0
                 	.ENDM
                 
                 	.MACRO __PUTWSRX
                 	MOVW R30,R28
                 	SUBI R30,LOW(-@2)
                 	SBCI R31,HIGH(-@2)
                 	ST   Z+,R@0
                 	ST   Z,R@1
                 	.ENDM
                 
                 	.MACRO __PUTB1SNX
                 	MOVW R26,R28
                 	SUBI R26,LOW(-@0)
                 	SBCI R27,HIGH(-@0)
                 	LD   R0,X+
                 	LD   R27,X
                 	MOV  R26,R0
                 	SUBI R26,LOW(-@1)
                 	SBCI R27,HIGH(-@1)
                 	ST   X,R30
                 	.ENDM
                 
                 	.MACRO __PUTW1SNX
                 	MOVW R26,R28
                 	SUBI R26,LOW(-@0)
                 	SBCI R27,HIGH(-@0)
                 	LD   R0,X+
                 	LD   R27,X
                 	MOV  R26,R0
                 	SUBI R26,LOW(-@1)
                 	SBCI R27,HIGH(-@1)
                 	ST   X+,R30
                 	ST   X,R31
                 	.ENDM
                 
                 	.MACRO __PUTD1SNX
                 	MOVW R26,R28
                 	SUBI R26,LOW(-@0)
                 	SBCI R27,HIGH(-@0)
                 	LD   R0,X+
                 	LD   R27,X
                 	MOV  R26,R0
                 	SUBI R26,LOW(-@1)
                 	SBCI R27,HIGH(-@1)
                 	ST   X+,R30
                 	ST   X+,R31
                 	ST   X+,R22
                 	ST   X,R23
                 	.ENDM
                 
                 	.MACRO __MULBRR
                 	MULS R@0,R@1
                 	MOVW R30,R0
                 	.ENDM
                 
                 	.MACRO __MULBRRU
                 	MUL  R@0,R@1
                 	MOVW R30,R0
                 	.ENDM
                 
                 	.MACRO __MULBRR0
                 	MULS R@0,R@1
                 	.ENDM
                 
                 	.MACRO __MULBRRU0
                 	MUL  R@0,R@1
                 	.ENDM
                 
                 	.MACRO __MULBNWRU
                 	LDI  R26,@2
                 	MUL  R26,R@0
                 	MOVW R30,R0
                 	MUL  R26,R@1
                 	ADD  R31,R0
                 	.ENDM
                 
                 ;NAME DEFINITIONS FOR GLOBAL VARIABLES ALLOCATED TO REGISTERS
                 	.DEF __lcd_x=R5
                 	.DEF __lcd_y=R4
                 	.DEF __lcd_maxx=R7
                 
                 	.CSEG
                 	.ORG 0x00
                 
                 ;START OF CODE MARKER
                 __START_OF_CODE:
                 
                 ;INTERRUPT VECTORS
000000 940c 004c 	JMP  __RESET
000002 940c 0000 	JMP  0x00
000004 940c 0000 	JMP  0x00
000006 940c 0000 	JMP  0x00
000008 940c 0000 	JMP  0x00
00000a 940c 0000 	JMP  0x00
00000c 940c 0000 	JMP  0x00
00000e 940c 0000 	JMP  0x00
000010 940c 0000 	JMP  0x00
000012 940c 0000 	JMP  0x00
000014 940c 0000 	JMP  0x00
000016 940c 0000 	JMP  0x00
000018 940c 0000 	JMP  0x00
00001a 940c 0000 	JMP  0x00
00001c 940c 0000 	JMP  0x00
00001e 940c 0000 	JMP  0x00
000020 940c 0000 	JMP  0x00
000022 940c 0000 	JMP  0x00
000024 940c 0000 	JMP  0x00
000026 940c 0000 	JMP  0x00
000028 940c 0000 	JMP  0x00
                 
                 _tbl10_G100:
00002a 2710
00002b 03e8
00002c 0064
00002d 000a      	.DB  0x10,0x27,0xE8,0x3,0x64,0x0,0xA,0x0
00002e 0001      	.DB  0x1,0x0
                 _tbl16_G100:
00002f 1000
000030 0100
000031 0010
000032 0001      	.DB  0x0,0x10,0x0,0x1,0x10,0x0,0x1,0x0
                 
                 _0x0:
000033 4d4c
000034 3533
000035 5320
000036 6e65      	.DB  0x4C,0x4D,0x33,0x35,0x20,0x53,0x65,0x6E
000037 6f73
000038 0072
000039 6554
00003a 706d      	.DB  0x73,0x6F,0x72,0x0,0x54,0x65,0x6D,0x70
00003b 003a
00003c 4327
D:\AZ_Rezpar\HW7\Debug\List\HW7.asm(1130): warning: .cseg .db misalignment - padding zero byte
00003d 0000      	.DB  0x3A,0x0,0x27,0x43,0x0
                 _0x2020003:
00003e c080      	.DB  0x80,0xC0
                 
                 __GLOBAL_INI_TBL:
00003f 000c      	.DW  0x0C
000040 0260      	.DW  _0x9
000041 0066      	.DW  _0x0*2
                 
000042 0006      	.DW  0x06
000043 026c      	.DW  _0x9+12
000044 0072      	.DW  _0x0*2+12
                 
000045 0003      	.DW  0x03
000046 0272      	.DW  _0x9+18
000047 0078      	.DW  _0x0*2+18
                 
000048 0002      	.DW  0x02
000049 0275      	.DW  __base_y_G101
00004a 007c      	.DW  _0x2020003*2
                 
                 _0xFFFFFFFF:
00004b 0000      	.DW  0
                 
                 #define __GLOBAL_INI_TBL_PRESENT 1
                 
                 __RESET:
00004c 94f8      	CLI
00004d 27ee      	CLR  R30
00004e bbec      	OUT  EECR,R30
                 
                 ;INTERRUPT VECTORS ARE PLACED
                 ;AT THE START OF FLASH
00004f e0f1      	LDI  R31,1
000050 bffb      	OUT  GICR,R31
000051 bfeb      	OUT  GICR,R30
000052 bfe5      	OUT  MCUCR,R30
                 
                 ;CLEAR R2-R14
000053 e08d      	LDI  R24,(14-2)+1
000054 e0a2      	LDI  R26,2
000055 27bb      	CLR  R27
                 __CLEAR_REG:
000056 93ed      	ST   X+,R30
000057 958a      	DEC  R24
000058 f7e9      	BRNE __CLEAR_REG
                 
                 ;CLEAR SRAM
000059 e080      	LDI  R24,LOW(__CLEAR_SRAM_SIZE)
00005a e098      	LDI  R25,HIGH(__CLEAR_SRAM_SIZE)
00005b e6a0      	LDI  R26,__SRAM_START
                 __CLEAR_SRAM:
00005c 93ed      	ST   X+,R30
00005d 9701      	SBIW R24,1
00005e f7e9      	BRNE __CLEAR_SRAM
                 
                 ;GLOBAL VARIABLES INITIALIZATION
00005f e7ee      	LDI  R30,LOW(__GLOBAL_INI_TBL*2)
000060 e0f0      	LDI  R31,HIGH(__GLOBAL_INI_TBL*2)
                 __GLOBAL_INI_NEXT:
000061 9185      	LPM  R24,Z+
000062 9195      	LPM  R25,Z+
000063 9700      	SBIW R24,0
000064 f061      	BREQ __GLOBAL_INI_END
000065 91a5      	LPM  R26,Z+
000066 91b5      	LPM  R27,Z+
000067 9005      	LPM  R0,Z+
000068 9015      	LPM  R1,Z+
000069 01bf      	MOVW R22,R30
00006a 01f0      	MOVW R30,R0
                 __GLOBAL_INI_LOOP:
00006b 9005      	LPM  R0,Z+
00006c 920d      	ST   X+,R0
00006d 9701      	SBIW R24,1
00006e f7e1      	BRNE __GLOBAL_INI_LOOP
00006f 01fb      	MOVW R30,R22
000070 cff0      	RJMP __GLOBAL_INI_NEXT
                 __GLOBAL_INI_END:
                 
                 ;HARDWARE STACK POINTER INITIALIZATION
000071 e5ef      	LDI  R30,LOW(__SRAM_END-__HEAP_SIZE)
000072 bfed      	OUT  SPL,R30
000073 e0e8      	LDI  R30,HIGH(__SRAM_END-__HEAP_SIZE)
000074 bfee      	OUT  SPH,R30
                 
                 ;DATA STACK POINTER INITIALIZATION
000075 e6c0      	LDI  R28,LOW(__SRAM_START+__DSTACK_SIZE)
000076 e0d2      	LDI  R29,HIGH(__SRAM_START+__DSTACK_SIZE)
                 
000077 940c 00e5 	JMP  _main
                 
                 	.ESEG
                 	.ORG 0
                 
                 	.DSEG
                 	.ORG 0x260
                 
                 	.CSEG
                 ;/*******************************************************
                 ;This program was created by the
                 ;CodeWizardAVR V3.12 Advanced
                 ;Automatic Program Generator
                 ;© Copyright 1998-2014 Pavel Haiduc, HP InfoTech s.r.l.
                 ;http://www.hpinfotech.com
                 ;
                 ;Project : HW7
                 ;Version : 1.0
                 ;Date    : 4/15/2024
                 ;Author  : Pooria Rahimi
                 ;Company : IUST
                 ;Comments:
                 ;Nothing
                 ;
                 ;
                 ;Chip type               : ATmega32
                 ;Program type            : Application
                 ;AVR Core Clock frequency: 8.000000 MHz
                 ;Memory model            : Small
                 ;External RAM size       : 0
                 ;Data Stack size         : 512
                 ;*******************************************************/
                 ;#include <mega32.h>
                 	#ifndef __SLEEP_DEFINED__
                 	#define __SLEEP_DEFINED__
                 	.EQU __se_bit=0x80
                 	.EQU __sm_mask=0x70
                 	.EQU __sm_powerdown=0x20
                 	.EQU __sm_powersave=0x30
                 	.EQU __sm_standby=0x60
                 	.EQU __sm_ext_standby=0x70
                 	.EQU __sm_adc_noise_red=0x10
                 	.SET power_ctrl_reg=mcucr
                 	#endif
                 ;#include <stdio.h>
                 ;#include <delay.h>
                 ;#include <limits.h>
                 ;
                 ;// Alphanumeric LCD functions
                 ;#include <alcd.h>
                 ;
                 ;static char *itoa_simple_helper(char *dest, int i) {
                 ; 0000 0020 static char *itoa_simple_helper(char *dest, int i) {
                 
                 	.CSEG
                 _itoa_simple_helper_G000:
                 ; .FSTART _itoa_simple_helper_G000
                 ; 0000 0021   if (i <= -10) {
000079 93ba      	ST   -Y,R27
00007a 93aa      	ST   -Y,R26
                 ;	*dest -> Y+2
                 ;	i -> Y+0
00007b 81a8      	LD   R26,Y
00007c 81b9      	LDD  R27,Y+1
00007d efe6      	LDI  R30,LOW(65526)
00007e efff      	LDI  R31,HIGH(65526)
00007f 17ea      	CP   R30,R26
000080 07fb      	CPC  R31,R27
000081 f074      	BRLT _0x3
                 ; 0000 0022     dest = itoa_simple_helper(dest, i/10);
000082 81ea      	LDD  R30,Y+2
000083 81fb      	LDD  R31,Y+2+1
000084 93fa      	ST   -Y,R31
000085 93ea      	ST   -Y,R30
000086 81aa      	LDD  R26,Y+2
000087 81bb      	LDD  R27,Y+2+1
000088 e0ea      	LDI  R30,LOW(10)
000089 e0f0      	LDI  R31,HIGH(10)
00008a 940e 0325 	CALL __DIVW21
00008c 01df      	MOVW R26,R30
00008d dfeb      	RCALL _itoa_simple_helper_G000
00008e 83ea      	STD  Y+2,R30
00008f 83fb      	STD  Y+2+1,R31
                 ; 0000 0023   }
                 ; 0000 0024   *dest++ = '0' - i%10;
                 _0x3:
000090 81ea      	LDD  R30,Y+2
000091 81fb      	LDD  R31,Y+2+1
000092 9631      	ADIW R30,1
000093 83ea      	STD  Y+2,R30
000094 83fb      	STD  Y+2+1,R31
000095 9731      	SBIW R30,1
000096 01bf      	MOVW R22,R30
000097 81a8      	LD   R26,Y
000098 81b9      	LDD  R27,Y+1
000099 e0ea      	LDI  R30,LOW(10)
00009a e0f0      	LDI  R31,HIGH(10)
00009b 940e 032a 	CALL __MODW21
00009d e3a0      	LDI  R26,LOW(48)
00009e 940e 0350 	CALL __SWAPB12
0000a0 1bea      	SUB  R30,R26
0000a1 01db      	MOVW R26,R22
0000a2 93ec      	ST   X,R30
                 ; 0000 0025   return dest;
0000a3 81ea      	LDD  R30,Y+2
0000a4 81fb      	LDD  R31,Y+2+1
0000a5 9624      	ADIW R28,4
0000a6 9508      	RET
                 ; 0000 0026 }
                 ; .FEND
                 ;
                 ;char *itoa_simple(char *dest, int i) {
                 ; 0000 0028 char *itoa_simple(char *dest, int i) {
                 _itoa_simple:
                 ; .FSTART _itoa_simple
                 ; 0000 0029   char *s = dest;
                 ; 0000 002A   if (i < 0) {
0000a7 93ba      	ST   -Y,R27
0000a8 93aa      	ST   -Y,R26
0000a9 931a      	ST   -Y,R17
0000aa 930a      	ST   -Y,R16
                 ;	*dest -> Y+4
                 ;	i -> Y+2
                 ;	*s -> R16,R17
                +
0000ab 810c     +LDD R16 , Y + 4
0000ac 811d     +LDD R17 , Y + 4 + 1
                 	__GETWRS 16,17,4
0000ad 81ab      	LDD  R26,Y+3
0000ae 23aa      	TST  R26
0000af f432      	BRPL _0x4
                 ; 0000 002B     *s++ = '-';
0000b0 01d8      	MOVW R26,R16
                +
0000b1 5f0f     +SUBI R16 , LOW ( - 1 )
0000b2 4f1f     +SBCI R17 , HIGH ( - 1 )
                 	__ADDWRN 16,17,1
0000b3 e2ed      	LDI  R30,LOW(45)
0000b4 93ec      	ST   X,R30
                 ; 0000 002C   } else {
0000b5 c006      	RJMP _0x5
                 _0x4:
                 ; 0000 002D     i = -i;
0000b6 81ea      	LDD  R30,Y+2
0000b7 81fb      	LDD  R31,Y+2+1
0000b8 940e 0301 	CALL __ANEGW1
0000ba 83ea      	STD  Y+2,R30
0000bb 83fb      	STD  Y+2+1,R31
                 ; 0000 002E   }
                 _0x5:
                 ; 0000 002F   *itoa_simple_helper(s, i) = '\0';
0000bc 931a      	ST   -Y,R17
0000bd 930a      	ST   -Y,R16
0000be 81ac      	LDD  R26,Y+4
0000bf 81bd      	LDD  R27,Y+4+1
0000c0 dfb8      	RCALL _itoa_simple_helper_G000
0000c1 e0a0      	LDI  R26,LOW(0)
0000c2 83a0      	STD  Z+0,R26
                 ; 0000 0030   return dest;
0000c3 81ec      	LDD  R30,Y+4
0000c4 81fd      	LDD  R31,Y+4+1
0000c5 8119      	LDD  R17,Y+1
0000c6 8108      	LDD  R16,Y+0
0000c7 9626      	ADIW R28,6
0000c8 9508      	RET
                 ; 0000 0031 }
                 ; .FEND
                 ;
                 ;void ADC_Init(){
                 ; 0000 0033 void ADC_Init(){
                 _ADC_Init:
                 ; .FSTART _ADC_Init
                 ; 0000 0034     DDRA = 0x00;
0000c9 e0e0      	LDI  R30,LOW(0)
0000ca bbea      	OUT  0x1A,R30
                 ; 0000 0035     ADCSRA = 0x87;
0000cb e8e7      	LDI  R30,LOW(135)
0000cc b9e6      	OUT  0x6,R30
                 ; 0000 0036     ADMUX = 0x40;
0000cd e4e0      	LDI  R30,LOW(64)
0000ce b9e7      	OUT  0x7,R30
                 ; 0000 0037 }
0000cf 9508      	RET
                 ; .FEND
                 ;
                 ;int ADC_Read(char channel)
                 ; 0000 003A {
                 _ADC_Read:
                 ; .FSTART _ADC_Read
                 ; 0000 003B     ADMUX = 0x40 | (channel & 0x07);
0000d0 93aa      	ST   -Y,R26
                 ;	channel -> Y+0
0000d1 81e8      	LD   R30,Y
0000d2 70e7      	ANDI R30,LOW(0x7)
0000d3 64e0      	ORI  R30,0x40
0000d4 b9e7      	OUT  0x7,R30
                 ; 0000 003C     ADCSRA |= (1<<ADSC);
0000d5 9a36      	SBI  0x6,6
                 ; 0000 003D     while (!(ADCSRA & (1<<ADIF)));
                 _0x6:
0000d6 9b34      	SBIS 0x6,4
0000d7 cffe      	RJMP _0x6
                 ; 0000 003E     ADCSRA |= (1<<ADIF);
0000d8 9a34      	SBI  0x6,4
                 ; 0000 003F     delay_ms(1);
0000d9 e0a1      	LDI  R26,LOW(1)
0000da e0b0      	LDI  R27,0
0000db 940e 01d0 	CALL _delay_ms
                 ; 0000 0040     delay_ms(1);
0000dd e0a1      	LDI  R26,LOW(1)
0000de e0b0      	LDI  R27,0
0000df 940e 01d0 	CALL _delay_ms
                 ; 0000 0041     return ADCW;
0000e1 b1e4      	IN   R30,0x4
0000e2 b1f5      	IN   R31,0x4+1
0000e3 940c 01bc 	JMP  _0x2080001
                 ; 0000 0042 }
                 ; .FEND
                 ;
                 ;
                 ;void main()
                 ; 0000 0046 {
                 _main:
                 ; .FSTART _main
                 ; 0000 0047     char Temperature[3];
                 ; 0000 0048     float celsius;
                 ; 0000 0049 
                 ; 0000 004A     lcd_init(16);
0000e5 9727      	SBIW R28,7
                 ;	Temperature -> Y+4
                 ;	celsius -> Y+0
0000e6 e1a0      	LDI  R26,LOW(16)
0000e7 940e 0190 	CALL _lcd_init
                 ; 0000 004B     ADC_Init();
0000e9 dfdf      	RCALL _ADC_Init
                 ; 0000 004C     lcd_gotoxy(3,0);
0000ea e0e3      	LDI  R30,LOW(3)
0000eb 93ea      	ST   -Y,R30
0000ec e0a0      	LDI  R26,LOW(0)
0000ed 940e 0151 	CALL _lcd_gotoxy
                 ; 0000 004D     lcd_puts("LM35 Sensor");
                +
0000ef e6a0     +LDI R26 , LOW ( _0x9 + ( 0 ) )
0000f0 e0b2     +LDI R27 , HIGH ( _0x9 + ( 0 ) )
                 	__POINTW2MN _0x9,0
0000f1 940e 017f 	CALL _lcd_puts
                 ; 0000 004E     lcd_gotoxy(3,1);
0000f3 e0e3      	LDI  R30,LOW(3)
0000f4 940e 01be 	CALL SUBOPT_0x0
                 ; 0000 004F     lcd_puts("Temp:");
                +
0000f6 e6ac     +LDI R26 , LOW ( _0x9 + ( 12 ) )
0000f7 e0b2     +LDI R27 , HIGH ( _0x9 + ( 12 ) )
                 	__POINTW2MN _0x9,12
0000f8 940e 017f 	CALL _lcd_puts
                 ; 0000 0050     lcd_gotoxy(12,1);
0000fa e0ec      	LDI  R30,LOW(12)
0000fb 940e 01be 	CALL SUBOPT_0x0
                 ; 0000 0051     lcd_puts("'C");
                +
0000fd e7a2     +LDI R26 , LOW ( _0x9 + ( 18 ) )
0000fe e0b2     +LDI R27 , HIGH ( _0x9 + ( 18 ) )
                 	__POINTW2MN _0x9,18
0000ff 940e 017f 	CALL _lcd_puts
                 ; 0000 0052 
                 ; 0000 0053     while(1)
                 _0xA:
                 ; 0000 0054     {
                 ; 0000 0055        celsius = (ADC_Read(0)*4.88);
000101 e0a0      	LDI  R26,LOW(0)
000102 dfcd      	RCALL _ADC_Read
000103 940e 030d 	CALL __CWD1
000105 940e 0240 	CALL __CDF1
                +
000107 efa6     +LDI R26 , LOW ( 0x409C28F6 )
000108 e2b8     +LDI R27 , HIGH ( 0x409C28F6 )
000109 e98c     +LDI R24 , BYTE3 ( 0x409C28F6 )
00010a e490     +LDI R25 , BYTE4 ( 0x409C28F6 )
                 	__GETD2N 0x409C28F6
00010b 940e 026e 	CALL __MULF12
00010d 940e 034b 	CALL __PUTD1S0
                 ; 0000 0056        celsius = (celsius/10.00);
00010f 940e 0346 	CALL __GETD2S0
                +
000111 e0e0     +LDI R30 , LOW ( 0x41200000 )
000112 e0f0     +LDI R31 , HIGH ( 0x41200000 )
000113 e260     +LDI R22 , BYTE3 ( 0x41200000 )
000114 e471     +LDI R23 , BYTE4 ( 0x41200000 )
                 	__GETD1N 0x41200000
000115 940e 02bc 	CALL __DIVF21
000117 940e 034b 	CALL __PUTD1S0
                 ; 0000 0057        lcd_gotoxy(9,1);
000119 e0e9      	LDI  R30,LOW(9)
00011a 940e 01be 	CALL SUBOPT_0x0
                 ; 0000 0058        lcd_puts(itoa_simple(Temperature, celsius));
00011c 01fe      	MOVW R30,R28
00011d 9634      	ADIW R30,4
00011e 93fa      	ST   -Y,R31
00011f 93ea      	ST   -Y,R30
                +
000120 81ea     +LDD R30 , Y + 2
000121 81fb     +LDD R31 , Y + 2 + 1
000122 816c     +LDD R22 , Y + 2 + 2
000123 817d     +LDD R23 , Y + 2 + 3
                 	__GETD1S 2
000124 940e 0209 	CALL __CFD1
000126 01df      	MOVW R26,R30
000127 df7f      	RCALL _itoa_simple
000128 01df      	MOVW R26,R30
000129 940e 017f 	CALL _lcd_puts
                 ; 0000 0059        delay_ms(1000);
00012b eea8      	LDI  R26,LOW(1000)
00012c e0b3      	LDI  R27,HIGH(1000)
00012d 940e 01d0 	CALL _delay_ms
                 ; 0000 005A     }
00012f cfd1      	RJMP _0xA
                 ; 0000 005B }
                 _0xD:
000130 cfff      	RJMP _0xD
                 ; .FEND
                 
                 	.DSEG
                 _0x9:
000260           	.BYTE 0x15
                 	#ifndef __SLEEP_DEFINED__
                 	#endif
                 
                 	.CSEG
                 	#ifndef __SLEEP_DEFINED__
                 	#endif
                 
                 	.DSEG
                 
                 	.CSEG
                 __lcd_write_nibble_G101:
                 ; .FSTART __lcd_write_nibble_G101
000131 93aa      	ST   -Y,R26
000132 b3e5      	IN   R30,0x15
000133 70ef      	ANDI R30,LOW(0xF)
000134 2fae      	MOV  R26,R30
000135 81e8      	LD   R30,Y
000136 7fe0      	ANDI R30,LOW(0xF0)
000137 2bea      	OR   R30,R26
000138 bbe5      	OUT  0x15,R30
                +
000139 e08d     +LDI R24 , LOW ( 13 )
                +__DELAY_USB_LOOP :
00013a 958a     +DEC R24
00013b f7f1     +BRNE __DELAY_USB_LOOP
                 	__DELAY_USB 13
00013c 9aaa      	SBI  0x15,2
                +
00013d e08d     +LDI R24 , LOW ( 13 )
                +__DELAY_USB_LOOP :
00013e 958a     +DEC R24
00013f f7f1     +BRNE __DELAY_USB_LOOP
                 	__DELAY_USB 13
000140 98aa      	CBI  0x15,2
                +
000141 e08d     +LDI R24 , LOW ( 13 )
                +__DELAY_USB_LOOP :
000142 958a     +DEC R24
000143 f7f1     +BRNE __DELAY_USB_LOOP
                 	__DELAY_USB 13
000144 c077      	RJMP _0x2080001
                 ; .FEND
                 __lcd_write_data:
                 ; .FSTART __lcd_write_data
000145 93aa      	ST   -Y,R26
000146 81a8      	LD   R26,Y
000147 dfe9      	RCALL __lcd_write_nibble_G101
000148 81e8          ld    r30,y
000149 95e2          swap  r30
00014a 83e8          st    y,r30
00014b 81a8      	LD   R26,Y
00014c dfe4      	RCALL __lcd_write_nibble_G101
                +
00014d e885     +LDI R24 , LOW ( 133 )
                +__DELAY_USB_LOOP :
00014e 958a     +DEC R24
00014f f7f1     +BRNE __DELAY_USB_LOOP
                 	__DELAY_USB 133
000150 c06b      	RJMP _0x2080001
                 ; .FEND
                 _lcd_gotoxy:
                 ; .FSTART _lcd_gotoxy
000151 93aa      	ST   -Y,R26
000152 81e8      	LD   R30,Y
000153 e0f0      	LDI  R31,0
000154 58eb      	SUBI R30,LOW(-__base_y_G101)
000155 4ffd      	SBCI R31,HIGH(-__base_y_G101)
000156 81e0      	LD   R30,Z
000157 81a9      	LDD  R26,Y+1
000158 0fae      	ADD  R26,R30
000159 dfeb      	RCALL __lcd_write_data
00015a 8059      	LDD  R5,Y+1
00015b 8048      	LDD  R4,Y+0
00015c 9622      	ADIW R28,2
00015d 9508      	RET
                 ; .FEND
                 _lcd_clear:
                 ; .FSTART _lcd_clear
00015e e0a2      	LDI  R26,LOW(2)
00015f 940e 01c2 	CALL SUBOPT_0x1
000161 e0ac      	LDI  R26,LOW(12)
000162 dfe2      	RCALL __lcd_write_data
000163 e0a1      	LDI  R26,LOW(1)
000164 940e 01c2 	CALL SUBOPT_0x1
000166 e0e0      	LDI  R30,LOW(0)
000167 2e4e      	MOV  R4,R30
000168 2e5e      	MOV  R5,R30
000169 9508      	RET
                 ; .FEND
                 _lcd_putchar:
                 ; .FSTART _lcd_putchar
00016a 93aa      	ST   -Y,R26
00016b 81a8      	LD   R26,Y
00016c 30aa      	CPI  R26,LOW(0xA)
00016d f011      	BREQ _0x2020005
00016e 1457      	CP   R5,R7
00016f f048      	BRLO _0x2020004
                 _0x2020005:
000170 e0e0      	LDI  R30,LOW(0)
000171 93ea      	ST   -Y,R30
000172 9443      	INC  R4
000173 2da4      	MOV  R26,R4
000174 dfdc      	RCALL _lcd_gotoxy
000175 81a8      	LD   R26,Y
000176 30aa      	CPI  R26,LOW(0xA)
000177 f409      	BRNE _0x2020007
000178 c043      	RJMP _0x2080001
                 _0x2020007:
                 _0x2020004:
000179 9453      	INC  R5
00017a 9aa8      	SBI  0x15,0
00017b 81a8      	LD   R26,Y
00017c dfc8      	RCALL __lcd_write_data
00017d 98a8      	CBI  0x15,0
00017e c03d      	RJMP _0x2080001
                 ; .FEND
                 _lcd_puts:
                 ; .FSTART _lcd_puts
00017f 93ba      	ST   -Y,R27
000180 93aa      	ST   -Y,R26
000181 931a      	ST   -Y,R17
                 _0x2020008:
000182 81a9      	LDD  R26,Y+1
000183 81ba      	LDD  R27,Y+1+1
000184 91ed      	LD   R30,X+
000185 83a9      	STD  Y+1,R26
000186 83ba      	STD  Y+1+1,R27
000187 2f1e      	MOV  R17,R30
000188 30e0      	CPI  R30,0
000189 f019      	BREQ _0x202000A
00018a 2fa1      	MOV  R26,R17
00018b dfde      	RCALL _lcd_putchar
00018c cff5      	RJMP _0x2020008
                 _0x202000A:
00018d 8118      	LDD  R17,Y+0
00018e 9623      	ADIW R28,3
00018f 9508      	RET
                 ; .FEND
                 _lcd_init:
                 ; .FSTART _lcd_init
000190 93aa      	ST   -Y,R26
000191 b3e4      	IN   R30,0x14
000192 6fe0      	ORI  R30,LOW(0xF0)
000193 bbe4      	OUT  0x14,R30
000194 9aa2      	SBI  0x14,2
000195 9aa0      	SBI  0x14,0
000196 9aa1      	SBI  0x14,1
000197 98aa      	CBI  0x15,2
000198 98a8      	CBI  0x15,0
000199 98a9      	CBI  0x15,1
00019a 8078      	LDD  R7,Y+0
00019b 81e8      	LD   R30,Y
00019c 58e0      	SUBI R30,-LOW(128)
                +
00019d 93e0 0277+STS __base_y_G101 + ( 2 ) , R30
                 	__PUTB1MN __base_y_G101,2
00019f 81e8      	LD   R30,Y
0001a0 54e0      	SUBI R30,-LOW(192)
                +
0001a1 93e0 0278+STS __base_y_G101 + ( 3 ) , R30
                 	__PUTB1MN __base_y_G101,3
0001a3 e1a4      	LDI  R26,LOW(20)
0001a4 e0b0      	LDI  R27,0
0001a5 940e 01d0 	CALL _delay_ms
0001a7 940e 01c8 	CALL SUBOPT_0x2
0001a9 940e 01c8 	CALL SUBOPT_0x2
0001ab 940e 01c8 	CALL SUBOPT_0x2
0001ad e2a0      	LDI  R26,LOW(32)
0001ae df82      	RCALL __lcd_write_nibble_G101
                +
0001af ec88     +LDI R24 , LOW ( 200 )
0001b0 e090     +LDI R25 , HIGH ( 200 )
                +__DELAY_USW_LOOP :
0001b1 9701     +SBIW R24 , 1
0001b2 f7f1     +BRNE __DELAY_USW_LOOP
                 	__DELAY_USW 200
0001b3 e2a8      	LDI  R26,LOW(40)
0001b4 df90      	RCALL __lcd_write_data
0001b5 e0a4      	LDI  R26,LOW(4)
0001b6 df8e      	RCALL __lcd_write_data
0001b7 e8a5      	LDI  R26,LOW(133)
0001b8 df8c      	RCALL __lcd_write_data
0001b9 e0a6      	LDI  R26,LOW(6)
0001ba df8a      	RCALL __lcd_write_data
0001bb dfa2      	RCALL _lcd_clear
                 _0x2080001:
0001bc 9621      	ADIW R28,1
0001bd 9508      	RET
                 ; .FEND
                 
                 	.CSEG
                 
                 	.CSEG
                 
                 	.DSEG
                 __base_y_G101:
000275           	.BYTE 0x4
                 
                 	.CSEG
                 ;OPTIMIZER ADDED SUBROUTINE, CALLED 3 TIMES, CODE SIZE REDUCTION:1 WORDS
                 SUBOPT_0x0:
0001be 93ea      	ST   -Y,R30
0001bf e0a1      	LDI  R26,LOW(1)
0001c0 940c 0151 	JMP  _lcd_gotoxy
                 
                 ;OPTIMIZER ADDED SUBROUTINE, CALLED 2 TIMES, CODE SIZE REDUCTION:1 WORDS
                 SUBOPT_0x1:
0001c2 940e 0145 	CALL __lcd_write_data
0001c4 e0a3      	LDI  R26,LOW(3)
0001c5 e0b0      	LDI  R27,0
0001c6 940c 01d0 	JMP  _delay_ms
                 
                 ;OPTIMIZER ADDED SUBROUTINE, CALLED 3 TIMES, CODE SIZE REDUCTION:7 WORDS
                 SUBOPT_0x2:
0001c8 e3a0      	LDI  R26,LOW(48)
0001c9 940e 0131 	CALL __lcd_write_nibble_G101
                +
0001cb ec88     +LDI R24 , LOW ( 200 )
0001cc e090     +LDI R25 , HIGH ( 200 )
                +__DELAY_USW_LOOP :
0001cd 9701     +SBIW R24 , 1
0001ce f7f1     +BRNE __DELAY_USW_LOOP
                 	__DELAY_USW 200
0001cf 9508      	RET
                 
                 
                 	.CSEG
                 _delay_ms:
0001d0 9610      	adiw r26,0
0001d1 f039      	breq __delay_ms1
                 __delay_ms0:
                +
0001d2 ed80     +LDI R24 , LOW ( 0x7D0 )
0001d3 e097     +LDI R25 , HIGH ( 0x7D0 )
                +__DELAY_USW_LOOP :
0001d4 9701     +SBIW R24 , 1
0001d5 f7f1     +BRNE __DELAY_USW_LOOP
                 	__DELAY_USW 0x7D0
0001d6 95a8      	wdr
0001d7 9711      	sbiw r26,1
0001d8 f7c9      	brne __delay_ms0
                 __delay_ms1:
0001d9 9508      	ret
                 
                 __ROUND_REPACK:
0001da 2355      	TST  R21
0001db f442      	BRPL __REPACK
0001dc 3850      	CPI  R21,0x80
0001dd f411      	BRNE __ROUND_REPACK0
0001de ffe0      	SBRS R30,0
0001df c004      	RJMP __REPACK
                 __ROUND_REPACK0:
0001e0 9631      	ADIW R30,1
0001e1 1f69      	ADC  R22,R25
0001e2 1f79      	ADC  R23,R25
0001e3 f06b      	BRVS __REPACK1
                 
                 __REPACK:
0001e4 e850      	LDI  R21,0x80
0001e5 2757      	EOR  R21,R23
0001e6 f411      	BRNE __REPACK0
0001e7 935f      	PUSH R21
0001e8 c073      	RJMP __ZERORES
                 __REPACK0:
0001e9 3f5f      	CPI  R21,0xFF
0001ea f031      	BREQ __REPACK1
0001eb 0f66      	LSL  R22
0001ec 0c00      	LSL  R0
0001ed 9557      	ROR  R21
0001ee 9567      	ROR  R22
0001ef 2f75      	MOV  R23,R21
0001f0 9508      	RET
                 __REPACK1:
0001f1 935f      	PUSH R21
0001f2 2000      	TST  R0
0001f3 f00a      	BRMI __REPACK2
0001f4 c073      	RJMP __MAXRES
                 __REPACK2:
0001f5 c06c      	RJMP __MINRES
                 
                 __UNPACK:
0001f6 e850      	LDI  R21,0x80
0001f7 2e19      	MOV  R1,R25
0001f8 2215      	AND  R1,R21
0001f9 0f88      	LSL  R24
0001fa 1f99      	ROL  R25
0001fb 2795      	EOR  R25,R21
0001fc 0f55      	LSL  R21
0001fd 9587      	ROR  R24
                 
                 __UNPACK1:
0001fe e850      	LDI  R21,0x80
0001ff 2e07      	MOV  R0,R23
000200 2205      	AND  R0,R21
000201 0f66      	LSL  R22
000202 1f77      	ROL  R23
000203 2775      	EOR  R23,R21
000204 0f55      	LSL  R21
000205 9567      	ROR  R22
000206 9508      	RET
                 
                 __CFD1U:
000207 9468      	SET
000208 c001      	RJMP __CFD1U0
                 __CFD1:
000209 94e8      	CLT
                 __CFD1U0:
00020a 935f      	PUSH R21
00020b dff2      	RCALL __UNPACK1
00020c 3870      	CPI  R23,0x80
00020d f018      	BRLO __CFD10
00020e 3f7f      	CPI  R23,0xFF
00020f f408      	BRCC __CFD10
000210 c04b      	RJMP __ZERORES
                 __CFD10:
000211 e156      	LDI  R21,22
000212 1b57      	SUB  R21,R23
000213 f4aa      	BRPL __CFD11
000214 9551      	NEG  R21
000215 3058      	CPI  R21,8
000216 f40e      	BRTC __CFD19
000217 3059      	CPI  R21,9
                 __CFD19:
000218 f030      	BRLO __CFD17
000219 efef      	SER  R30
00021a efff      	SER  R31
00021b ef6f      	SER  R22
00021c e77f      	LDI  R23,0x7F
00021d f977      	BLD  R23,7
00021e c01a      	RJMP __CFD15
                 __CFD17:
00021f 2777      	CLR  R23
000220 2355      	TST  R21
000221 f0b9      	BREQ __CFD15
                 __CFD18:
000222 0fee      	LSL  R30
000223 1fff      	ROL  R31
000224 1f66      	ROL  R22
000225 1f77      	ROL  R23
000226 955a      	DEC  R21
000227 f7d1      	BRNE __CFD18
000228 c010      	RJMP __CFD15
                 __CFD11:
000229 2777      	CLR  R23
                 __CFD12:
00022a 3058      	CPI  R21,8
00022b f028      	BRLO __CFD13
00022c 2fef      	MOV  R30,R31
00022d 2ff6      	MOV  R31,R22
00022e 2f67      	MOV  R22,R23
00022f 5058      	SUBI R21,8
000230 cff9      	RJMP __CFD12
                 __CFD13:
000231 2355      	TST  R21
000232 f031      	BREQ __CFD15
                 __CFD14:
000233 9576      	LSR  R23
000234 9567      	ROR  R22
000235 95f7      	ROR  R31
000236 95e7      	ROR  R30
000237 955a      	DEC  R21
000238 f7d1      	BRNE __CFD14
                 __CFD15:
000239 2000      	TST  R0
00023a f40a      	BRPL __CFD16
00023b d0c9      	RCALL __ANEGD1
                 __CFD16:
00023c 915f      	POP  R21
00023d 9508      	RET
                 
                 __CDF1U:
00023e 9468      	SET
00023f c001      	RJMP __CDF1U0
                 __CDF1:
000240 94e8      	CLT
                 __CDF1U0:
000241 9730      	SBIW R30,0
000242 4060      	SBCI R22,0
000243 4070      	SBCI R23,0
000244 f0b1      	BREQ __CDF10
000245 2400      	CLR  R0
000246 f026      	BRTS __CDF11
000247 2377      	TST  R23
000248 f412      	BRPL __CDF11
000249 9400      	COM  R0
00024a d0ba      	RCALL __ANEGD1
                 __CDF11:
00024b 2e17      	MOV  R1,R23
00024c e17e      	LDI  R23,30
00024d 2011      	TST  R1
                 __CDF12:
00024e f032      	BRMI __CDF13
00024f 957a      	DEC  R23
000250 0fee      	LSL  R30
000251 1fff      	ROL  R31
000252 1f66      	ROL  R22
000253 1c11      	ROL  R1
000254 cff9      	RJMP __CDF12
                 __CDF13:
000255 2fef      	MOV  R30,R31
000256 2ff6      	MOV  R31,R22
000257 2d61      	MOV  R22,R1
000258 935f      	PUSH R21
000259 df8a      	RCALL __REPACK
00025a 915f      	POP  R21
                 __CDF10:
00025b 9508      	RET
                 
                 __ZERORES:
00025c 27ee      	CLR  R30
00025d 27ff      	CLR  R31
00025e 2766      	CLR  R22
00025f 2777      	CLR  R23
000260 915f      	POP  R21
000261 9508      	RET
                 
                 __MINRES:
000262 efef      	SER  R30
000263 efff      	SER  R31
000264 e76f      	LDI  R22,0x7F
000265 ef7f      	SER  R23
000266 915f      	POP  R21
000267 9508      	RET
                 
                 __MAXRES:
000268 efef      	SER  R30
000269 efff      	SER  R31
00026a e76f      	LDI  R22,0x7F
00026b e77f      	LDI  R23,0x7F
00026c 915f      	POP  R21
00026d 9508      	RET
                 
                 __MULF12:
00026e 935f      	PUSH R21
00026f df86      	RCALL __UNPACK
000270 3870      	CPI  R23,0x80
000271 f351      	BREQ __ZERORES
000272 3890      	CPI  R25,0x80
000273 f341      	BREQ __ZERORES
000274 2401      	EOR  R0,R1
000275 9408      	SEC
000276 1f79      	ADC  R23,R25
000277 f423      	BRVC __MULF124
000278 f31c      	BRLT __ZERORES
                 __MULF125:
000279 2000      	TST  R0
00027a f33a      	BRMI __MINRES
00027b cfec      	RJMP __MAXRES
                 __MULF124:
00027c 920f      	PUSH R0
00027d 931f      	PUSH R17
00027e 932f      	PUSH R18
00027f 933f      	PUSH R19
000280 934f      	PUSH R20
000281 2711      	CLR  R17
000282 2722      	CLR  R18
000283 2799      	CLR  R25
000284 9f68      	MUL  R22,R24
000285 01a0      	MOVW R20,R0
000286 9f8f      	MUL  R24,R31
000287 2d30      	MOV  R19,R0
000288 0d41      	ADD  R20,R1
000289 1f59      	ADC  R21,R25
00028a 9f6b      	MUL  R22,R27
00028b 0d30      	ADD  R19,R0
00028c 1d41      	ADC  R20,R1
00028d 1f59      	ADC  R21,R25
00028e 9f8e      	MUL  R24,R30
00028f d027      	RCALL __MULF126
000290 9fbf      	MUL  R27,R31
000291 d025      	RCALL __MULF126
000292 9f6a      	MUL  R22,R26
000293 d023      	RCALL __MULF126
000294 9fbe      	MUL  R27,R30
000295 d01d      	RCALL __MULF127
000296 9faf      	MUL  R26,R31
000297 d01b      	RCALL __MULF127
000298 9fae      	MUL  R26,R30
000299 0d11      	ADD  R17,R1
00029a 1f29      	ADC  R18,R25
00029b 1f39      	ADC  R19,R25
00029c 1f49      	ADC  R20,R25
00029d 1f59      	ADC  R21,R25
00029e 2fe3      	MOV  R30,R19
00029f 2ff4      	MOV  R31,R20
0002a0 2f65      	MOV  R22,R21
0002a1 2f52      	MOV  R21,R18
0002a2 914f      	POP  R20
0002a3 913f      	POP  R19
0002a4 912f      	POP  R18
0002a5 911f      	POP  R17
0002a6 900f      	POP  R0
0002a7 2366      	TST  R22
0002a8 f02a      	BRMI __MULF122
0002a9 0f55      	LSL  R21
0002aa 1fee      	ROL  R30
0002ab 1fff      	ROL  R31
0002ac 1f66      	ROL  R22
0002ad c002      	RJMP __MULF123
                 __MULF122:
0002ae 9573      	INC  R23
0002af f24b      	BRVS __MULF125
                 __MULF123:
0002b0 df29      	RCALL __ROUND_REPACK
0002b1 915f      	POP  R21
0002b2 9508      	RET
                 
                 __MULF127:
0002b3 0d10      	ADD  R17,R0
0002b4 1d21      	ADC  R18,R1
0002b5 1f39      	ADC  R19,R25
0002b6 c002      	RJMP __MULF128
                 __MULF126:
0002b7 0d20      	ADD  R18,R0
0002b8 1d31      	ADC  R19,R1
                 __MULF128:
0002b9 1f49      	ADC  R20,R25
0002ba 1f59      	ADC  R21,R25
0002bb 9508      	RET
                 
                 __DIVF21:
0002bc 935f      	PUSH R21
0002bd df38      	RCALL __UNPACK
0002be 3870      	CPI  R23,0x80
0002bf f421      	BRNE __DIVF210
0002c0 2011      	TST  R1
                 __DIVF211:
0002c1 f40a      	BRPL __DIVF219
0002c2 cf9f      	RJMP __MINRES
                 __DIVF219:
0002c3 cfa4      	RJMP __MAXRES
                 __DIVF210:
0002c4 3890      	CPI  R25,0x80
0002c5 f409      	BRNE __DIVF218
                 __DIVF217:
0002c6 cf95      	RJMP __ZERORES
                 __DIVF218:
0002c7 2401      	EOR  R0,R1
0002c8 9408      	SEC
0002c9 0b97      	SBC  R25,R23
0002ca f41b      	BRVC __DIVF216
0002cb f3d4      	BRLT __DIVF217
0002cc 2000      	TST  R0
0002cd cff3      	RJMP __DIVF211
                 __DIVF216:
0002ce 2f79      	MOV  R23,R25
0002cf 931f      	PUSH R17
0002d0 932f      	PUSH R18
0002d1 933f      	PUSH R19
0002d2 934f      	PUSH R20
0002d3 2411      	CLR  R1
0002d4 2711      	CLR  R17
0002d5 2722      	CLR  R18
0002d6 2733      	CLR  R19
0002d7 2744      	CLR  R20
0002d8 2755      	CLR  R21
0002d9 e290      	LDI  R25,32
                 __DIVF212:
0002da 17ae      	CP   R26,R30
0002db 07bf      	CPC  R27,R31
0002dc 0786      	CPC  R24,R22
0002dd 0741      	CPC  R20,R17
0002de f030      	BRLO __DIVF213
0002df 1bae      	SUB  R26,R30
0002e0 0bbf      	SBC  R27,R31
0002e1 0b86      	SBC  R24,R22
0002e2 0b41      	SBC  R20,R17
0002e3 9408      	SEC
0002e4 c001      	RJMP __DIVF214
                 __DIVF213:
0002e5 9488      	CLC
                 __DIVF214:
0002e6 1f55      	ROL  R21
0002e7 1f22      	ROL  R18
0002e8 1f33      	ROL  R19
0002e9 1c11      	ROL  R1
0002ea 1faa      	ROL  R26
0002eb 1fbb      	ROL  R27
0002ec 1f88      	ROL  R24
0002ed 1f44      	ROL  R20
0002ee 959a      	DEC  R25
0002ef f751      	BRNE __DIVF212
0002f0 01f9      	MOVW R30,R18
0002f1 2d61      	MOV  R22,R1
0002f2 914f      	POP  R20
0002f3 913f      	POP  R19
0002f4 912f      	POP  R18
0002f5 911f      	POP  R17
0002f6 2366      	TST  R22
0002f7 f032      	BRMI __DIVF215
0002f8 0f55      	LSL  R21
0002f9 1fee      	ROL  R30
0002fa 1fff      	ROL  R31
0002fb 1f66      	ROL  R22
0002fc 957a      	DEC  R23
0002fd f243      	BRVS __DIVF217
                 __DIVF215:
0002fe dedb      	RCALL __ROUND_REPACK
0002ff 915f      	POP  R21
000300 9508      	RET
                 
                 __ANEGW1:
000301 95f1      	NEG  R31
000302 95e1      	NEG  R30
000303 40f0      	SBCI R31,0
000304 9508      	RET
                 
                 __ANEGD1:
000305 95f0      	COM  R31
000306 9560      	COM  R22
000307 9570      	COM  R23
000308 95e1      	NEG  R30
000309 4fff      	SBCI R31,-1
00030a 4f6f      	SBCI R22,-1
00030b 4f7f      	SBCI R23,-1
00030c 9508      	RET
                 
                 __CWD1:
00030d 2f6f      	MOV  R22,R31
00030e 0f66      	ADD  R22,R22
00030f 0b66      	SBC  R22,R22
000310 2f76      	MOV  R23,R22
000311 9508      	RET
                 
                 __DIVW21U:
000312 2400      	CLR  R0
000313 2411      	CLR  R1
000314 e190      	LDI  R25,16
                 __DIVW21U1:
000315 0faa      	LSL  R26
000316 1fbb      	ROL  R27
000317 1c00      	ROL  R0
000318 1c11      	ROL  R1
000319 1a0e      	SUB  R0,R30
00031a 0a1f      	SBC  R1,R31
00031b f418      	BRCC __DIVW21U2
00031c 0e0e      	ADD  R0,R30
00031d 1e1f      	ADC  R1,R31
00031e c001      	RJMP __DIVW21U3
                 __DIVW21U2:
00031f 60a1      	SBR  R26,1
                 __DIVW21U3:
000320 959a      	DEC  R25
000321 f799      	BRNE __DIVW21U1
000322 01fd      	MOVW R30,R26
000323 01d0      	MOVW R26,R0
000324 9508      	RET
                 
                 __DIVW21:
000325 d012      	RCALL __CHKSIGNW
000326 dfeb      	RCALL __DIVW21U
000327 f40e      	BRTC __DIVW211
000328 dfd8      	RCALL __ANEGW1
                 __DIVW211:
000329 9508      	RET
                 
                 __MODW21:
00032a 94e8      	CLT
00032b ffb7      	SBRS R27,7
00032c c004      	RJMP __MODW211
00032d 95a0      	COM  R26
00032e 95b0      	COM  R27
00032f 9611      	ADIW R26,1
000330 9468      	SET
                 __MODW211:
000331 fdf7      	SBRC R31,7
000332 dfce      	RCALL __ANEGW1
000333 dfde      	RCALL __DIVW21U
000334 01fd      	MOVW R30,R26
000335 f40e      	BRTC __MODW212
000336 dfca      	RCALL __ANEGW1
                 __MODW212:
000337 9508      	RET
                 
                 __CHKSIGNW:
000338 94e8      	CLT
000339 fff7      	SBRS R31,7
00033a c002      	RJMP __CHKSW1
00033b dfc5      	RCALL __ANEGW1
00033c 9468      	SET
                 __CHKSW1:
00033d ffb7      	SBRS R27,7
00033e c006      	RJMP __CHKSW2
00033f 95a0      	COM  R26
000340 95b0      	COM  R27
000341 9611      	ADIW R26,1
000342 f800      	BLD  R0,0
000343 9403      	INC  R0
000344 fa00      	BST  R0,0
                 __CHKSW2:
000345 9508      	RET
                 
                 __GETD2S0:
000346 81a8      	LD   R26,Y
000347 81b9      	LDD  R27,Y+1
000348 818a      	LDD  R24,Y+2
000349 819b      	LDD  R25,Y+3
00034a 9508      	RET
                 
                 __PUTD1S0:
00034b 83e8      	ST   Y,R30
00034c 83f9      	STD  Y+1,R31
00034d 836a      	STD  Y+2,R22
00034e 837b      	STD  Y+3,R23
00034f 9508      	RET
                 
                 __SWAPB12:
000350 2e1a      	MOV  R1,R26
000351 2fae      	MOV  R26,R30
000352 2de1      	MOV  R30,R1
000353 9508      	RET
                 
                 ;END OF CODE MARKER
                 __END_OF_CODE:


RESOURCE USE INFORMATION
------------------------

Notice:
The register and instruction counts are symbol table hit counts,
and hence implicitly used resources are not counted, eg, the
'lpm' instruction without operands implicitly uses r0 and z,
none of which are counted.

x,y,z are separate entities in the symbol table and are
counted separately from r26..r31 here.

.dseg memory usage only counts static data declared with .byte

ATmega32 register use summary:
r0 :  30 r1 :  24 r2 :   0 r3 :   0 r4 :   4 r5 :   4 r6 :   0 r7 :   2 
r8 :   0 r9 :   0 r10:   0 r11:   0 r12:   0 r13:   0 r14:   0 r15:   0 
r16:   6 r17:  19 r18:  12 r19:  12 r20:  14 r21:  49 r22:  43 r23:  37 
r24:  31 r25:  31 r26:  85 r27:  33 r28:   8 r29:   1 r30: 120 r31:  51 
x  :   6 y  :  86 z  :   9 
Registers used: 24 out of 35 (68.6%)

ATmega32 instruction use summary:
.lds  :   0 .lds.l:   0 .sts  :   0 .sts.l:   0 adc   :  16 add   :   8 
adiw  :  11 and   :   2 andi  :   3 asr   :   0 bclr  :   0 bld   :   2 
brbc  :   0 brbs  :   0 brcc  :   2 brcs  :   0 break :   0 breq  :  10 
brge  :   0 brhc  :   0 brhs  :   0 brid  :   0 brie  :   0 brlo  :   5 
brlt  :   3 brmi  :   5 brne  :  20 brpl  :   6 brsh  :   0 brtc  :   3 
brts  :   1 brvc  :   2 brvs  :   3 bset  :   0 bst   :   1 call  :  32 
cbi   :   5 cbr   :   0 clc   :   1 clh   :   0 cli   :   1 cln   :   0 
clr   :  20 cls   :   0 clt   :   4 clv   :   0 clz   :   0 com   :   8 
cp    :   3 cpc   :   4 cpi   :  14 cpse  :   0 dec   :  11 des   :   0 
eor   :   5 fmul  :   0 fmuls :   0 fmulsu:   0 icall :   0 ijmp  :   0 
in    :   4 inc   :   4 jmp   :  25 ld    :  16 ldd   :  35 ldi   :  89 
lds   :   0 lpm   :   7 lsl   :  11 lsr   :   1 mov   :  28 movw  :  15 
mul   :   9 muls  :   0 mulsu :   0 neg   :   4 nop   :   0 or    :   1 
ori   :   2 out   :  12 pop   :  16 push  :  15 rcall :  38 ret   :  29 
reti  :   0 rjmp  :  33 rol   :  25 ror   :   7 sbc   :   6 sbci  :   8 
sbi   :   7 sbic  :   0 sbis  :   1 sbiw  :  10 sbr   :   1 sbrc  :   1 
sbrs  :   4 sec   :   3 seh   :   0 sei   :   0 sen   :   0 ser   :   8 
ses   :   0 set   :   4 sev   :   0 sez   :   0 sleep :   0 spm   :   0 
st    :  31 std   :  12 sts   :   2 sub   :   4 subi  :   5 swap  :   1 
tst   :  13 wdr   :   1 
Instructions used: 72 out of 116 (62.1%)

ATmega32 memory use summary [bytes]:
Segment   Begin    End      Code   Data   Used    Size   Use%
---------------------------------------------------------------
[.cseg] 0x000000 0x0006a8   1636     68   1704   32768   5.2%
[.dseg] 0x000060 0x000279      0     25     25    2048   1.2%
[.eseg] 0x000000 0x000000      0      0      0    1024   0.0%

Assembly complete, 0 errors, 4 warnings
