
AVRASM ver. 2.1.30  D:\AZ_Rezpar\HW10\Debug\List\HW10.asm Mon May 06 14:40:05 2024

D:\AZ_Rezpar\HW10\Debug\List\HW10.asm(1088): warning: Register r4 already defined by the .DEF directive
D:\AZ_Rezpar\HW10\Debug\List\HW10.asm(1089): warning: Register r5 already defined by the .DEF directive
D:\AZ_Rezpar\HW10\Debug\List\HW10.asm(1090): warning: Register r6 already defined by the .DEF directive
D:\AZ_Rezpar\HW10\Debug\List\HW10.asm(1091): warning: Register r7 already defined by the .DEF directive
D:\AZ_Rezpar\HW10\Debug\List\HW10.asm(1092): warning: Register r8 already defined by the .DEF directive
D:\AZ_Rezpar\HW10\Debug\List\HW10.asm(1093): warning: Register r9 already defined by the .DEF directive
D:\AZ_Rezpar\HW10\Debug\List\HW10.asm(1094): warning: Register r11 already defined by the .DEF directive
D:\AZ_Rezpar\HW10\Debug\List\HW10.asm(1095): warning: Register r10 already defined by the .DEF directive
D:\AZ_Rezpar\HW10\Debug\List\HW10.asm(1096): warning: Register r13 already defined by the .DEF directive
                 
                 
                 ;CodeVisionAVR C Compiler V3.12 Advanced
                 ;(C) Copyright 1998-2014 Pavel Haiduc, HP InfoTech s.r.l.
                 ;http://www.hpinfotech.com
                 
                 ;Build configuration    : Debug
                 ;Chip type              : ATmega32
                 ;Program type           : Application
                 ;Clock frequency        : 8.000000 MHz
                 ;Memory model           : Small
                 ;Optimize for           : Size
                 ;(s)printf features     : int, width
                 ;(s)scanf features      : int, width
                 ;External RAM size      : 0
                 ;Data Stack size        : 512 byte(s)
                 ;Heap size              : 0 byte(s)
                 ;Promote 'char' to 'int': Yes
                 ;'char' is unsigned     : Yes
                 ;8 bit enums            : Yes
                 ;Global 'const' stored in FLASH: Yes
                 ;Enhanced function parameter passing: Yes
                 ;Enhanced core instructions: On
                 ;Automatic register allocation for global variables: On
                 ;Smart register allocation: On
                 
                 	#define _MODEL_SMALL_
                 
                 	#pragma AVRPART ADMIN PART_NAME ATmega32
                 	#pragma AVRPART MEMORY PROG_FLASH 32768
                 	#pragma AVRPART MEMORY EEPROM 1024
                 	#pragma AVRPART MEMORY INT_SRAM SIZE 2048
                 	#pragma AVRPART MEMORY INT_SRAM START_ADDR 0x60
                 
                 	#define CALL_SUPPORTED 1
                 
                 	.LISTMAC
                 	.EQU UDRE=0x5
                 	.EQU RXC=0x7
                 	.EQU USR=0xB
                 	.EQU UDR=0xC
                 	.EQU SPSR=0xE
                 	.EQU SPDR=0xF
                 	.EQU EERE=0x0
                 	.EQU EEWE=0x1
                 	.EQU EEMWE=0x2
                 	.EQU EECR=0x1C
                 	.EQU EEDR=0x1D
                 	.EQU EEARL=0x1E
                 	.EQU EEARH=0x1F
                 	.EQU WDTCR=0x21
                 	.EQU MCUCR=0x35
                 	.EQU GICR=0x3B
                 	.EQU SPL=0x3D
                 	.EQU SPH=0x3E
                 	.EQU SREG=0x3F
                 
                 	.DEF R0X0=R0
                 	.DEF R0X1=R1
                 	.DEF R0X2=R2
                 	.DEF R0X3=R3
                 	.DEF R0X4=R4
                 	.DEF R0X5=R5
                 	.DEF R0X6=R6
                 	.DEF R0X7=R7
                 	.DEF R0X8=R8
                 	.DEF R0X9=R9
                 	.DEF R0XA=R10
                 	.DEF R0XB=R11
                 	.DEF R0XC=R12
                 	.DEF R0XD=R13
                 	.DEF R0XE=R14
                 	.DEF R0XF=R15
                 	.DEF R0X10=R16
                 	.DEF R0X11=R17
                 	.DEF R0X12=R18
                 	.DEF R0X13=R19
                 	.DEF R0X14=R20
                 	.DEF R0X15=R21
                 	.DEF R0X16=R22
                 	.DEF R0X17=R23
                 	.DEF R0X18=R24
                 	.DEF R0X19=R25
                 	.DEF R0X1A=R26
                 	.DEF R0X1B=R27
                 	.DEF R0X1C=R28
                 	.DEF R0X1D=R29
                 	.DEF R0X1E=R30
                 	.DEF R0X1F=R31
                 
                 	.EQU __SRAM_START=0x0060
                 	.EQU __SRAM_END=0x085F
                 	.EQU __DSTACK_SIZE=0x0200
                 	.EQU __HEAP_SIZE=0x0000
                 	.EQU __CLEAR_SRAM_SIZE=__SRAM_END-__SRAM_START+1
                 
                 	.MACRO __CPD1N
                 	CPI  R30,LOW(@0)
                 	LDI  R26,HIGH(@0)
                 	CPC  R31,R26
                 	LDI  R26,BYTE3(@0)
                 	CPC  R22,R26
                 	LDI  R26,BYTE4(@0)
                 	CPC  R23,R26
                 	.ENDM
                 
                 	.MACRO __CPD2N
                 	CPI  R26,LOW(@0)
                 	LDI  R30,HIGH(@0)
                 	CPC  R27,R30
                 	LDI  R30,BYTE3(@0)
                 	CPC  R24,R30
                 	LDI  R30,BYTE4(@0)
                 	CPC  R25,R30
                 	.ENDM
                 
                 	.MACRO __CPWRR
                 	CP   R@0,R@2
                 	CPC  R@1,R@3
                 	.ENDM
                 
                 	.MACRO __CPWRN
                 	CPI  R@0,LOW(@2)
                 	LDI  R30,HIGH(@2)
                 	CPC  R@1,R30
                 	.ENDM
                 
                 	.MACRO __ADDB1MN
                 	SUBI R30,LOW(-@0-(@1))
                 	.ENDM
                 
                 	.MACRO __ADDB2MN
                 	SUBI R26,LOW(-@0-(@1))
                 	.ENDM
                 
                 	.MACRO __ADDW1MN
                 	SUBI R30,LOW(-@0-(@1))
                 	SBCI R31,HIGH(-@0-(@1))
                 	.ENDM
                 
                 	.MACRO __ADDW2MN
                 	SUBI R26,LOW(-@0-(@1))
                 	SBCI R27,HIGH(-@0-(@1))
                 	.ENDM
                 
                 	.MACRO __ADDW1FN
                 	SUBI R30,LOW(-2*@0-(@1))
                 	SBCI R31,HIGH(-2*@0-(@1))
                 	.ENDM
                 
                 	.MACRO __ADDD1FN
                 	SUBI R30,LOW(-2*@0-(@1))
                 	SBCI R31,HIGH(-2*@0-(@1))
                 	SBCI R22,BYTE3(-2*@0-(@1))
                 	.ENDM
                 
                 	.MACRO __ADDD1N
                 	SUBI R30,LOW(-@0)
                 	SBCI R31,HIGH(-@0)
                 	SBCI R22,BYTE3(-@0)
                 	SBCI R23,BYTE4(-@0)
                 	.ENDM
                 
                 	.MACRO __ADDD2N
                 	SUBI R26,LOW(-@0)
                 	SBCI R27,HIGH(-@0)
                 	SBCI R24,BYTE3(-@0)
                 	SBCI R25,BYTE4(-@0)
                 	.ENDM
                 
                 	.MACRO __SUBD1N
                 	SUBI R30,LOW(@0)
                 	SBCI R31,HIGH(@0)
                 	SBCI R22,BYTE3(@0)
                 	SBCI R23,BYTE4(@0)
                 	.ENDM
                 
                 	.MACRO __SUBD2N
                 	SUBI R26,LOW(@0)
                 	SBCI R27,HIGH(@0)
                 	SBCI R24,BYTE3(@0)
                 	SBCI R25,BYTE4(@0)
                 	.ENDM
                 
                 	.MACRO __ANDBMNN
                 	LDS  R30,@0+(@1)
                 	ANDI R30,LOW(@2)
                 	STS  @0+(@1),R30
                 	.ENDM
                 
                 	.MACRO __ANDWMNN
                 	LDS  R30,@0+(@1)
                 	ANDI R30,LOW(@2)
                 	STS  @0+(@1),R30
                 	LDS  R30,@0+(@1)+1
                 	ANDI R30,HIGH(@2)
                 	STS  @0+(@1)+1,R30
                 	.ENDM
                 
                 	.MACRO __ANDD1N
                 	ANDI R30,LOW(@0)
                 	ANDI R31,HIGH(@0)
                 	ANDI R22,BYTE3(@0)
                 	ANDI R23,BYTE4(@0)
                 	.ENDM
                 
                 	.MACRO __ANDD2N
                 	ANDI R26,LOW(@0)
                 	ANDI R27,HIGH(@0)
                 	ANDI R24,BYTE3(@0)
                 	ANDI R25,BYTE4(@0)
                 	.ENDM
                 
                 	.MACRO __ORBMNN
                 	LDS  R30,@0+(@1)
                 	ORI  R30,LOW(@2)
                 	STS  @0+(@1),R30
                 	.ENDM
                 
                 	.MACRO __ORWMNN
                 	LDS  R30,@0+(@1)
                 	ORI  R30,LOW(@2)
                 	STS  @0+(@1),R30
                 	LDS  R30,@0+(@1)+1
                 	ORI  R30,HIGH(@2)
                 	STS  @0+(@1)+1,R30
                 	.ENDM
                 
                 	.MACRO __ORD1N
                 	ORI  R30,LOW(@0)
                 	ORI  R31,HIGH(@0)
                 	ORI  R22,BYTE3(@0)
                 	ORI  R23,BYTE4(@0)
                 	.ENDM
                 
                 	.MACRO __ORD2N
                 	ORI  R26,LOW(@0)
                 	ORI  R27,HIGH(@0)
                 	ORI  R24,BYTE3(@0)
                 	ORI  R25,BYTE4(@0)
                 	.ENDM
                 
                 	.MACRO __DELAY_USB
                 	LDI  R24,LOW(@0)
                 __DELAY_USB_LOOP:
                 	DEC  R24
                 	BRNE __DELAY_USB_LOOP
                 	.ENDM
                 
                 	.MACRO __DELAY_USW
                 	LDI  R24,LOW(@0)
                 	LDI  R25,HIGH(@0)
                 __DELAY_USW_LOOP:
                 	SBIW R24,1
                 	BRNE __DELAY_USW_LOOP
                 	.ENDM
                 
                 	.MACRO __GETD1S
                 	LDD  R30,Y+@0
                 	LDD  R31,Y+@0+1
                 	LDD  R22,Y+@0+2
                 	LDD  R23,Y+@0+3
                 	.ENDM
                 
                 	.MACRO __GETD2S
                 	LDD  R26,Y+@0
                 	LDD  R27,Y+@0+1
                 	LDD  R24,Y+@0+2
                 	LDD  R25,Y+@0+3
                 	.ENDM
                 
                 	.MACRO __PUTD1S
                 	STD  Y+@0,R30
                 	STD  Y+@0+1,R31
                 	STD  Y+@0+2,R22
                 	STD  Y+@0+3,R23
                 	.ENDM
                 
                 	.MACRO __PUTD2S
                 	STD  Y+@0,R26
                 	STD  Y+@0+1,R27
                 	STD  Y+@0+2,R24
                 	STD  Y+@0+3,R25
                 	.ENDM
                 
                 	.MACRO __PUTDZ2
                 	STD  Z+@0,R26
                 	STD  Z+@0+1,R27
                 	STD  Z+@0+2,R24
                 	STD  Z+@0+3,R25
                 	.ENDM
                 
                 	.MACRO __CLRD1S
                 	STD  Y+@0,R30
                 	STD  Y+@0+1,R30
                 	STD  Y+@0+2,R30
                 	STD  Y+@0+3,R30
                 	.ENDM
                 
                 	.MACRO __POINTB1MN
                 	LDI  R30,LOW(@0+(@1))
                 	.ENDM
                 
                 	.MACRO __POINTW1MN
                 	LDI  R30,LOW(@0+(@1))
                 	LDI  R31,HIGH(@0+(@1))
                 	.ENDM
                 
                 	.MACRO __POINTD1M
                 	LDI  R30,LOW(@0)
                 	LDI  R31,HIGH(@0)
                 	LDI  R22,BYTE3(@0)
                 	LDI  R23,BYTE4(@0)
                 	.ENDM
                 
                 	.MACRO __POINTW1FN
                 	LDI  R30,LOW(2*@0+(@1))
                 	LDI  R31,HIGH(2*@0+(@1))
                 	.ENDM
                 
                 	.MACRO __POINTD1FN
                 	LDI  R30,LOW(2*@0+(@1))
                 	LDI  R31,HIGH(2*@0+(@1))
                 	LDI  R22,BYTE3(2*@0+(@1))
                 	LDI  R23,BYTE4(2*@0+(@1))
                 	.ENDM
                 
                 	.MACRO __POINTB2MN
                 	LDI  R26,LOW(@0+(@1))
                 	.ENDM
                 
                 	.MACRO __POINTW2MN
                 	LDI  R26,LOW(@0+(@1))
                 	LDI  R27,HIGH(@0+(@1))
                 	.ENDM
                 
                 	.MACRO __POINTW2FN
                 	LDI  R26,LOW(2*@0+(@1))
                 	LDI  R27,HIGH(2*@0+(@1))
                 	.ENDM
                 
                 	.MACRO __POINTD2FN
                 	LDI  R26,LOW(2*@0+(@1))
                 	LDI  R27,HIGH(2*@0+(@1))
                 	LDI  R24,BYTE3(2*@0+(@1))
                 	LDI  R25,BYTE4(2*@0+(@1))
                 	.ENDM
                 
                 	.MACRO __POINTBRM
                 	LDI  R@0,LOW(@1)
                 	.ENDM
                 
                 	.MACRO __POINTWRM
                 	LDI  R@0,LOW(@2)
                 	LDI  R@1,HIGH(@2)
                 	.ENDM
                 
                 	.MACRO __POINTBRMN
                 	LDI  R@0,LOW(@1+(@2))
                 	.ENDM
                 
                 	.MACRO __POINTWRMN
                 	LDI  R@0,LOW(@2+(@3))
                 	LDI  R@1,HIGH(@2+(@3))
                 	.ENDM
                 
                 	.MACRO __POINTWRFN
                 	LDI  R@0,LOW(@2*2+(@3))
                 	LDI  R@1,HIGH(@2*2+(@3))
                 	.ENDM
                 
                 	.MACRO __GETD1N
                 	LDI  R30,LOW(@0)
                 	LDI  R31,HIGH(@0)
                 	LDI  R22,BYTE3(@0)
                 	LDI  R23,BYTE4(@0)
                 	.ENDM
                 
                 	.MACRO __GETD2N
                 	LDI  R26,LOW(@0)
                 	LDI  R27,HIGH(@0)
                 	LDI  R24,BYTE3(@0)
                 	LDI  R25,BYTE4(@0)
                 	.ENDM
                 
                 	.MACRO __GETB1MN
                 	LDS  R30,@0+(@1)
                 	.ENDM
                 
                 	.MACRO __GETB1HMN
                 	LDS  R31,@0+(@1)
                 	.ENDM
                 
                 	.MACRO __GETW1MN
                 	LDS  R30,@0+(@1)
                 	LDS  R31,@0+(@1)+1
                 	.ENDM
                 
                 	.MACRO __GETD1MN
                 	LDS  R30,@0+(@1)
                 	LDS  R31,@0+(@1)+1
                 	LDS  R22,@0+(@1)+2
                 	LDS  R23,@0+(@1)+3
                 	.ENDM
                 
                 	.MACRO __GETBRMN
                 	LDS  R@0,@1+(@2)
                 	.ENDM
                 
                 	.MACRO __GETWRMN
                 	LDS  R@0,@2+(@3)
                 	LDS  R@1,@2+(@3)+1
                 	.ENDM
                 
                 	.MACRO __GETWRZ
                 	LDD  R@0,Z+@2
                 	LDD  R@1,Z+@2+1
                 	.ENDM
                 
                 	.MACRO __GETD2Z
                 	LDD  R26,Z+@0
                 	LDD  R27,Z+@0+1
                 	LDD  R24,Z+@0+2
                 	LDD  R25,Z+@0+3
                 	.ENDM
                 
                 	.MACRO __GETB2MN
                 	LDS  R26,@0+(@1)
                 	.ENDM
                 
                 	.MACRO __GETW2MN
                 	LDS  R26,@0+(@1)
                 	LDS  R27,@0+(@1)+1
                 	.ENDM
                 
                 	.MACRO __GETD2MN
                 	LDS  R26,@0+(@1)
                 	LDS  R27,@0+(@1)+1
                 	LDS  R24,@0+(@1)+2
                 	LDS  R25,@0+(@1)+3
                 	.ENDM
                 
                 	.MACRO __PUTB1MN
                 	STS  @0+(@1),R30
                 	.ENDM
                 
                 	.MACRO __PUTW1MN
                 	STS  @0+(@1),R30
                 	STS  @0+(@1)+1,R31
                 	.ENDM
                 
                 	.MACRO __PUTD1MN
                 	STS  @0+(@1),R30
                 	STS  @0+(@1)+1,R31
                 	STS  @0+(@1)+2,R22
                 	STS  @0+(@1)+3,R23
                 	.ENDM
                 
                 	.MACRO __PUTB1EN
                 	LDI  R26,LOW(@0+(@1))
                 	LDI  R27,HIGH(@0+(@1))
                 	CALL __EEPROMWRB
                 	.ENDM
                 
                 	.MACRO __PUTW1EN
                 	LDI  R26,LOW(@0+(@1))
                 	LDI  R27,HIGH(@0+(@1))
                 	CALL __EEPROMWRW
                 	.ENDM
                 
                 	.MACRO __PUTD1EN
                 	LDI  R26,LOW(@0+(@1))
                 	LDI  R27,HIGH(@0+(@1))
                 	CALL __EEPROMWRD
                 	.ENDM
                 
                 	.MACRO __PUTBR0MN
                 	STS  @0+(@1),R0
                 	.ENDM
                 
                 	.MACRO __PUTBMRN
                 	STS  @0+(@1),R@2
                 	.ENDM
                 
                 	.MACRO __PUTWMRN
                 	STS  @0+(@1),R@2
                 	STS  @0+(@1)+1,R@3
                 	.ENDM
                 
                 	.MACRO __PUTBZR
                 	STD  Z+@1,R@0
                 	.ENDM
                 
                 	.MACRO __PUTWZR
                 	STD  Z+@2,R@0
                 	STD  Z+@2+1,R@1
                 	.ENDM
                 
                 	.MACRO __GETW1R
                 	MOV  R30,R@0
                 	MOV  R31,R@1
                 	.ENDM
                 
                 	.MACRO __GETW2R
                 	MOV  R26,R@0
                 	MOV  R27,R@1
                 	.ENDM
                 
                 	.MACRO __GETWRN
                 	LDI  R@0,LOW(@2)
                 	LDI  R@1,HIGH(@2)
                 	.ENDM
                 
                 	.MACRO __PUTW1R
                 	MOV  R@0,R30
                 	MOV  R@1,R31
                 	.ENDM
                 
                 	.MACRO __PUTW2R
                 	MOV  R@0,R26
                 	MOV  R@1,R27
                 	.ENDM
                 
                 	.MACRO __ADDWRN
                 	SUBI R@0,LOW(-@2)
                 	SBCI R@1,HIGH(-@2)
                 	.ENDM
                 
                 	.MACRO __ADDWRR
                 	ADD  R@0,R@2
                 	ADC  R@1,R@3
                 	.ENDM
                 
                 	.MACRO __SUBWRN
                 	SUBI R@0,LOW(@2)
                 	SBCI R@1,HIGH(@2)
                 	.ENDM
                 
                 	.MACRO __SUBWRR
                 	SUB  R@0,R@2
                 	SBC  R@1,R@3
                 	.ENDM
                 
                 	.MACRO __ANDWRN
                 	ANDI R@0,LOW(@2)
                 	ANDI R@1,HIGH(@2)
                 	.ENDM
                 
                 	.MACRO __ANDWRR
                 	AND  R@0,R@2
                 	AND  R@1,R@3
                 	.ENDM
                 
                 	.MACRO __ORWRN
                 	ORI  R@0,LOW(@2)
                 	ORI  R@1,HIGH(@2)
                 	.ENDM
                 
                 	.MACRO __ORWRR
                 	OR   R@0,R@2
                 	OR   R@1,R@3
                 	.ENDM
                 
                 	.MACRO __EORWRR
                 	EOR  R@0,R@2
                 	EOR  R@1,R@3
                 	.ENDM
                 
                 	.MACRO __GETWRS
                 	LDD  R@0,Y+@2
                 	LDD  R@1,Y+@2+1
                 	.ENDM
                 
                 	.MACRO __PUTBSR
                 	STD  Y+@1,R@0
                 	.ENDM
                 
                 	.MACRO __PUTWSR
                 	STD  Y+@2,R@0
                 	STD  Y+@2+1,R@1
                 	.ENDM
                 
                 	.MACRO __MOVEWRR
                 	MOV  R@0,R@2
                 	MOV  R@1,R@3
                 	.ENDM
                 
                 	.MACRO __INWR
                 	IN   R@0,@2
                 	IN   R@1,@2+1
                 	.ENDM
                 
                 	.MACRO __OUTWR
                 	OUT  @2+1,R@1
                 	OUT  @2,R@0
                 	.ENDM
                 
                 	.MACRO __CALL1MN
                 	LDS  R30,@0+(@1)
                 	LDS  R31,@0+(@1)+1
                 	ICALL
                 	.ENDM
                 
                 	.MACRO __CALL1FN
                 	LDI  R30,LOW(2*@0+(@1))
                 	LDI  R31,HIGH(2*@0+(@1))
                 	CALL __GETW1PF
                 	ICALL
                 	.ENDM
                 
                 	.MACRO __CALL2EN
                 	PUSH R26
                 	PUSH R27
                 	LDI  R26,LOW(@0+(@1))
                 	LDI  R27,HIGH(@0+(@1))
                 	CALL __EEPROMRDW
                 	POP  R27
                 	POP  R26
                 	ICALL
                 	.ENDM
                 
                 	.MACRO __CALL2EX
                 	SUBI R26,LOW(-@0)
                 	SBCI R27,HIGH(-@0)
                 	CALL __EEPROMRDD
                 	ICALL
                 	.ENDM
                 
                 	.MACRO __GETW1STACK
                 	IN   R30,SPL
                 	IN   R31,SPH
                 	ADIW R30,@0+1
                 	LD   R0,Z+
                 	LD   R31,Z
                 	MOV  R30,R0
                 	.ENDM
                 
                 	.MACRO __GETD1STACK
                 	IN   R30,SPL
                 	IN   R31,SPH
                 	ADIW R30,@0+1
                 	LD   R0,Z+
                 	LD   R1,Z+
                 	LD   R22,Z
                 	MOVW R30,R0
                 	.ENDM
                 
                 	.MACRO __NBST
                 	BST  R@0,@1
                 	IN   R30,SREG
                 	LDI  R31,0x40
                 	EOR  R30,R31
                 	OUT  SREG,R30
                 	.ENDM
                 
                 
                 	.MACRO __PUTB1SN
                 	LDD  R26,Y+@0
                 	LDD  R27,Y+@0+1
                 	SUBI R26,LOW(-@1)
                 	SBCI R27,HIGH(-@1)
                 	ST   X,R30
                 	.ENDM
                 
                 	.MACRO __PUTW1SN
                 	LDD  R26,Y+@0
                 	LDD  R27,Y+@0+1
                 	SUBI R26,LOW(-@1)
                 	SBCI R27,HIGH(-@1)
                 	ST   X+,R30
                 	ST   X,R31
                 	.ENDM
                 
                 	.MACRO __PUTD1SN
                 	LDD  R26,Y+@0
                 	LDD  R27,Y+@0+1
                 	SUBI R26,LOW(-@1)
                 	SBCI R27,HIGH(-@1)
                 	CALL __PUTDP1
                 	.ENDM
                 
                 	.MACRO __PUTB1SNS
                 	LDD  R26,Y+@0
                 	LDD  R27,Y+@0+1
                 	ADIW R26,@1
                 	ST   X,R30
                 	.ENDM
                 
                 	.MACRO __PUTW1SNS
                 	LDD  R26,Y+@0
                 	LDD  R27,Y+@0+1
                 	ADIW R26,@1
                 	ST   X+,R30
                 	ST   X,R31
                 	.ENDM
                 
                 	.MACRO __PUTD1SNS
                 	LDD  R26,Y+@0
                 	LDD  R27,Y+@0+1
                 	ADIW R26,@1
                 	CALL __PUTDP1
                 	.ENDM
                 
                 	.MACRO __PUTB1PMN
                 	LDS  R26,@0
                 	LDS  R27,@0+1
                 	SUBI R26,LOW(-@1)
                 	SBCI R27,HIGH(-@1)
                 	ST   X,R30
                 	.ENDM
                 
                 	.MACRO __PUTW1PMN
                 	LDS  R26,@0
                 	LDS  R27,@0+1
                 	SUBI R26,LOW(-@1)
                 	SBCI R27,HIGH(-@1)
                 	ST   X+,R30
                 	ST   X,R31
                 	.ENDM
                 
                 	.MACRO __PUTD1PMN
                 	LDS  R26,@0
                 	LDS  R27,@0+1
                 	SUBI R26,LOW(-@1)
                 	SBCI R27,HIGH(-@1)
                 	CALL __PUTDP1
                 	.ENDM
                 
                 	.MACRO __PUTB1PMNS
                 	LDS  R26,@0
                 	LDS  R27,@0+1
                 	ADIW R26,@1
                 	ST   X,R30
                 	.ENDM
                 
                 	.MACRO __PUTW1PMNS
                 	LDS  R26,@0
                 	LDS  R27,@0+1
                 	ADIW R26,@1
                 	ST   X+,R30
                 	ST   X,R31
                 	.ENDM
                 
                 	.MACRO __PUTD1PMNS
                 	LDS  R26,@0
                 	LDS  R27,@0+1
                 	ADIW R26,@1
                 	CALL __PUTDP1
                 	.ENDM
                 
                 	.MACRO __PUTB1RN
                 	MOVW R26,R@0
                 	SUBI R26,LOW(-@1)
                 	SBCI R27,HIGH(-@1)
                 	ST   X,R30
                 	.ENDM
                 
                 	.MACRO __PUTW1RN
                 	MOVW R26,R@0
                 	SUBI R26,LOW(-@1)
                 	SBCI R27,HIGH(-@1)
                 	ST   X+,R30
                 	ST   X,R31
                 	.ENDM
                 
                 	.MACRO __PUTD1RN
                 	MOVW R26,R@0
                 	SUBI R26,LOW(-@1)
                 	SBCI R27,HIGH(-@1)
                 	CALL __PUTDP1
                 	.ENDM
                 
                 	.MACRO __PUTB1RNS
                 	MOVW R26,R@0
                 	ADIW R26,@1
                 	ST   X,R30
                 	.ENDM
                 
                 	.MACRO __PUTW1RNS
                 	MOVW R26,R@0
                 	ADIW R26,@1
                 	ST   X+,R30
                 	ST   X,R31
                 	.ENDM
                 
                 	.MACRO __PUTD1RNS
                 	MOVW R26,R@0
                 	ADIW R26,@1
                 	CALL __PUTDP1
                 	.ENDM
                 
                 	.MACRO __PUTB1RON
                 	MOV  R26,R@0
                 	MOV  R27,R@1
                 	SUBI R26,LOW(-@2)
                 	SBCI R27,HIGH(-@2)
                 	ST   X,R30
                 	.ENDM
                 
                 	.MACRO __PUTW1RON
                 	MOV  R26,R@0
                 	MOV  R27,R@1
                 	SUBI R26,LOW(-@2)
                 	SBCI R27,HIGH(-@2)
                 	ST   X+,R30
                 	ST   X,R31
                 	.ENDM
                 
                 	.MACRO __PUTD1RON
                 	MOV  R26,R@0
                 	MOV  R27,R@1
                 	SUBI R26,LOW(-@2)
                 	SBCI R27,HIGH(-@2)
                 	CALL __PUTDP1
                 	.ENDM
                 
                 	.MACRO __PUTB1RONS
                 	MOV  R26,R@0
                 	MOV  R27,R@1
                 	ADIW R26,@2
                 	ST   X,R30
                 	.ENDM
                 
                 	.MACRO __PUTW1RONS
                 	MOV  R26,R@0
                 	MOV  R27,R@1
                 	ADIW R26,@2
                 	ST   X+,R30
                 	ST   X,R31
                 	.ENDM
                 
                 	.MACRO __PUTD1RONS
                 	MOV  R26,R@0
                 	MOV  R27,R@1
                 	ADIW R26,@2
                 	CALL __PUTDP1
                 	.ENDM
                 
                 
                 	.MACRO __GETB1SX
                 	MOVW R30,R28
                 	SUBI R30,LOW(-@0)
                 	SBCI R31,HIGH(-@0)
                 	LD   R30,Z
                 	.ENDM
                 
                 	.MACRO __GETB1HSX
                 	MOVW R30,R28
                 	SUBI R30,LOW(-@0)
                 	SBCI R31,HIGH(-@0)
                 	LD   R31,Z
                 	.ENDM
                 
                 	.MACRO __GETW1SX
                 	MOVW R30,R28
                 	SUBI R30,LOW(-@0)
                 	SBCI R31,HIGH(-@0)
                 	LD   R0,Z+
                 	LD   R31,Z
                 	MOV  R30,R0
                 	.ENDM
                 
                 	.MACRO __GETD1SX
                 	MOVW R30,R28
                 	SUBI R30,LOW(-@0)
                 	SBCI R31,HIGH(-@0)
                 	LD   R0,Z+
                 	LD   R1,Z+
                 	LD   R22,Z+
                 	LD   R23,Z
                 	MOVW R30,R0
                 	.ENDM
                 
                 	.MACRO __GETB2SX
                 	MOVW R26,R28
                 	SUBI R26,LOW(-@0)
                 	SBCI R27,HIGH(-@0)
                 	LD   R26,X
                 	.ENDM
                 
                 	.MACRO __GETW2SX
                 	MOVW R26,R28
                 	SUBI R26,LOW(-@0)
                 	SBCI R27,HIGH(-@0)
                 	LD   R0,X+
                 	LD   R27,X
                 	MOV  R26,R0
                 	.ENDM
                 
                 	.MACRO __GETD2SX
                 	MOVW R26,R28
                 	SUBI R26,LOW(-@0)
                 	SBCI R27,HIGH(-@0)
                 	LD   R0,X+
                 	LD   R1,X+
                 	LD   R24,X+
                 	LD   R25,X
                 	MOVW R26,R0
                 	.ENDM
                 
                 	.MACRO __GETBRSX
                 	MOVW R30,R28
                 	SUBI R30,LOW(-@1)
                 	SBCI R31,HIGH(-@1)
                 	LD   R@0,Z
                 	.ENDM
                 
                 	.MACRO __GETWRSX
                 	MOVW R30,R28
                 	SUBI R30,LOW(-@2)
                 	SBCI R31,HIGH(-@2)
                 	LD   R@0,Z+
                 	LD   R@1,Z
                 	.ENDM
                 
                 	.MACRO __GETBRSX2
                 	MOVW R26,R28
                 	SUBI R26,LOW(-@1)
                 	SBCI R27,HIGH(-@1)
                 	LD   R@0,X
                 	.ENDM
                 
                 	.MACRO __GETWRSX2
                 	MOVW R26,R28
                 	SUBI R26,LOW(-@2)
                 	SBCI R27,HIGH(-@2)
                 	LD   R@0,X+
                 	LD   R@1,X
                 	.ENDM
                 
                 	.MACRO __LSLW8SX
                 	MOVW R30,R28
                 	SUBI R30,LOW(-@0)
                 	SBCI R31,HIGH(-@0)
                 	LD   R31,Z
                 	CLR  R30
                 	.ENDM
                 
                 	.MACRO __PUTB1SX
                 	MOVW R26,R28
                 	SUBI R26,LOW(-@0)
                 	SBCI R27,HIGH(-@0)
                 	ST   X,R30
                 	.ENDM
                 
                 	.MACRO __PUTW1SX
                 	MOVW R26,R28
                 	SUBI R26,LOW(-@0)
                 	SBCI R27,HIGH(-@0)
                 	ST   X+,R30
                 	ST   X,R31
                 	.ENDM
                 
                 	.MACRO __PUTD1SX
                 	MOVW R26,R28
                 	SUBI R26,LOW(-@0)
                 	SBCI R27,HIGH(-@0)
                 	ST   X+,R30
                 	ST   X+,R31
                 	ST   X+,R22
                 	ST   X,R23
                 	.ENDM
                 
                 	.MACRO __CLRW1SX
                 	MOVW R26,R28
                 	SUBI R26,LOW(-@0)
                 	SBCI R27,HIGH(-@0)
                 	ST   X+,R30
                 	ST   X,R30
                 	.ENDM
                 
                 	.MACRO __CLRD1SX
                 	MOVW R26,R28
                 	SUBI R26,LOW(-@0)
                 	SBCI R27,HIGH(-@0)
                 	ST   X+,R30
                 	ST   X+,R30
                 	ST   X+,R30
                 	ST   X,R30
                 	.ENDM
                 
                 	.MACRO __PUTB2SX
                 	MOVW R30,R28
                 	SUBI R30,LOW(-@0)
                 	SBCI R31,HIGH(-@0)
                 	ST   Z,R26
                 	.ENDM
                 
                 	.MACRO __PUTW2SX
                 	MOVW R30,R28
                 	SUBI R30,LOW(-@0)
                 	SBCI R31,HIGH(-@0)
                 	ST   Z+,R26
                 	ST   Z,R27
                 	.ENDM
                 
                 	.MACRO __PUTD2SX
                 	MOVW R30,R28
                 	SUBI R30,LOW(-@0)
                 	SBCI R31,HIGH(-@0)
                 	ST   Z+,R26
                 	ST   Z+,R27
                 	ST   Z+,R24
                 	ST   Z,R25
                 	.ENDM
                 
                 	.MACRO __PUTBSRX
                 	MOVW R30,R28
                 	SUBI R30,LOW(-@1)
                 	SBCI R31,HIGH(-@1)
                 	ST   Z,R@0
                 	.ENDM
                 
                 	.MACRO __PUTWSRX
                 	MOVW R30,R28
                 	SUBI R30,LOW(-@2)
                 	SBCI R31,HIGH(-@2)
                 	ST   Z+,R@0
                 	ST   Z,R@1
                 	.ENDM
                 
                 	.MACRO __PUTB1SNX
                 	MOVW R26,R28
                 	SUBI R26,LOW(-@0)
                 	SBCI R27,HIGH(-@0)
                 	LD   R0,X+
                 	LD   R27,X
                 	MOV  R26,R0
                 	SUBI R26,LOW(-@1)
                 	SBCI R27,HIGH(-@1)
                 	ST   X,R30
                 	.ENDM
                 
                 	.MACRO __PUTW1SNX
                 	MOVW R26,R28
                 	SUBI R26,LOW(-@0)
                 	SBCI R27,HIGH(-@0)
                 	LD   R0,X+
                 	LD   R27,X
                 	MOV  R26,R0
                 	SUBI R26,LOW(-@1)
                 	SBCI R27,HIGH(-@1)
                 	ST   X+,R30
                 	ST   X,R31
                 	.ENDM
                 
                 	.MACRO __PUTD1SNX
                 	MOVW R26,R28
                 	SUBI R26,LOW(-@0)
                 	SBCI R27,HIGH(-@0)
                 	LD   R0,X+
                 	LD   R27,X
                 	MOV  R26,R0
                 	SUBI R26,LOW(-@1)
                 	SBCI R27,HIGH(-@1)
                 	ST   X+,R30
                 	ST   X+,R31
                 	ST   X+,R22
                 	ST   X,R23
                 	.ENDM
                 
                 	.MACRO __MULBRR
                 	MULS R@0,R@1
                 	MOVW R30,R0
                 	.ENDM
                 
                 	.MACRO __MULBRRU
                 	MUL  R@0,R@1
                 	MOVW R30,R0
                 	.ENDM
                 
                 	.MACRO __MULBRR0
                 	MULS R@0,R@1
                 	.ENDM
                 
                 	.MACRO __MULBRRU0
                 	MUL  R@0,R@1
                 	.ENDM
                 
                 	.MACRO __MULBNWRU
                 	LDI  R26,@2
                 	MUL  R26,R@0
                 	MOVW R30,R0
                 	MUL  R26,R@1
                 	ADD  R31,R0
                 	.ENDM
                 
                 ;NAME DEFINITIONS FOR GLOBAL VARIABLES ALLOCATED TO REGISTERS
                 	.DEF _led=R4
                 	.DEF _led_msb=R5
                 	.DEF _a=R6
                 	.DEF _a_msb=R7
                 	.DEF _str=R8
                 	.DEF _str_msb=R9
                 	.DEF __lcd_x=R11
                 	.DEF __lcd_y=R10
                 	.DEF __lcd_maxx=R13
                 
                 	.CSEG
                 	.ORG 0x00
                 
                 ;START OF CODE MARKER
                 __START_OF_CODE:
                 
                 ;INTERRUPT VECTORS
000000 940c 003d 	JMP  __RESET
000002 940c 006a 	JMP  _ext_int0_isr
000004 940c 0076 	JMP  _ext_int1_isr
000006 940c 0082 	JMP  _ext_int2_isr
000008 940c 0000 	JMP  0x00
00000a 940c 0000 	JMP  0x00
00000c 940c 0000 	JMP  0x00
00000e 940c 0000 	JMP  0x00
000010 940c 0000 	JMP  0x00
000012 940c 0000 	JMP  0x00
000014 940c 0000 	JMP  0x00
000016 940c 0000 	JMP  0x00
000018 940c 0000 	JMP  0x00
00001a 940c 0000 	JMP  0x00
00001c 940c 0000 	JMP  0x00
00001e 940c 0000 	JMP  0x00
000020 940c 0000 	JMP  0x00
000022 940c 0000 	JMP  0x00
000024 940c 0000 	JMP  0x00
000026 940c 0000 	JMP  0x00
000028 940c 0000 	JMP  0x00
                 
                 ;GLOBAL REGISTER VARIABLES INITIALIZATION
                 __REG_VARS:
00002a 0000
00002b 0000      	.DB  0x0,0x0,0x0,0x0
                 
                 _0x2000003:
00002c c080      	.DB  0x80,0xC0
                 _0x2020060:
D:\AZ_Rezpar\HW10\Debug\List\HW10.asm(1134): warning: .cseg .db misalignment - padding zero byte
00002d 0001      	.DB  0x1
                 _0x2020000:
00002e 4e2d
00002f 4e41
000030 4900
000031 464e      	.DB  0x2D,0x4E,0x41,0x4E,0x0,0x49,0x4E,0x46
D:\AZ_Rezpar\HW10\Debug\List\HW10.asm(1137): warning: .cseg .db misalignment - padding zero byte
000032 0000      	.DB  0x0
                 
                 __GLOBAL_INI_TBL:
000033 0004      	.DW  0x04
000034 0004      	.DW  0x04
000035 0054      	.DW  __REG_VARS*2
                 
000036 0002      	.DW  0x02
000037 0260      	.DW  __base_y_G100
000038 0058      	.DW  _0x2000003*2
                 
000039 0001      	.DW  0x01
00003a 0264      	.DW  __seed_G101
00003b 005a      	.DW  _0x2020060*2
                 
                 _0xFFFFFFFF:
00003c 0000      	.DW  0
                 
                 #define __GLOBAL_INI_TBL_PRESENT 1
                 
                 __RESET:
00003d 94f8      	CLI
00003e 27ee      	CLR  R30
00003f bbec      	OUT  EECR,R30
                 
                 ;INTERRUPT VECTORS ARE PLACED
                 ;AT THE START OF FLASH
000040 e0f1      	LDI  R31,1
000041 bffb      	OUT  GICR,R31
000042 bfeb      	OUT  GICR,R30
000043 bfe5      	OUT  MCUCR,R30
                 
                 ;CLEAR R2-R14
000044 e08d      	LDI  R24,(14-2)+1
000045 e0a2      	LDI  R26,2
000046 27bb      	CLR  R27
                 __CLEAR_REG:
000047 93ed      	ST   X+,R30
000048 958a      	DEC  R24
000049 f7e9      	BRNE __CLEAR_REG
                 
                 ;CLEAR SRAM
00004a e080      	LDI  R24,LOW(__CLEAR_SRAM_SIZE)
00004b e098      	LDI  R25,HIGH(__CLEAR_SRAM_SIZE)
00004c e6a0      	LDI  R26,__SRAM_START
                 __CLEAR_SRAM:
00004d 93ed      	ST   X+,R30
00004e 9701      	SBIW R24,1
00004f f7e9      	BRNE __CLEAR_SRAM
                 
                 ;GLOBAL VARIABLES INITIALIZATION
000050 e6e6      	LDI  R30,LOW(__GLOBAL_INI_TBL*2)
000051 e0f0      	LDI  R31,HIGH(__GLOBAL_INI_TBL*2)
                 __GLOBAL_INI_NEXT:
000052 9185      	LPM  R24,Z+
000053 9195      	LPM  R25,Z+
000054 9700      	SBIW R24,0
000055 f061      	BREQ __GLOBAL_INI_END
000056 91a5      	LPM  R26,Z+
000057 91b5      	LPM  R27,Z+
000058 9005      	LPM  R0,Z+
000059 9015      	LPM  R1,Z+
00005a 01bf      	MOVW R22,R30
00005b 01f0      	MOVW R30,R0
                 __GLOBAL_INI_LOOP:
00005c 9005      	LPM  R0,Z+
00005d 920d      	ST   X+,R0
00005e 9701      	SBIW R24,1
00005f f7e1      	BRNE __GLOBAL_INI_LOOP
000060 01fb      	MOVW R30,R22
000061 cff0      	RJMP __GLOBAL_INI_NEXT
                 __GLOBAL_INI_END:
                 
                 ;HARDWARE STACK POINTER INITIALIZATION
000062 e5ef      	LDI  R30,LOW(__SRAM_END-__HEAP_SIZE)
000063 bfed      	OUT  SPL,R30
000064 e0e8      	LDI  R30,HIGH(__SRAM_END-__HEAP_SIZE)
000065 bfee      	OUT  SPH,R30
                 
                 ;DATA STACK POINTER INITIALIZATION
000066 e6c0      	LDI  R28,LOW(__SRAM_START+__DSTACK_SIZE)
000067 e0d2      	LDI  R29,HIGH(__SRAM_START+__DSTACK_SIZE)
                 
000068 940c 009d 	JMP  _main
                 
                 	.ESEG
                 	.ORG 0
                 
                 	.DSEG
                 	.ORG 0x260
                 
                 	.CSEG
                 ;/*******************************************************
                 ;This program was created by the
                 ;CodeWizardAVR V3.12 Advanced
                 ;Automatic Program Generator
                 ;© Copyright 1998-2014 Pavel Haiduc, HP InfoTech s.r.l.
                 ;http://www.hpinfotech.com
                 ;
                 ;Project : HW10
                 ;Version : 1.0
                 ;Date    : 5/6/2024
                 ;Author  : Pooria Rahimi
                 ;Company : IUST
                 ;Comments:
                 ;
                 ;
                 ;Chip type               : ATmega32
                 ;Program type            : Application
                 ;AVR Core Clock frequency: 8.000000 MHz
                 ;Memory model            : Small
                 ;External RAM size       : 0
                 ;Data Stack size         : 512
                 ;*******************************************************/
                 ;
                 ;#include <mega32.h>
                 	#ifndef __SLEEP_DEFINED__
                 	#define __SLEEP_DEFINED__
                 	.EQU __se_bit=0x80
                 	.EQU __sm_mask=0x70
                 	.EQU __sm_powerdown=0x20
                 	.EQU __sm_powersave=0x30
                 	.EQU __sm_standby=0x60
                 	.EQU __sm_ext_standby=0x70
                 	.EQU __sm_adc_noise_red=0x10
                 	.SET power_ctrl_reg=mcucr
                 	#endif
                 ;
                 ;// Alphanumeric LCD functions
                 ;#include <alcd.h>
                 ;#include <delay.h>
                 ;#include <stdlib.h>
                 ;
                 ;// Declare your global variables here
                 ;int led = 0,a = 0;
                 ;char *str;
                 ;// External Interrupt 0 service routine
                 ;interrupt [EXT_INT0] void ext_int0_isr(void)
                 ; 0000 0024 {
                 
                 	.CSEG
                 _ext_int0_isr:
                 ; .FSTART _ext_int0_isr
00006a 940e 019f 	CALL SUBOPT_0x0
                 ; 0000 0025     // Place your code here
                 ; 0000 0026     if(led == 1)
00006c f419      	BRNE _0x3
                 ; 0000 0027     {
                 ; 0000 0028         a += 10;
00006d 01f3      	MOVW R30,R6
00006e 963a      	ADIW R30,10
00006f c002      	RJMP _0xF
                 ; 0000 0029     }
                 ; 0000 002A     else
                 _0x3:
                 ; 0000 002B     {
                 ; 0000 002C         a += 1;
000070 01f3      	MOVW R30,R6
000071 9631      	ADIW R30,1
                 _0xF:
000072 013f      	MOVW R6,R30
                 ; 0000 002D     }
                 ; 0000 002E     lcd_clear();
000073 940e 01b1 	CALL SUBOPT_0x1
                 ; 0000 002F     lcd_gotoxy(0,0);
                 ; 0000 0030     itoa(a,str);
                 ; 0000 0031     lcd_puts(str);
                 ; 0000 0032     delay_ms(20);
000075 c015      	RJMP _0x11
                 ; 0000 0033 }
                 ; .FEND
                 ;
                 ;// External Interrupt 1 service routine
                 ;interrupt [EXT_INT1] void ext_int1_isr(void)
                 ; 0000 0037 {
                 _ext_int1_isr:
                 ; .FSTART _ext_int1_isr
000076 940e 019f 	CALL SUBOPT_0x0
                 ; 0000 0038     // Place your code here
                 ; 0000 0039     if(led == 1)
000078 f419      	BRNE _0x5
                 ; 0000 003A     {
                 ; 0000 003B         a -= 10;
000079 01f3      	MOVW R30,R6
00007a 973a      	SBIW R30,10
00007b c002      	RJMP _0x10
                 ; 0000 003C     }
                 ; 0000 003D     else
                 _0x5:
                 ; 0000 003E     {
                 ; 0000 003F         a -= 1;
00007c 01f3      	MOVW R30,R6
00007d 9731      	SBIW R30,1
                 _0x10:
00007e 013f      	MOVW R6,R30
                 ; 0000 0040     }
                 ; 0000 0041     lcd_clear();
00007f 940e 01b1 	CALL SUBOPT_0x1
                 ; 0000 0042     lcd_gotoxy(0,0);
                 ; 0000 0043     itoa(a,str);
                 ; 0000 0044     lcd_puts(str);
                 ; 0000 0045     delay_ms(20);
000081 c009      	RJMP _0x11
                 ; 0000 0046 }
                 ; .FEND
                 ;
                 ;// External Interrupt 2 service routine
                 ;interrupt [EXT_INT2] void ext_int2_isr(void)
                 ; 0000 004A {
                 _ext_int2_isr:
                 ; .FSTART _ext_int2_isr
000082 940e 019f 	CALL SUBOPT_0x0
                 ; 0000 004B     // Place your code here
                 ; 0000 004C     if(led == 1)
000084 f419      	BRNE _0x7
                 ; 0000 004D     {
                 ; 0000 004E         led = 0;
000085 2444      	CLR  R4
000086 2455      	CLR  R5
                 ; 0000 004F     }
                 ; 0000 0050     else
000087 c003      	RJMP _0x8
                 _0x7:
                 ; 0000 0051     {
                 ; 0000 0052         led = 1;
000088 e0e1      	LDI  R30,LOW(1)
000089 e0f0      	LDI  R31,HIGH(1)
00008a 012f      	MOVW R4,R30
                 ; 0000 0053     }
                 _0x8:
                 ; 0000 0054     delay_ms(20);
                 _0x11:
00008b e1a4      	LDI  R26,LOW(20)
00008c e0b0      	LDI  R27,0
00008d 940e 01ce 	CALL _delay_ms
                 ; 0000 0055 }
00008f 91e9      	LD   R30,Y+
000090 bfef      	OUT  SREG,R30
000091 91f9      	LD   R31,Y+
000092 91e9      	LD   R30,Y+
000093 91b9      	LD   R27,Y+
000094 91a9      	LD   R26,Y+
000095 9199      	LD   R25,Y+
000096 9189      	LD   R24,Y+
000097 9179      	LD   R23,Y+
000098 9169      	LD   R22,Y+
000099 90f9      	LD   R15,Y+
00009a 9019      	LD   R1,Y+
00009b 9009      	LD   R0,Y+
00009c 9518      	RETI
                 ; .FEND
                 ;
                 ;void main(void)
                 ; 0000 0058 {
                 _main:
                 ; .FSTART _main
                 ; 0000 0059     // Declare your local variables here
                 ; 0000 005A 
                 ; 0000 005B     // Input/Output Ports initialization
                 ; 0000 005C     // Port A initialization
                 ; 0000 005D     // Function: Bit7=In Bit6=In Bit5=In Bit4=In Bit3=In Bit2=In Bit1=In Bit0=In
                 ; 0000 005E     DDRA=(0<<DDA7) | (0<<DDA6) | (0<<DDA5) | (0<<DDA4) | (0<<DDA3) | (0<<DDA2) | (0<<DDA1) | (0<<DDA0);
00009d e0e0      	LDI  R30,LOW(0)
00009e bbea      	OUT  0x1A,R30
                 ; 0000 005F     // State: Bit7=T Bit6=T Bit5=T Bit4=T Bit3=T Bit2=T Bit1=T Bit0=T
                 ; 0000 0060     PORTA=(0<<PORTA7) | (0<<PORTA6) | (0<<PORTA5) | (0<<PORTA4) | (0<<PORTA3) | (0<<PORTA2) | (0<<PORTA1) | (0<<PORTA0);
00009f bbeb      	OUT  0x1B,R30
                 ; 0000 0061 
                 ; 0000 0062     // Port B initialization
                 ; 0000 0063     // Function: Bit7=In Bit6=In Bit5=In Bit4=In Bit3=In Bit2=In Bit1=In Bit0=In
                 ; 0000 0064     DDRB=(0<<DDB7) | (0<<DDB6) | (0<<DDB5) | (0<<DDB4) | (0<<DDB3) | (0<<DDB2) | (0<<DDB1) | (0<<DDB0);
0000a0 bbe7      	OUT  0x17,R30
                 ; 0000 0065     // State: Bit7=T Bit6=T Bit5=T Bit4=T Bit3=T Bit2=T Bit1=T Bit0=T
                 ; 0000 0066     PORTB=(0<<PORTB7) | (0<<PORTB6) | (0<<PORTB5) | (0<<PORTB4) | (0<<PORTB3) | (0<<PORTB2) | (0<<PORTB1) | (0<<PORTB0);
0000a1 bbe8      	OUT  0x18,R30
                 ; 0000 0067 
                 ; 0000 0068     // Port C initialization
                 ; 0000 0069     // Function: Bit7=In Bit6=In Bit5=In Bit4=In Bit3=Out Bit2=In Bit1=In Bit0=In
                 ; 0000 006A     DDRC=(0<<DDC7) | (0<<DDC6) | (0<<DDC5) | (0<<DDC4) | (1<<DDC3) | (0<<DDC2) | (0<<DDC1) | (0<<DDC0);
0000a2 e0e8      	LDI  R30,LOW(8)
0000a3 bbe4      	OUT  0x14,R30
                 ; 0000 006B     // State: Bit7=T Bit6=T Bit5=T Bit4=T Bit3=0 Bit2=T Bit1=T Bit0=T
                 ; 0000 006C     PORTC=(0<<PORTC7) | (0<<PORTC6) | (0<<PORTC5) | (0<<PORTC4) | (0<<PORTC3) | (0<<PORTC2) | (0<<PORTC1) | (0<<PORTC0);
0000a4 e0e0      	LDI  R30,LOW(0)
0000a5 bbe5      	OUT  0x15,R30
                 ; 0000 006D 
                 ; 0000 006E     // Port D initialization
                 ; 0000 006F     // Function: Bit7=In Bit6=In Bit5=In Bit4=In Bit3=In Bit2=In Bit1=In Bit0=In
                 ; 0000 0070     DDRD=(0<<DDD7) | (0<<DDD6) | (0<<DDD5) | (0<<DDD4) | (0<<DDD3) | (0<<DDD2) | (0<<DDD1) | (0<<DDD0);
0000a6 bbe1      	OUT  0x11,R30
                 ; 0000 0071     // State: Bit7=T Bit6=T Bit5=T Bit4=T Bit3=T Bit2=T Bit1=T Bit0=T
                 ; 0000 0072     PORTD=(0<<PORTD7) | (0<<PORTD6) | (0<<PORTD5) | (0<<PORTD4) | (0<<PORTD3) | (0<<PORTD2) | (0<<PORTD1) | (0<<PORTD0);
0000a7 bbe2      	OUT  0x12,R30
                 ; 0000 0073 
                 ; 0000 0074     // Timer/Counter 0 initialization
                 ; 0000 0075     // Clock source: System Clock
                 ; 0000 0076     // Clock value: Timer 0 Stopped
                 ; 0000 0077     // Mode: Normal top=0xFF
                 ; 0000 0078     // OC0 output: Disconnected
                 ; 0000 0079     TCCR0=(0<<WGM00) | (0<<COM01) | (0<<COM00) | (0<<WGM01) | (0<<CS02) | (0<<CS01) | (0<<CS00);
0000a8 bfe3      	OUT  0x33,R30
                 ; 0000 007A     TCNT0=0x00;
0000a9 bfe2      	OUT  0x32,R30
                 ; 0000 007B     OCR0=0x00;
0000aa bfec      	OUT  0x3C,R30
                 ; 0000 007C 
                 ; 0000 007D     // Timer/Counter 1 initialization
                 ; 0000 007E     // Clock source: System Clock
                 ; 0000 007F     // Clock value: Timer1 Stopped
                 ; 0000 0080     // Mode: Normal top=0xFFFF
                 ; 0000 0081     // OC1A output: Disconnected
                 ; 0000 0082     // OC1B output: Disconnected
                 ; 0000 0083     // Noise Canceler: Off
                 ; 0000 0084     // Input Capture on Falling Edge
                 ; 0000 0085     // Timer1 Overflow Interrupt: Off
                 ; 0000 0086     // Input Capture Interrupt: Off
                 ; 0000 0087     // Compare A Match Interrupt: Off
                 ; 0000 0088     // Compare B Match Interrupt: Off
                 ; 0000 0089     TCCR1A=(0<<COM1A1) | (0<<COM1A0) | (0<<COM1B1) | (0<<COM1B0) | (0<<WGM11) | (0<<WGM10);
0000ab bdef      	OUT  0x2F,R30
                 ; 0000 008A     TCCR1B=(0<<ICNC1) | (0<<ICES1) | (0<<WGM13) | (0<<WGM12) | (0<<CS12) | (0<<CS11) | (0<<CS10);
0000ac bdee      	OUT  0x2E,R30
                 ; 0000 008B     TCNT1H=0x00;
0000ad bded      	OUT  0x2D,R30
                 ; 0000 008C     TCNT1L=0x00;
0000ae bdec      	OUT  0x2C,R30
                 ; 0000 008D     ICR1H=0x00;
0000af bde7      	OUT  0x27,R30
                 ; 0000 008E     ICR1L=0x00;
0000b0 bde6      	OUT  0x26,R30
                 ; 0000 008F     OCR1AH=0x00;
0000b1 bdeb      	OUT  0x2B,R30
                 ; 0000 0090     OCR1AL=0x00;
0000b2 bdea      	OUT  0x2A,R30
                 ; 0000 0091     OCR1BH=0x00;
0000b3 bde9      	OUT  0x29,R30
                 ; 0000 0092     OCR1BL=0x00;
0000b4 bde8      	OUT  0x28,R30
                 ; 0000 0093 
                 ; 0000 0094     // Timer/Counter 2 initialization
                 ; 0000 0095     // Clock source: System Clock
                 ; 0000 0096     // Clock value: Timer2 Stopped
                 ; 0000 0097     // Mode: Normal top=0xFF
                 ; 0000 0098     // OC2 output: Disconnected
                 ; 0000 0099     ASSR=0<<AS2;
0000b5 bde2      	OUT  0x22,R30
                 ; 0000 009A     TCCR2=(0<<PWM2) | (0<<COM21) | (0<<COM20) | (0<<CTC2) | (0<<CS22) | (0<<CS21) | (0<<CS20);
0000b6 bde5      	OUT  0x25,R30
                 ; 0000 009B     TCNT2=0x00;
0000b7 bde4      	OUT  0x24,R30
                 ; 0000 009C     OCR2=0x00;
0000b8 bde3      	OUT  0x23,R30
                 ; 0000 009D 
                 ; 0000 009E     // Timer(s)/Counter(s) Interrupt(s) initialization
                 ; 0000 009F     TIMSK=(0<<OCIE2) | (0<<TOIE2) | (0<<TICIE1) | (0<<OCIE1A) | (0<<OCIE1B) | (0<<TOIE1) | (0<<OCIE0) | (0<<TOIE0);
0000b9 bfe9      	OUT  0x39,R30
                 ; 0000 00A0 
                 ; 0000 00A1     // External Interrupt(s) initialization
                 ; 0000 00A2     // INT0: On
                 ; 0000 00A3     // INT0 Mode: Falling Edge
                 ; 0000 00A4     // INT1: On
                 ; 0000 00A5     // INT1 Mode: Falling Edge
                 ; 0000 00A6     // INT2: On
                 ; 0000 00A7     // INT2 Mode: Falling Edge
                 ; 0000 00A8     GICR|=(1<<INT1) | (1<<INT0) | (1<<INT2);
0000ba b7eb      	IN   R30,0x3B
0000bb 6ee0      	ORI  R30,LOW(0xE0)
0000bc bfeb      	OUT  0x3B,R30
                 ; 0000 00A9     MCUCR=(1<<ISC11) | (0<<ISC10) | (1<<ISC01) | (0<<ISC00);
0000bd e0ea      	LDI  R30,LOW(10)
0000be bfe5      	OUT  0x35,R30
                 ; 0000 00AA     MCUCSR=(0<<ISC2);
0000bf e0e0      	LDI  R30,LOW(0)
0000c0 bfe4      	OUT  0x34,R30
                 ; 0000 00AB     GIFR=(1<<INTF1) | (1<<INTF0) | (1<<INTF2);
0000c1 eee0      	LDI  R30,LOW(224)
0000c2 bfea      	OUT  0x3A,R30
                 ; 0000 00AC 
                 ; 0000 00AD     // USART initialization
                 ; 0000 00AE     // USART disabled
                 ; 0000 00AF     UCSRB=(0<<RXCIE) | (0<<TXCIE) | (0<<UDRIE) | (0<<RXEN) | (0<<TXEN) | (0<<UCSZ2) | (0<<RXB8) | (0<<TXB8);
0000c3 e0e0      	LDI  R30,LOW(0)
0000c4 b9ea      	OUT  0xA,R30
                 ; 0000 00B0 
                 ; 0000 00B1     // Analog Comparator initialization
                 ; 0000 00B2     // Analog Comparator: Off
                 ; 0000 00B3     // The Analog Comparator's positive input is
                 ; 0000 00B4     // connected to the AIN0 pin
                 ; 0000 00B5     // The Analog Comparator's negative input is
                 ; 0000 00B6     // connected to the AIN1 pin
                 ; 0000 00B7     ACSR=(1<<ACD) | (0<<ACBG) | (0<<ACO) | (0<<ACI) | (0<<ACIE) | (0<<ACIC) | (0<<ACIS1) | (0<<ACIS0);
0000c5 e8e0      	LDI  R30,LOW(128)
0000c6 b9e8      	OUT  0x8,R30
                 ; 0000 00B8     SFIOR=(0<<ACME);
0000c7 e0e0      	LDI  R30,LOW(0)
0000c8 bfe0      	OUT  0x30,R30
                 ; 0000 00B9 
                 ; 0000 00BA     // ADC initialization
                 ; 0000 00BB     // ADC disabled
                 ; 0000 00BC     ADCSRA=(0<<ADEN) | (0<<ADSC) | (0<<ADATE) | (0<<ADIF) | (0<<ADIE) | (0<<ADPS2) | (0<<ADPS1) | (0<<ADPS0);
0000c9 b9e6      	OUT  0x6,R30
                 ; 0000 00BD 
                 ; 0000 00BE     // SPI initialization
                 ; 0000 00BF     // SPI disabled
                 ; 0000 00C0     SPCR=(0<<SPIE) | (0<<SPE) | (0<<DORD) | (0<<MSTR) | (0<<CPOL) | (0<<CPHA) | (0<<SPR1) | (0<<SPR0);
0000ca b9ed      	OUT  0xD,R30
                 ; 0000 00C1 
                 ; 0000 00C2     // TWI initialization
                 ; 0000 00C3     // TWI disabled
                 ; 0000 00C4     TWCR=(0<<TWEA) | (0<<TWSTA) | (0<<TWSTO) | (0<<TWEN) | (0<<TWIE);
0000cb bfe6      	OUT  0x36,R30
                 ; 0000 00C5 
                 ; 0000 00C6     // Alphanumeric LCD initialization
                 ; 0000 00C7     // Connections are specified in the
                 ; 0000 00C8     // Project|Configure|C Compiler|Libraries|Alphanumeric LCD menu:
                 ; 0000 00C9     // RS - PORTC Bit 0
                 ; 0000 00CA     // RD - PORTC Bit 1
                 ; 0000 00CB     // EN - PORTC Bit 2
                 ; 0000 00CC     // D4 - PORTC Bit 4
                 ; 0000 00CD     // D5 - PORTC Bit 5
                 ; 0000 00CE     // D6 - PORTC Bit 6
                 ; 0000 00CF     // D7 - PORTC Bit 7
                 ; 0000 00D0     // Characters/line: 16
                 ; 0000 00D1     lcd_init(16);
0000cc e1a0      	LDI  R26,LOW(16)
0000cd d075      	RCALL _lcd_init
                 ; 0000 00D2 
                 ; 0000 00D3     // Global enable interrupts
                 ; 0000 00D4 #asm("sei")
0000ce 9478      	sei
                 ; 0000 00D5 lcd_clear();
0000cf d041      	RCALL _lcd_clear
                 ; 0000 00D6 lcd_putchar('0');
0000d0 e3a0      	LDI  R26,LOW(48)
0000d1 d04b      	RCALL _lcd_putchar
                 ; 0000 00D7     while (1)
                 _0x9:
                 ; 0000 00D8     {
                 ; 0000 00D9         // Place your code here
                 ; 0000 00DA         if(led == 0)
0000d2 2c04      	MOV  R0,R4
0000d3 2805      	OR   R0,R5
0000d4 f411      	BRNE _0xC
                 ; 0000 00DB         {
                 ; 0000 00DC              PORTC=(0<<PORTC7) | (0<<PORTC6) | (0<<PORTC5) | (0<<PORTC4) | (0<<PORTC3) | (0<<PORTC2) | (0<<PORTC1) | (0< ...
0000d5 e0e0      	LDI  R30,LOW(0)
0000d6 bbe5      	OUT  0x15,R30
                 ; 0000 00DD         }
                 ; 0000 00DE         if(led == 1)
                 _0xC:
0000d7 e0e1      	LDI  R30,LOW(1)
0000d8 e0f0      	LDI  R31,HIGH(1)
0000d9 15e4      	CP   R30,R4
0000da 05f5      	CPC  R31,R5
0000db f411      	BRNE _0xD
                 ; 0000 00DF         {
                 ; 0000 00E0             PORTC=(0<<PORTC7) | (0<<PORTC6) | (0<<PORTC5) | (0<<PORTC4) | (1<<PORTC3) | (0<<PORTC2) | (0<<PORTC1) | (0<< ...
0000dc e0e8      	LDI  R30,LOW(8)
0000dd bbe5      	OUT  0x15,R30
                 ; 0000 00E1         }
                 ; 0000 00E2         delay_ms(20);
                 _0xD:
0000de e1a4      	LDI  R26,LOW(20)
0000df e0b0      	LDI  R27,0
0000e0 940e 01ce 	CALL _delay_ms
                 ; 0000 00E3     }
0000e2 cfef      	RJMP _0x9
                 ; 0000 00E4 }
                 _0xE:
0000e3 cfff      	RJMP _0xE
                 ; .FEND
                 	#ifndef __SLEEP_DEFINED__
                 	#endif
                 
                 	.DSEG
                 
                 	.CSEG
                 __lcd_write_nibble_G100:
                 ; .FSTART __lcd_write_nibble_G100
0000e4 93aa      	ST   -Y,R26
0000e5 b3e5      	IN   R30,0x15
0000e6 70ef      	ANDI R30,LOW(0xF)
0000e7 2fae      	MOV  R26,R30
0000e8 81e8      	LD   R30,Y
0000e9 7fe0      	ANDI R30,LOW(0xF0)
0000ea 2bea      	OR   R30,R26
0000eb bbe5      	OUT  0x15,R30
                +
0000ec e08d     +LDI R24 , LOW ( 13 )
                +__DELAY_USB_LOOP :
0000ed 958a     +DEC R24
0000ee f7f1     +BRNE __DELAY_USB_LOOP
                 	__DELAY_USB 13
0000ef 9aaa      	SBI  0x15,2
                +
0000f0 e08d     +LDI R24 , LOW ( 13 )
                +__DELAY_USB_LOOP :
0000f1 958a     +DEC R24
0000f2 f7f1     +BRNE __DELAY_USB_LOOP
                 	__DELAY_USB 13
0000f3 98aa      	CBI  0x15,2
                +
0000f4 e08d     +LDI R24 , LOW ( 13 )
                +__DELAY_USB_LOOP :
0000f5 958a     +DEC R24
0000f6 f7f1     +BRNE __DELAY_USB_LOOP
                 	__DELAY_USB 13
0000f7 c077      	RJMP _0x20A0001
                 ; .FEND
                 __lcd_write_data:
                 ; .FSTART __lcd_write_data
0000f8 93aa      	ST   -Y,R26
0000f9 81a8      	LD   R26,Y
0000fa dfe9      	RCALL __lcd_write_nibble_G100
0000fb 81e8          ld    r30,y
0000fc 95e2          swap  r30
0000fd 83e8          st    y,r30
0000fe 81a8      	LD   R26,Y
0000ff dfe4      	RCALL __lcd_write_nibble_G100
                +
000100 e885     +LDI R24 , LOW ( 133 )
                +__DELAY_USB_LOOP :
000101 958a     +DEC R24
000102 f7f1     +BRNE __DELAY_USB_LOOP
                 	__DELAY_USB 133
000103 c06b      	RJMP _0x20A0001
                 ; .FEND
                 _lcd_gotoxy:
                 ; .FSTART _lcd_gotoxy
000104 93aa      	ST   -Y,R26
000105 81e8      	LD   R30,Y
000106 e0f0      	LDI  R31,0
000107 5ae0      	SUBI R30,LOW(-__base_y_G100)
000108 4ffd      	SBCI R31,HIGH(-__base_y_G100)
000109 81e0      	LD   R30,Z
00010a 81a9      	LDD  R26,Y+1
00010b 0fae      	ADD  R26,R30
00010c dfeb      	RCALL __lcd_write_data
00010d 80b9      	LDD  R11,Y+1
00010e 80a8      	LDD  R10,Y+0
00010f 9622      	ADIW R28,2
000110 9508      	RET
                 ; .FEND
                 _lcd_clear:
                 ; .FSTART _lcd_clear
000111 e0a2      	LDI  R26,LOW(2)
000112 940e 01c0 	CALL SUBOPT_0x2
000114 e0ac      	LDI  R26,LOW(12)
000115 dfe2      	RCALL __lcd_write_data
000116 e0a1      	LDI  R26,LOW(1)
000117 940e 01c0 	CALL SUBOPT_0x2
000119 e0e0      	LDI  R30,LOW(0)
00011a 2eae      	MOV  R10,R30
00011b 2ebe      	MOV  R11,R30
00011c 9508      	RET
                 ; .FEND
                 _lcd_putchar:
                 ; .FSTART _lcd_putchar
00011d 93aa      	ST   -Y,R26
00011e 81a8      	LD   R26,Y
00011f 30aa      	CPI  R26,LOW(0xA)
000120 f011      	BREQ _0x2000005
000121 14bd      	CP   R11,R13
000122 f048      	BRLO _0x2000004
                 _0x2000005:
000123 e0e0      	LDI  R30,LOW(0)
000124 93ea      	ST   -Y,R30
000125 94a3      	INC  R10
000126 2daa      	MOV  R26,R10
000127 dfdc      	RCALL _lcd_gotoxy
000128 81a8      	LD   R26,Y
000129 30aa      	CPI  R26,LOW(0xA)
00012a f409      	BRNE _0x2000007
00012b c043      	RJMP _0x20A0001
                 _0x2000007:
                 _0x2000004:
00012c 94b3      	INC  R11
00012d 9aa8      	SBI  0x15,0
00012e 81a8      	LD   R26,Y
00012f dfc8      	RCALL __lcd_write_data
000130 98a8      	CBI  0x15,0
000131 c03d      	RJMP _0x20A0001
                 ; .FEND
                 _lcd_puts:
                 ; .FSTART _lcd_puts
000132 93ba      	ST   -Y,R27
000133 93aa      	ST   -Y,R26
000134 931a      	ST   -Y,R17
                 _0x2000008:
000135 81a9      	LDD  R26,Y+1
000136 81ba      	LDD  R27,Y+1+1
000137 91ed      	LD   R30,X+
000138 83a9      	STD  Y+1,R26
000139 83ba      	STD  Y+1+1,R27
00013a 2f1e      	MOV  R17,R30
00013b 30e0      	CPI  R30,0
00013c f019      	BREQ _0x200000A
00013d 2fa1      	MOV  R26,R17
00013e dfde      	RCALL _lcd_putchar
00013f cff5      	RJMP _0x2000008
                 _0x200000A:
000140 8118      	LDD  R17,Y+0
000141 9623      	ADIW R28,3
000142 9508      	RET
                 ; .FEND
                 _lcd_init:
                 ; .FSTART _lcd_init
000143 93aa      	ST   -Y,R26
000144 b3e4      	IN   R30,0x14
000145 6fe0      	ORI  R30,LOW(0xF0)
000146 bbe4      	OUT  0x14,R30
000147 9aa2      	SBI  0x14,2
000148 9aa0      	SBI  0x14,0
000149 9aa1      	SBI  0x14,1
00014a 98aa      	CBI  0x15,2
00014b 98a8      	CBI  0x15,0
00014c 98a9      	CBI  0x15,1
00014d 80d8      	LDD  R13,Y+0
00014e 81e8      	LD   R30,Y
00014f 58e0      	SUBI R30,-LOW(128)
                +
000150 93e0 0262+STS __base_y_G100 + ( 2 ) , R30
                 	__PUTB1MN __base_y_G100,2
000152 81e8      	LD   R30,Y
000153 54e0      	SUBI R30,-LOW(192)
                +
000154 93e0 0263+STS __base_y_G100 + ( 3 ) , R30
                 	__PUTB1MN __base_y_G100,3
000156 e1a4      	LDI  R26,LOW(20)
000157 e0b0      	LDI  R27,0
000158 940e 01ce 	CALL _delay_ms
00015a 940e 01c6 	CALL SUBOPT_0x3
00015c 940e 01c6 	CALL SUBOPT_0x3
00015e 940e 01c6 	CALL SUBOPT_0x3
000160 e2a0      	LDI  R26,LOW(32)
000161 df82      	RCALL __lcd_write_nibble_G100
                +
000162 ec88     +LDI R24 , LOW ( 200 )
000163 e090     +LDI R25 , HIGH ( 200 )
                +__DELAY_USW_LOOP :
000164 9701     +SBIW R24 , 1
000165 f7f1     +BRNE __DELAY_USW_LOOP
                 	__DELAY_USW 200
000166 e2a8      	LDI  R26,LOW(40)
000167 df90      	RCALL __lcd_write_data
000168 e0a4      	LDI  R26,LOW(4)
000169 df8e      	RCALL __lcd_write_data
00016a e8a5      	LDI  R26,LOW(133)
00016b df8c      	RCALL __lcd_write_data
00016c e0a6      	LDI  R26,LOW(6)
00016d df8a      	RCALL __lcd_write_data
00016e dfa2      	RCALL _lcd_clear
                 _0x20A0001:
00016f 9621      	ADIW R28,1
000170 9508      	RET
                 ; .FEND
                 
                 	.CSEG
                 _itoa:
                 ; .FSTART _itoa
000171 93ba      	ST   -Y,R27
000172 93aa      	ST   -Y,R26
000173 91a9          ld   r26,y+
000174 91b9          ld   r27,y+
000175 91e9          ld   r30,y+
000176 91f9          ld   r31,y+
000177 9630          adiw r30,0
000178 f42a          brpl __itoa0
000179 95e0          com  r30
00017a 95f0          com  r31
00017b 9631          adiw r30,1
00017c e26d          ldi  r22,'-'
00017d 936d          st   x+,r22
                 __itoa0:
00017e 94e8          clt
00017f e180          ldi  r24,low(10000)
000180 e297          ldi  r25,high(10000)
000181 d00d          rcall __itoa1
000182 ee88          ldi  r24,low(1000)
000183 e093          ldi  r25,high(1000)
000184 d00a          rcall __itoa1
000185 e684          ldi  r24,100
000186 2799          clr  r25
000187 d007          rcall __itoa1
000188 e08a          ldi  r24,10
000189 d005          rcall __itoa1
00018a 2f6e          mov  r22,r30
00018b d010          rcall __itoa5
00018c 2766          clr  r22
00018d 936c          st   x,r22
00018e 9508          ret
                 
                 __itoa1:
00018f 2766          clr	 r22
                 __itoa2:
000190 17e8          cp   r30,r24
000191 07f9          cpc  r31,r25
000192 f020          brlo __itoa3
000193 9563          inc  r22
000194 1be8          sub  r30,r24
000195 0bf9          sbc  r31,r25
000196 f7c9          brne __itoa2
                 __itoa3:
000197 2366          tst  r22
000198 f411          brne __itoa4
000199 f016          brts __itoa5
00019a 9508          ret
                 __itoa4:
00019b 9468          set
                 __itoa5:
00019c 5d60          subi r22,-0x30
00019d 936d          st   x+,r22
00019e 9508          ret
                 ; .FEND
                 
                 	.DSEG
                 
                 	.CSEG
                 
                 	.CSEG
                 
                 	.CSEG
                 
                 	.CSEG
                 
                 	.DSEG
                 __base_y_G100:
000260           	.BYTE 0x4
                 __seed_G101:
000264           	.BYTE 0x4
                 
                 	.CSEG
                 ;OPTIMIZER ADDED SUBROUTINE, CALLED 3 TIMES, CODE SIZE REDUCTION:27 WORDS
                 SUBOPT_0x0:
00019f 920a      	ST   -Y,R0
0001a0 921a      	ST   -Y,R1
0001a1 92fa      	ST   -Y,R15
0001a2 936a      	ST   -Y,R22
0001a3 937a      	ST   -Y,R23
0001a4 938a      	ST   -Y,R24
0001a5 939a      	ST   -Y,R25
0001a6 93aa      	ST   -Y,R26
0001a7 93ba      	ST   -Y,R27
0001a8 93ea      	ST   -Y,R30
0001a9 93fa      	ST   -Y,R31
0001aa b7ef      	IN   R30,SREG
0001ab 93ea      	ST   -Y,R30
0001ac e0e1      	LDI  R30,LOW(1)
0001ad e0f0      	LDI  R31,HIGH(1)
0001ae 15e4      	CP   R30,R4
0001af 05f5      	CPC  R31,R5
0001b0 9508      	RET
                 
                 ;OPTIMIZER ADDED SUBROUTINE, CALLED 2 TIMES, CODE SIZE REDUCTION:10 WORDS
                 SUBOPT_0x1:
0001b1 940e 0111 	CALL _lcd_clear
0001b3 e0e0      	LDI  R30,LOW(0)
0001b4 93ea      	ST   -Y,R30
0001b5 e0a0      	LDI  R26,LOW(0)
0001b6 940e 0104 	CALL _lcd_gotoxy
0001b8 927a      	ST   -Y,R7
0001b9 926a      	ST   -Y,R6
0001ba 01d4      	MOVW R26,R8
0001bb 940e 0171 	CALL _itoa
0001bd 01d4      	MOVW R26,R8
0001be 940c 0132 	JMP  _lcd_puts
                 
                 ;OPTIMIZER ADDED SUBROUTINE, CALLED 2 TIMES, CODE SIZE REDUCTION:1 WORDS
                 SUBOPT_0x2:
0001c0 940e 00f8 	CALL __lcd_write_data
0001c2 e0a3      	LDI  R26,LOW(3)
0001c3 e0b0      	LDI  R27,0
0001c4 940c 01ce 	JMP  _delay_ms
                 
                 ;OPTIMIZER ADDED SUBROUTINE, CALLED 3 TIMES, CODE SIZE REDUCTION:7 WORDS
                 SUBOPT_0x3:
0001c6 e3a0      	LDI  R26,LOW(48)
0001c7 940e 00e4 	CALL __lcd_write_nibble_G100
                +
0001c9 ec88     +LDI R24 , LOW ( 200 )
0001ca e090     +LDI R25 , HIGH ( 200 )
                +__DELAY_USW_LOOP :
0001cb 9701     +SBIW R24 , 1
0001cc f7f1     +BRNE __DELAY_USW_LOOP
                 	__DELAY_USW 200
0001cd 9508      	RET
                 
                 
                 	.CSEG
                 _delay_ms:
0001ce 9610      	adiw r26,0
0001cf f039      	breq __delay_ms1
                 __delay_ms0:
                +
0001d0 ed80     +LDI R24 , LOW ( 0x7D0 )
0001d1 e097     +LDI R25 , HIGH ( 0x7D0 )
                +__DELAY_USW_LOOP :
0001d2 9701     +SBIW R24 , 1
0001d3 f7f1     +BRNE __DELAY_USW_LOOP
                 	__DELAY_USW 0x7D0
0001d4 95a8      	wdr
0001d5 9711      	sbiw r26,1
0001d6 f7c9      	brne __delay_ms0
                 __delay_ms1:
0001d7 9508      	ret
                 
                 ;END OF CODE MARKER
                 __END_OF_CODE:


RESOURCE USE INFORMATION
------------------------

Notice:
The register and instruction counts are symbol table hit counts,
and hence implicitly used resources are not counted, eg, the
'lpm' instruction without operands implicitly uses r0 and z,
none of which are counted.

x,y,z are separate entities in the symbol table and are
counted separately from r26..r31 here.

.dseg memory usage only counts static data declared with .byte

ATmega32 register use summary:
r0 :   8 r1 :   3 r2 :   0 r3 :   0 r4 :   5 r5 :   4 r6 :   7 r7 :   1 
r8 :   2 r9 :   0 r10:   4 r11:   4 r12:   0 r13:   2 r14:   0 r15:   2 
r16:   0 r17:   4 r18:   0 r19:   0 r20:   0 r21:   0 r22:  14 r23:   2 
r24:  29 r25:  12 r26:  48 r27:  13 r28:   4 r29:   1 r30: 127 r31:  16 
x  :   7 y  :  62 z  :   8 
Registers used: 25 out of 35 (71.4%)

ATmega32 instruction use summary:
.lds  :   0 .lds.l:   0 .sts  :   0 .sts.l:   0 adc   :   0 add   :   1 
adiw  :   8 and   :   0 andi  :   2 asr   :   0 bclr  :   0 bld   :   0 
brbc  :   0 brbs  :   0 brcc  :   0 brcs  :   0 break :   0 breq  :   4 
brge  :   0 brhc  :   0 brhs  :   0 brid  :   0 brie  :   0 brlo  :   2 
brlt  :   0 brmi  :   0 brne  :  19 brpl  :   1 brsh  :   0 brtc  :   0 
brts  :   1 brvc  :   0 brvs  :   0 bset  :   0 bst   :   0 call  :  18 
cbi   :   5 cbr   :   0 clc   :   0 clh   :   0 cli   :   1 cln   :   0 
clr   :   7 cls   :   0 clt   :   1 clv   :   0 clz   :   0 com   :   2 
cp    :   4 cpc   :   3 cpi   :   3 cpse  :   0 dec   :   5 des   :   0 
eor   :   0 fmul  :   0 fmuls :   0 fmulsu:   0 icall :   0 ijmp  :   0 
in    :   4 inc   :   3 jmp   :  24 ld    :  28 ldd   :   7 ldi   :  70 
lds   :   0 lpm   :   7 lsl   :   0 lsr   :   0 mov   :   8 movw  :  12 
mul   :   0 muls  :   0 mulsu :   0 neg   :   0 nop   :   0 or    :   2 
ori   :   2 out   :  47 pop   :   0 push  :   0 rcall :  21 ret   :  10 
reti  :   1 rjmp  :  13 rol   :   0 ror   :   0 sbc   :   1 sbci  :   1 
sbi   :   5 sbic  :   0 sbis  :   0 sbiw  :   9 sbr   :   0 sbrc  :   0 
sbrs  :   0 sec   :   0 seh   :   0 sei   :   1 sen   :   0 ser   :   0 
ses   :   0 set   :   1 sev   :   0 sez   :   0 sleep :   0 spm   :   0 
st    :  33 std   :   2 sts   :   2 sub   :   1 subi  :   4 swap  :   1 
tst   :   1 wdr   :   1 
Instructions used: 48 out of 116 (41.4%)

ATmega32 memory use summary [bytes]:
Segment   Begin    End      Code   Data   Used    Size   Use%
---------------------------------------------------------------
[.cseg] 0x000000 0x0003b0    906     38    944   32768   2.9%
[.dseg] 0x000060 0x000268      0      8      8    2048   0.4%
[.eseg] 0x000000 0x000000      0      0      0    1024   0.0%

Assembly complete, 0 errors, 11 warnings
