
AVRASM ver. 2.1.30  D:\AZ_Rezpar\HW9\Debug\List\HW9.asm Sun Apr 28 16:46:08 2024

D:\AZ_Rezpar\HW9\Debug\List\HW9.asm(1088): warning: Register r5 already defined by the .DEF directive
D:\AZ_Rezpar\HW9\Debug\List\HW9.asm(1089): warning: Register r4 already defined by the .DEF directive
D:\AZ_Rezpar\HW9\Debug\List\HW9.asm(1090): warning: Register r7 already defined by the .DEF directive
                 
                 
                 ;CodeVisionAVR C Compiler V3.12 Advanced
                 ;(C) Copyright 1998-2014 Pavel Haiduc, HP InfoTech s.r.l.
                 ;http://www.hpinfotech.com
                 
                 ;Build configuration    : Debug
                 ;Chip type              : ATmega32
                 ;Program type           : Application
                 ;Clock frequency        : 8.000000 MHz
                 ;Memory model           : Small
                 ;Optimize for           : Size
                 ;(s)printf features     : int, width
                 ;(s)scanf features      : int, width
                 ;External RAM size      : 0
                 ;Data Stack size        : 512 byte(s)
                 ;Heap size              : 0 byte(s)
                 ;Promote 'char' to 'int': Yes
                 ;'char' is unsigned     : Yes
                 ;8 bit enums            : Yes
                 ;Global 'const' stored in FLASH: Yes
                 ;Enhanced function parameter passing: Yes
                 ;Enhanced core instructions: On
                 ;Automatic register allocation for global variables: On
                 ;Smart register allocation: On
                 
                 	#define _MODEL_SMALL_
                 
                 	#pragma AVRPART ADMIN PART_NAME ATmega32
                 	#pragma AVRPART MEMORY PROG_FLASH 32768
                 	#pragma AVRPART MEMORY EEPROM 1024
                 	#pragma AVRPART MEMORY INT_SRAM SIZE 2048
                 	#pragma AVRPART MEMORY INT_SRAM START_ADDR 0x60
                 
                 	#define CALL_SUPPORTED 1
                 
                 	.LISTMAC
                 	.EQU UDRE=0x5
                 	.EQU RXC=0x7
                 	.EQU USR=0xB
                 	.EQU UDR=0xC
                 	.EQU SPSR=0xE
                 	.EQU SPDR=0xF
                 	.EQU EERE=0x0
                 	.EQU EEWE=0x1
                 	.EQU EEMWE=0x2
                 	.EQU EECR=0x1C
                 	.EQU EEDR=0x1D
                 	.EQU EEARL=0x1E
                 	.EQU EEARH=0x1F
                 	.EQU WDTCR=0x21
                 	.EQU MCUCR=0x35
                 	.EQU GICR=0x3B
                 	.EQU SPL=0x3D
                 	.EQU SPH=0x3E
                 	.EQU SREG=0x3F
                 
                 	.DEF R0X0=R0
                 	.DEF R0X1=R1
                 	.DEF R0X2=R2
                 	.DEF R0X3=R3
                 	.DEF R0X4=R4
                 	.DEF R0X5=R5
                 	.DEF R0X6=R6
                 	.DEF R0X7=R7
                 	.DEF R0X8=R8
                 	.DEF R0X9=R9
                 	.DEF R0XA=R10
                 	.DEF R0XB=R11
                 	.DEF R0XC=R12
                 	.DEF R0XD=R13
                 	.DEF R0XE=R14
                 	.DEF R0XF=R15
                 	.DEF R0X10=R16
                 	.DEF R0X11=R17
                 	.DEF R0X12=R18
                 	.DEF R0X13=R19
                 	.DEF R0X14=R20
                 	.DEF R0X15=R21
                 	.DEF R0X16=R22
                 	.DEF R0X17=R23
                 	.DEF R0X18=R24
                 	.DEF R0X19=R25
                 	.DEF R0X1A=R26
                 	.DEF R0X1B=R27
                 	.DEF R0X1C=R28
                 	.DEF R0X1D=R29
                 	.DEF R0X1E=R30
                 	.DEF R0X1F=R31
                 
                 	.EQU __SRAM_START=0x0060
                 	.EQU __SRAM_END=0x085F
                 	.EQU __DSTACK_SIZE=0x0200
                 	.EQU __HEAP_SIZE=0x0000
                 	.EQU __CLEAR_SRAM_SIZE=__SRAM_END-__SRAM_START+1
                 
                 	.MACRO __CPD1N
                 	CPI  R30,LOW(@0)
                 	LDI  R26,HIGH(@0)
                 	CPC  R31,R26
                 	LDI  R26,BYTE3(@0)
                 	CPC  R22,R26
                 	LDI  R26,BYTE4(@0)
                 	CPC  R23,R26
                 	.ENDM
                 
                 	.MACRO __CPD2N
                 	CPI  R26,LOW(@0)
                 	LDI  R30,HIGH(@0)
                 	CPC  R27,R30
                 	LDI  R30,BYTE3(@0)
                 	CPC  R24,R30
                 	LDI  R30,BYTE4(@0)
                 	CPC  R25,R30
                 	.ENDM
                 
                 	.MACRO __CPWRR
                 	CP   R@0,R@2
                 	CPC  R@1,R@3
                 	.ENDM
                 
                 	.MACRO __CPWRN
                 	CPI  R@0,LOW(@2)
                 	LDI  R30,HIGH(@2)
                 	CPC  R@1,R30
                 	.ENDM
                 
                 	.MACRO __ADDB1MN
                 	SUBI R30,LOW(-@0-(@1))
                 	.ENDM
                 
                 	.MACRO __ADDB2MN
                 	SUBI R26,LOW(-@0-(@1))
                 	.ENDM
                 
                 	.MACRO __ADDW1MN
                 	SUBI R30,LOW(-@0-(@1))
                 	SBCI R31,HIGH(-@0-(@1))
                 	.ENDM
                 
                 	.MACRO __ADDW2MN
                 	SUBI R26,LOW(-@0-(@1))
                 	SBCI R27,HIGH(-@0-(@1))
                 	.ENDM
                 
                 	.MACRO __ADDW1FN
                 	SUBI R30,LOW(-2*@0-(@1))
                 	SBCI R31,HIGH(-2*@0-(@1))
                 	.ENDM
                 
                 	.MACRO __ADDD1FN
                 	SUBI R30,LOW(-2*@0-(@1))
                 	SBCI R31,HIGH(-2*@0-(@1))
                 	SBCI R22,BYTE3(-2*@0-(@1))
                 	.ENDM
                 
                 	.MACRO __ADDD1N
                 	SUBI R30,LOW(-@0)
                 	SBCI R31,HIGH(-@0)
                 	SBCI R22,BYTE3(-@0)
                 	SBCI R23,BYTE4(-@0)
                 	.ENDM
                 
                 	.MACRO __ADDD2N
                 	SUBI R26,LOW(-@0)
                 	SBCI R27,HIGH(-@0)
                 	SBCI R24,BYTE3(-@0)
                 	SBCI R25,BYTE4(-@0)
                 	.ENDM
                 
                 	.MACRO __SUBD1N
                 	SUBI R30,LOW(@0)
                 	SBCI R31,HIGH(@0)
                 	SBCI R22,BYTE3(@0)
                 	SBCI R23,BYTE4(@0)
                 	.ENDM
                 
                 	.MACRO __SUBD2N
                 	SUBI R26,LOW(@0)
                 	SBCI R27,HIGH(@0)
                 	SBCI R24,BYTE3(@0)
                 	SBCI R25,BYTE4(@0)
                 	.ENDM
                 
                 	.MACRO __ANDBMNN
                 	LDS  R30,@0+(@1)
                 	ANDI R30,LOW(@2)
                 	STS  @0+(@1),R30
                 	.ENDM
                 
                 	.MACRO __ANDWMNN
                 	LDS  R30,@0+(@1)
                 	ANDI R30,LOW(@2)
                 	STS  @0+(@1),R30
                 	LDS  R30,@0+(@1)+1
                 	ANDI R30,HIGH(@2)
                 	STS  @0+(@1)+1,R30
                 	.ENDM
                 
                 	.MACRO __ANDD1N
                 	ANDI R30,LOW(@0)
                 	ANDI R31,HIGH(@0)
                 	ANDI R22,BYTE3(@0)
                 	ANDI R23,BYTE4(@0)
                 	.ENDM
                 
                 	.MACRO __ANDD2N
                 	ANDI R26,LOW(@0)
                 	ANDI R27,HIGH(@0)
                 	ANDI R24,BYTE3(@0)
                 	ANDI R25,BYTE4(@0)
                 	.ENDM
                 
                 	.MACRO __ORBMNN
                 	LDS  R30,@0+(@1)
                 	ORI  R30,LOW(@2)
                 	STS  @0+(@1),R30
                 	.ENDM
                 
                 	.MACRO __ORWMNN
                 	LDS  R30,@0+(@1)
                 	ORI  R30,LOW(@2)
                 	STS  @0+(@1),R30
                 	LDS  R30,@0+(@1)+1
                 	ORI  R30,HIGH(@2)
                 	STS  @0+(@1)+1,R30
                 	.ENDM
                 
                 	.MACRO __ORD1N
                 	ORI  R30,LOW(@0)
                 	ORI  R31,HIGH(@0)
                 	ORI  R22,BYTE3(@0)
                 	ORI  R23,BYTE4(@0)
                 	.ENDM
                 
                 	.MACRO __ORD2N
                 	ORI  R26,LOW(@0)
                 	ORI  R27,HIGH(@0)
                 	ORI  R24,BYTE3(@0)
                 	ORI  R25,BYTE4(@0)
                 	.ENDM
                 
                 	.MACRO __DELAY_USB
                 	LDI  R24,LOW(@0)
                 __DELAY_USB_LOOP:
                 	DEC  R24
                 	BRNE __DELAY_USB_LOOP
                 	.ENDM
                 
                 	.MACRO __DELAY_USW
                 	LDI  R24,LOW(@0)
                 	LDI  R25,HIGH(@0)
                 __DELAY_USW_LOOP:
                 	SBIW R24,1
                 	BRNE __DELAY_USW_LOOP
                 	.ENDM
                 
                 	.MACRO __GETD1S
                 	LDD  R30,Y+@0
                 	LDD  R31,Y+@0+1
                 	LDD  R22,Y+@0+2
                 	LDD  R23,Y+@0+3
                 	.ENDM
                 
                 	.MACRO __GETD2S
                 	LDD  R26,Y+@0
                 	LDD  R27,Y+@0+1
                 	LDD  R24,Y+@0+2
                 	LDD  R25,Y+@0+3
                 	.ENDM
                 
                 	.MACRO __PUTD1S
                 	STD  Y+@0,R30
                 	STD  Y+@0+1,R31
                 	STD  Y+@0+2,R22
                 	STD  Y+@0+3,R23
                 	.ENDM
                 
                 	.MACRO __PUTD2S
                 	STD  Y+@0,R26
                 	STD  Y+@0+1,R27
                 	STD  Y+@0+2,R24
                 	STD  Y+@0+3,R25
                 	.ENDM
                 
                 	.MACRO __PUTDZ2
                 	STD  Z+@0,R26
                 	STD  Z+@0+1,R27
                 	STD  Z+@0+2,R24
                 	STD  Z+@0+3,R25
                 	.ENDM
                 
                 	.MACRO __CLRD1S
                 	STD  Y+@0,R30
                 	STD  Y+@0+1,R30
                 	STD  Y+@0+2,R30
                 	STD  Y+@0+3,R30
                 	.ENDM
                 
                 	.MACRO __POINTB1MN
                 	LDI  R30,LOW(@0+(@1))
                 	.ENDM
                 
                 	.MACRO __POINTW1MN
                 	LDI  R30,LOW(@0+(@1))
                 	LDI  R31,HIGH(@0+(@1))
                 	.ENDM
                 
                 	.MACRO __POINTD1M
                 	LDI  R30,LOW(@0)
                 	LDI  R31,HIGH(@0)
                 	LDI  R22,BYTE3(@0)
                 	LDI  R23,BYTE4(@0)
                 	.ENDM
                 
                 	.MACRO __POINTW1FN
                 	LDI  R30,LOW(2*@0+(@1))
                 	LDI  R31,HIGH(2*@0+(@1))
                 	.ENDM
                 
                 	.MACRO __POINTD1FN
                 	LDI  R30,LOW(2*@0+(@1))
                 	LDI  R31,HIGH(2*@0+(@1))
                 	LDI  R22,BYTE3(2*@0+(@1))
                 	LDI  R23,BYTE4(2*@0+(@1))
                 	.ENDM
                 
                 	.MACRO __POINTB2MN
                 	LDI  R26,LOW(@0+(@1))
                 	.ENDM
                 
                 	.MACRO __POINTW2MN
                 	LDI  R26,LOW(@0+(@1))
                 	LDI  R27,HIGH(@0+(@1))
                 	.ENDM
                 
                 	.MACRO __POINTW2FN
                 	LDI  R26,LOW(2*@0+(@1))
                 	LDI  R27,HIGH(2*@0+(@1))
                 	.ENDM
                 
                 	.MACRO __POINTD2FN
                 	LDI  R26,LOW(2*@0+(@1))
                 	LDI  R27,HIGH(2*@0+(@1))
                 	LDI  R24,BYTE3(2*@0+(@1))
                 	LDI  R25,BYTE4(2*@0+(@1))
                 	.ENDM
                 
                 	.MACRO __POINTBRM
                 	LDI  R@0,LOW(@1)
                 	.ENDM
                 
                 	.MACRO __POINTWRM
                 	LDI  R@0,LOW(@2)
                 	LDI  R@1,HIGH(@2)
                 	.ENDM
                 
                 	.MACRO __POINTBRMN
                 	LDI  R@0,LOW(@1+(@2))
                 	.ENDM
                 
                 	.MACRO __POINTWRMN
                 	LDI  R@0,LOW(@2+(@3))
                 	LDI  R@1,HIGH(@2+(@3))
                 	.ENDM
                 
                 	.MACRO __POINTWRFN
                 	LDI  R@0,LOW(@2*2+(@3))
                 	LDI  R@1,HIGH(@2*2+(@3))
                 	.ENDM
                 
                 	.MACRO __GETD1N
                 	LDI  R30,LOW(@0)
                 	LDI  R31,HIGH(@0)
                 	LDI  R22,BYTE3(@0)
                 	LDI  R23,BYTE4(@0)
                 	.ENDM
                 
                 	.MACRO __GETD2N
                 	LDI  R26,LOW(@0)
                 	LDI  R27,HIGH(@0)
                 	LDI  R24,BYTE3(@0)
                 	LDI  R25,BYTE4(@0)
                 	.ENDM
                 
                 	.MACRO __GETB1MN
                 	LDS  R30,@0+(@1)
                 	.ENDM
                 
                 	.MACRO __GETB1HMN
                 	LDS  R31,@0+(@1)
                 	.ENDM
                 
                 	.MACRO __GETW1MN
                 	LDS  R30,@0+(@1)
                 	LDS  R31,@0+(@1)+1
                 	.ENDM
                 
                 	.MACRO __GETD1MN
                 	LDS  R30,@0+(@1)
                 	LDS  R31,@0+(@1)+1
                 	LDS  R22,@0+(@1)+2
                 	LDS  R23,@0+(@1)+3
                 	.ENDM
                 
                 	.MACRO __GETBRMN
                 	LDS  R@0,@1+(@2)
                 	.ENDM
                 
                 	.MACRO __GETWRMN
                 	LDS  R@0,@2+(@3)
                 	LDS  R@1,@2+(@3)+1
                 	.ENDM
                 
                 	.MACRO __GETWRZ
                 	LDD  R@0,Z+@2
                 	LDD  R@1,Z+@2+1
                 	.ENDM
                 
                 	.MACRO __GETD2Z
                 	LDD  R26,Z+@0
                 	LDD  R27,Z+@0+1
                 	LDD  R24,Z+@0+2
                 	LDD  R25,Z+@0+3
                 	.ENDM
                 
                 	.MACRO __GETB2MN
                 	LDS  R26,@0+(@1)
                 	.ENDM
                 
                 	.MACRO __GETW2MN
                 	LDS  R26,@0+(@1)
                 	LDS  R27,@0+(@1)+1
                 	.ENDM
                 
                 	.MACRO __GETD2MN
                 	LDS  R26,@0+(@1)
                 	LDS  R27,@0+(@1)+1
                 	LDS  R24,@0+(@1)+2
                 	LDS  R25,@0+(@1)+3
                 	.ENDM
                 
                 	.MACRO __PUTB1MN
                 	STS  @0+(@1),R30
                 	.ENDM
                 
                 	.MACRO __PUTW1MN
                 	STS  @0+(@1),R30
                 	STS  @0+(@1)+1,R31
                 	.ENDM
                 
                 	.MACRO __PUTD1MN
                 	STS  @0+(@1),R30
                 	STS  @0+(@1)+1,R31
                 	STS  @0+(@1)+2,R22
                 	STS  @0+(@1)+3,R23
                 	.ENDM
                 
                 	.MACRO __PUTB1EN
                 	LDI  R26,LOW(@0+(@1))
                 	LDI  R27,HIGH(@0+(@1))
                 	CALL __EEPROMWRB
                 	.ENDM
                 
                 	.MACRO __PUTW1EN
                 	LDI  R26,LOW(@0+(@1))
                 	LDI  R27,HIGH(@0+(@1))
                 	CALL __EEPROMWRW
                 	.ENDM
                 
                 	.MACRO __PUTD1EN
                 	LDI  R26,LOW(@0+(@1))
                 	LDI  R27,HIGH(@0+(@1))
                 	CALL __EEPROMWRD
                 	.ENDM
                 
                 	.MACRO __PUTBR0MN
                 	STS  @0+(@1),R0
                 	.ENDM
                 
                 	.MACRO __PUTBMRN
                 	STS  @0+(@1),R@2
                 	.ENDM
                 
                 	.MACRO __PUTWMRN
                 	STS  @0+(@1),R@2
                 	STS  @0+(@1)+1,R@3
                 	.ENDM
                 
                 	.MACRO __PUTBZR
                 	STD  Z+@1,R@0
                 	.ENDM
                 
                 	.MACRO __PUTWZR
                 	STD  Z+@2,R@0
                 	STD  Z+@2+1,R@1
                 	.ENDM
                 
                 	.MACRO __GETW1R
                 	MOV  R30,R@0
                 	MOV  R31,R@1
                 	.ENDM
                 
                 	.MACRO __GETW2R
                 	MOV  R26,R@0
                 	MOV  R27,R@1
                 	.ENDM
                 
                 	.MACRO __GETWRN
                 	LDI  R@0,LOW(@2)
                 	LDI  R@1,HIGH(@2)
                 	.ENDM
                 
                 	.MACRO __PUTW1R
                 	MOV  R@0,R30
                 	MOV  R@1,R31
                 	.ENDM
                 
                 	.MACRO __PUTW2R
                 	MOV  R@0,R26
                 	MOV  R@1,R27
                 	.ENDM
                 
                 	.MACRO __ADDWRN
                 	SUBI R@0,LOW(-@2)
                 	SBCI R@1,HIGH(-@2)
                 	.ENDM
                 
                 	.MACRO __ADDWRR
                 	ADD  R@0,R@2
                 	ADC  R@1,R@3
                 	.ENDM
                 
                 	.MACRO __SUBWRN
                 	SUBI R@0,LOW(@2)
                 	SBCI R@1,HIGH(@2)
                 	.ENDM
                 
                 	.MACRO __SUBWRR
                 	SUB  R@0,R@2
                 	SBC  R@1,R@3
                 	.ENDM
                 
                 	.MACRO __ANDWRN
                 	ANDI R@0,LOW(@2)
                 	ANDI R@1,HIGH(@2)
                 	.ENDM
                 
                 	.MACRO __ANDWRR
                 	AND  R@0,R@2
                 	AND  R@1,R@3
                 	.ENDM
                 
                 	.MACRO __ORWRN
                 	ORI  R@0,LOW(@2)
                 	ORI  R@1,HIGH(@2)
                 	.ENDM
                 
                 	.MACRO __ORWRR
                 	OR   R@0,R@2
                 	OR   R@1,R@3
                 	.ENDM
                 
                 	.MACRO __EORWRR
                 	EOR  R@0,R@2
                 	EOR  R@1,R@3
                 	.ENDM
                 
                 	.MACRO __GETWRS
                 	LDD  R@0,Y+@2
                 	LDD  R@1,Y+@2+1
                 	.ENDM
                 
                 	.MACRO __PUTBSR
                 	STD  Y+@1,R@0
                 	.ENDM
                 
                 	.MACRO __PUTWSR
                 	STD  Y+@2,R@0
                 	STD  Y+@2+1,R@1
                 	.ENDM
                 
                 	.MACRO __MOVEWRR
                 	MOV  R@0,R@2
                 	MOV  R@1,R@3
                 	.ENDM
                 
                 	.MACRO __INWR
                 	IN   R@0,@2
                 	IN   R@1,@2+1
                 	.ENDM
                 
                 	.MACRO __OUTWR
                 	OUT  @2+1,R@1
                 	OUT  @2,R@0
                 	.ENDM
                 
                 	.MACRO __CALL1MN
                 	LDS  R30,@0+(@1)
                 	LDS  R31,@0+(@1)+1
                 	ICALL
                 	.ENDM
                 
                 	.MACRO __CALL1FN
                 	LDI  R30,LOW(2*@0+(@1))
                 	LDI  R31,HIGH(2*@0+(@1))
                 	CALL __GETW1PF
                 	ICALL
                 	.ENDM
                 
                 	.MACRO __CALL2EN
                 	PUSH R26
                 	PUSH R27
                 	LDI  R26,LOW(@0+(@1))
                 	LDI  R27,HIGH(@0+(@1))
                 	CALL __EEPROMRDW
                 	POP  R27
                 	POP  R26
                 	ICALL
                 	.ENDM
                 
                 	.MACRO __CALL2EX
                 	SUBI R26,LOW(-@0)
                 	SBCI R27,HIGH(-@0)
                 	CALL __EEPROMRDD
                 	ICALL
                 	.ENDM
                 
                 	.MACRO __GETW1STACK
                 	IN   R30,SPL
                 	IN   R31,SPH
                 	ADIW R30,@0+1
                 	LD   R0,Z+
                 	LD   R31,Z
                 	MOV  R30,R0
                 	.ENDM
                 
                 	.MACRO __GETD1STACK
                 	IN   R30,SPL
                 	IN   R31,SPH
                 	ADIW R30,@0+1
                 	LD   R0,Z+
                 	LD   R1,Z+
                 	LD   R22,Z
                 	MOVW R30,R0
                 	.ENDM
                 
                 	.MACRO __NBST
                 	BST  R@0,@1
                 	IN   R30,SREG
                 	LDI  R31,0x40
                 	EOR  R30,R31
                 	OUT  SREG,R30
                 	.ENDM
                 
                 
                 	.MACRO __PUTB1SN
                 	LDD  R26,Y+@0
                 	LDD  R27,Y+@0+1
                 	SUBI R26,LOW(-@1)
                 	SBCI R27,HIGH(-@1)
                 	ST   X,R30
                 	.ENDM
                 
                 	.MACRO __PUTW1SN
                 	LDD  R26,Y+@0
                 	LDD  R27,Y+@0+1
                 	SUBI R26,LOW(-@1)
                 	SBCI R27,HIGH(-@1)
                 	ST   X+,R30
                 	ST   X,R31
                 	.ENDM
                 
                 	.MACRO __PUTD1SN
                 	LDD  R26,Y+@0
                 	LDD  R27,Y+@0+1
                 	SUBI R26,LOW(-@1)
                 	SBCI R27,HIGH(-@1)
                 	CALL __PUTDP1
                 	.ENDM
                 
                 	.MACRO __PUTB1SNS
                 	LDD  R26,Y+@0
                 	LDD  R27,Y+@0+1
                 	ADIW R26,@1
                 	ST   X,R30
                 	.ENDM
                 
                 	.MACRO __PUTW1SNS
                 	LDD  R26,Y+@0
                 	LDD  R27,Y+@0+1
                 	ADIW R26,@1
                 	ST   X+,R30
                 	ST   X,R31
                 	.ENDM
                 
                 	.MACRO __PUTD1SNS
                 	LDD  R26,Y+@0
                 	LDD  R27,Y+@0+1
                 	ADIW R26,@1
                 	CALL __PUTDP1
                 	.ENDM
                 
                 	.MACRO __PUTB1PMN
                 	LDS  R26,@0
                 	LDS  R27,@0+1
                 	SUBI R26,LOW(-@1)
                 	SBCI R27,HIGH(-@1)
                 	ST   X,R30
                 	.ENDM
                 
                 	.MACRO __PUTW1PMN
                 	LDS  R26,@0
                 	LDS  R27,@0+1
                 	SUBI R26,LOW(-@1)
                 	SBCI R27,HIGH(-@1)
                 	ST   X+,R30
                 	ST   X,R31
                 	.ENDM
                 
                 	.MACRO __PUTD1PMN
                 	LDS  R26,@0
                 	LDS  R27,@0+1
                 	SUBI R26,LOW(-@1)
                 	SBCI R27,HIGH(-@1)
                 	CALL __PUTDP1
                 	.ENDM
                 
                 	.MACRO __PUTB1PMNS
                 	LDS  R26,@0
                 	LDS  R27,@0+1
                 	ADIW R26,@1
                 	ST   X,R30
                 	.ENDM
                 
                 	.MACRO __PUTW1PMNS
                 	LDS  R26,@0
                 	LDS  R27,@0+1
                 	ADIW R26,@1
                 	ST   X+,R30
                 	ST   X,R31
                 	.ENDM
                 
                 	.MACRO __PUTD1PMNS
                 	LDS  R26,@0
                 	LDS  R27,@0+1
                 	ADIW R26,@1
                 	CALL __PUTDP1
                 	.ENDM
                 
                 	.MACRO __PUTB1RN
                 	MOVW R26,R@0
                 	SUBI R26,LOW(-@1)
                 	SBCI R27,HIGH(-@1)
                 	ST   X,R30
                 	.ENDM
                 
                 	.MACRO __PUTW1RN
                 	MOVW R26,R@0
                 	SUBI R26,LOW(-@1)
                 	SBCI R27,HIGH(-@1)
                 	ST   X+,R30
                 	ST   X,R31
                 	.ENDM
                 
                 	.MACRO __PUTD1RN
                 	MOVW R26,R@0
                 	SUBI R26,LOW(-@1)
                 	SBCI R27,HIGH(-@1)
                 	CALL __PUTDP1
                 	.ENDM
                 
                 	.MACRO __PUTB1RNS
                 	MOVW R26,R@0
                 	ADIW R26,@1
                 	ST   X,R30
                 	.ENDM
                 
                 	.MACRO __PUTW1RNS
                 	MOVW R26,R@0
                 	ADIW R26,@1
                 	ST   X+,R30
                 	ST   X,R31
                 	.ENDM
                 
                 	.MACRO __PUTD1RNS
                 	MOVW R26,R@0
                 	ADIW R26,@1
                 	CALL __PUTDP1
                 	.ENDM
                 
                 	.MACRO __PUTB1RON
                 	MOV  R26,R@0
                 	MOV  R27,R@1
                 	SUBI R26,LOW(-@2)
                 	SBCI R27,HIGH(-@2)
                 	ST   X,R30
                 	.ENDM
                 
                 	.MACRO __PUTW1RON
                 	MOV  R26,R@0
                 	MOV  R27,R@1
                 	SUBI R26,LOW(-@2)
                 	SBCI R27,HIGH(-@2)
                 	ST   X+,R30
                 	ST   X,R31
                 	.ENDM
                 
                 	.MACRO __PUTD1RON
                 	MOV  R26,R@0
                 	MOV  R27,R@1
                 	SUBI R26,LOW(-@2)
                 	SBCI R27,HIGH(-@2)
                 	CALL __PUTDP1
                 	.ENDM
                 
                 	.MACRO __PUTB1RONS
                 	MOV  R26,R@0
                 	MOV  R27,R@1
                 	ADIW R26,@2
                 	ST   X,R30
                 	.ENDM
                 
                 	.MACRO __PUTW1RONS
                 	MOV  R26,R@0
                 	MOV  R27,R@1
                 	ADIW R26,@2
                 	ST   X+,R30
                 	ST   X,R31
                 	.ENDM
                 
                 	.MACRO __PUTD1RONS
                 	MOV  R26,R@0
                 	MOV  R27,R@1
                 	ADIW R26,@2
                 	CALL __PUTDP1
                 	.ENDM
                 
                 
                 	.MACRO __GETB1SX
                 	MOVW R30,R28
                 	SUBI R30,LOW(-@0)
                 	SBCI R31,HIGH(-@0)
                 	LD   R30,Z
                 	.ENDM
                 
                 	.MACRO __GETB1HSX
                 	MOVW R30,R28
                 	SUBI R30,LOW(-@0)
                 	SBCI R31,HIGH(-@0)
                 	LD   R31,Z
                 	.ENDM
                 
                 	.MACRO __GETW1SX
                 	MOVW R30,R28
                 	SUBI R30,LOW(-@0)
                 	SBCI R31,HIGH(-@0)
                 	LD   R0,Z+
                 	LD   R31,Z
                 	MOV  R30,R0
                 	.ENDM
                 
                 	.MACRO __GETD1SX
                 	MOVW R30,R28
                 	SUBI R30,LOW(-@0)
                 	SBCI R31,HIGH(-@0)
                 	LD   R0,Z+
                 	LD   R1,Z+
                 	LD   R22,Z+
                 	LD   R23,Z
                 	MOVW R30,R0
                 	.ENDM
                 
                 	.MACRO __GETB2SX
                 	MOVW R26,R28
                 	SUBI R26,LOW(-@0)
                 	SBCI R27,HIGH(-@0)
                 	LD   R26,X
                 	.ENDM
                 
                 	.MACRO __GETW2SX
                 	MOVW R26,R28
                 	SUBI R26,LOW(-@0)
                 	SBCI R27,HIGH(-@0)
                 	LD   R0,X+
                 	LD   R27,X
                 	MOV  R26,R0
                 	.ENDM
                 
                 	.MACRO __GETD2SX
                 	MOVW R26,R28
                 	SUBI R26,LOW(-@0)
                 	SBCI R27,HIGH(-@0)
                 	LD   R0,X+
                 	LD   R1,X+
                 	LD   R24,X+
                 	LD   R25,X
                 	MOVW R26,R0
                 	.ENDM
                 
                 	.MACRO __GETBRSX
                 	MOVW R30,R28
                 	SUBI R30,LOW(-@1)
                 	SBCI R31,HIGH(-@1)
                 	LD   R@0,Z
                 	.ENDM
                 
                 	.MACRO __GETWRSX
                 	MOVW R30,R28
                 	SUBI R30,LOW(-@2)
                 	SBCI R31,HIGH(-@2)
                 	LD   R@0,Z+
                 	LD   R@1,Z
                 	.ENDM
                 
                 	.MACRO __GETBRSX2
                 	MOVW R26,R28
                 	SUBI R26,LOW(-@1)
                 	SBCI R27,HIGH(-@1)
                 	LD   R@0,X
                 	.ENDM
                 
                 	.MACRO __GETWRSX2
                 	MOVW R26,R28
                 	SUBI R26,LOW(-@2)
                 	SBCI R27,HIGH(-@2)
                 	LD   R@0,X+
                 	LD   R@1,X
                 	.ENDM
                 
                 	.MACRO __LSLW8SX
                 	MOVW R30,R28
                 	SUBI R30,LOW(-@0)
                 	SBCI R31,HIGH(-@0)
                 	LD   R31,Z
                 	CLR  R30
                 	.ENDM
                 
                 	.MACRO __PUTB1SX
                 	MOVW R26,R28
                 	SUBI R26,LOW(-@0)
                 	SBCI R27,HIGH(-@0)
                 	ST   X,R30
                 	.ENDM
                 
                 	.MACRO __PUTW1SX
                 	MOVW R26,R28
                 	SUBI R26,LOW(-@0)
                 	SBCI R27,HIGH(-@0)
                 	ST   X+,R30
                 	ST   X,R31
                 	.ENDM
                 
                 	.MACRO __PUTD1SX
                 	MOVW R26,R28
                 	SUBI R26,LOW(-@0)
                 	SBCI R27,HIGH(-@0)
                 	ST   X+,R30
                 	ST   X+,R31
                 	ST   X+,R22
                 	ST   X,R23
                 	.ENDM
                 
                 	.MACRO __CLRW1SX
                 	MOVW R26,R28
                 	SUBI R26,LOW(-@0)
                 	SBCI R27,HIGH(-@0)
                 	ST   X+,R30
                 	ST   X,R30
                 	.ENDM
                 
                 	.MACRO __CLRD1SX
                 	MOVW R26,R28
                 	SUBI R26,LOW(-@0)
                 	SBCI R27,HIGH(-@0)
                 	ST   X+,R30
                 	ST   X+,R30
                 	ST   X+,R30
                 	ST   X,R30
                 	.ENDM
                 
                 	.MACRO __PUTB2SX
                 	MOVW R30,R28
                 	SUBI R30,LOW(-@0)
                 	SBCI R31,HIGH(-@0)
                 	ST   Z,R26
                 	.ENDM
                 
                 	.MACRO __PUTW2SX
                 	MOVW R30,R28
                 	SUBI R30,LOW(-@0)
                 	SBCI R31,HIGH(-@0)
                 	ST   Z+,R26
                 	ST   Z,R27
                 	.ENDM
                 
                 	.MACRO __PUTD2SX
                 	MOVW R30,R28
                 	SUBI R30,LOW(-@0)
                 	SBCI R31,HIGH(-@0)
                 	ST   Z+,R26
                 	ST   Z+,R27
                 	ST   Z+,R24
                 	ST   Z,R25
                 	.ENDM
                 
                 	.MACRO __PUTBSRX
                 	MOVW R30,R28
                 	SUBI R30,LOW(-@1)
                 	SBCI R31,HIGH(-@1)
                 	ST   Z,R@0
                 	.ENDM
                 
                 	.MACRO __PUTWSRX
                 	MOVW R30,R28
                 	SUBI R30,LOW(-@2)
                 	SBCI R31,HIGH(-@2)
                 	ST   Z+,R@0
                 	ST   Z,R@1
                 	.ENDM
                 
                 	.MACRO __PUTB1SNX
                 	MOVW R26,R28
                 	SUBI R26,LOW(-@0)
                 	SBCI R27,HIGH(-@0)
                 	LD   R0,X+
                 	LD   R27,X
                 	MOV  R26,R0
                 	SUBI R26,LOW(-@1)
                 	SBCI R27,HIGH(-@1)
                 	ST   X,R30
                 	.ENDM
                 
                 	.MACRO __PUTW1SNX
                 	MOVW R26,R28
                 	SUBI R26,LOW(-@0)
                 	SBCI R27,HIGH(-@0)
                 	LD   R0,X+
                 	LD   R27,X
                 	MOV  R26,R0
                 	SUBI R26,LOW(-@1)
                 	SBCI R27,HIGH(-@1)
                 	ST   X+,R30
                 	ST   X,R31
                 	.ENDM
                 
                 	.MACRO __PUTD1SNX
                 	MOVW R26,R28
                 	SUBI R26,LOW(-@0)
                 	SBCI R27,HIGH(-@0)
                 	LD   R0,X+
                 	LD   R27,X
                 	MOV  R26,R0
                 	SUBI R26,LOW(-@1)
                 	SBCI R27,HIGH(-@1)
                 	ST   X+,R30
                 	ST   X+,R31
                 	ST   X+,R22
                 	ST   X,R23
                 	.ENDM
                 
                 	.MACRO __MULBRR
                 	MULS R@0,R@1
                 	MOVW R30,R0
                 	.ENDM
                 
                 	.MACRO __MULBRRU
                 	MUL  R@0,R@1
                 	MOVW R30,R0
                 	.ENDM
                 
                 	.MACRO __MULBRR0
                 	MULS R@0,R@1
                 	.ENDM
                 
                 	.MACRO __MULBRRU0
                 	MUL  R@0,R@1
                 	.ENDM
                 
                 	.MACRO __MULBNWRU
                 	LDI  R26,@2
                 	MUL  R26,R@0
                 	MOVW R30,R0
                 	MUL  R26,R@1
                 	ADD  R31,R0
                 	.ENDM
                 
                 ;NAME DEFINITIONS FOR GLOBAL VARIABLES ALLOCATED TO REGISTERS
                 	.DEF __lcd_x=R5
                 	.DEF __lcd_y=R4
                 	.DEF __lcd_maxx=R7
                 
                 	.CSEG
                 	.ORG 0x00
                 
                 ;START OF CODE MARKER
                 __START_OF_CODE:
                 
                 ;INTERRUPT VECTORS
000000 940c 003f 	JMP  __RESET
000002 940c 0000 	JMP  0x00
000004 940c 0000 	JMP  0x00
000006 940c 0000 	JMP  0x00
000008 940c 0000 	JMP  0x00
00000a 940c 0000 	JMP  0x00
00000c 940c 0000 	JMP  0x00
00000e 940c 0000 	JMP  0x00
000010 940c 0000 	JMP  0x00
000012 940c 0000 	JMP  0x00
000014 940c 0000 	JMP  0x00
000016 940c 0000 	JMP  0x00
000018 940c 0000 	JMP  0x00
00001a 940c 0000 	JMP  0x00
00001c 940c 0000 	JMP  0x00
00001e 940c 0000 	JMP  0x00
000020 940c 0000 	JMP  0x00
000022 940c 0000 	JMP  0x00
000024 940c 0000 	JMP  0x00
000026 940c 0000 	JMP  0x00
000028 940c 0000 	JMP  0x00
                 
                 _tbl10_G101:
00002a 2710
00002b 03e8
00002c 0064
00002d 000a      	.DB  0x10,0x27,0xE8,0x3,0x64,0x0,0xA,0x0
00002e 0001      	.DB  0x1,0x0
                 _tbl16_G101:
00002f 1000
000030 0100
000031 0010
000032 0001      	.DB  0x0,0x10,0x0,0x1,0x10,0x0,0x1,0x0
                 
                 _0x3:
000033 6f50
000034 726f
000035 6169
000036 5220      	.DB  0x50,0x6F,0x6F,0x72,0x69,0x61,0x20,0x52
000037 6861
000038 6d69
000039 0069      	.DB  0x61,0x68,0x69,0x6D,0x69,0x0
                 _0x2000003:
00003a c080      	.DB  0x80,0xC0
                 
                 __GLOBAL_INI_TBL:
00003b 0002      	.DW  0x02
00003c 0260      	.DW  __base_y_G100
00003d 0074      	.DW  _0x2000003*2
                 
                 _0xFFFFFFFF:
00003e 0000      	.DW  0
                 
                 #define __GLOBAL_INI_TBL_PRESENT 1
                 
                 __RESET:
00003f 94f8      	CLI
000040 27ee      	CLR  R30
000041 bbec      	OUT  EECR,R30
                 
                 ;INTERRUPT VECTORS ARE PLACED
                 ;AT THE START OF FLASH
000042 e0f1      	LDI  R31,1
000043 bffb      	OUT  GICR,R31
000044 bfeb      	OUT  GICR,R30
000045 bfe5      	OUT  MCUCR,R30
                 
                 ;CLEAR R2-R14
000046 e08d      	LDI  R24,(14-2)+1
000047 e0a2      	LDI  R26,2
000048 27bb      	CLR  R27
                 __CLEAR_REG:
000049 93ed      	ST   X+,R30
00004a 958a      	DEC  R24
00004b f7e9      	BRNE __CLEAR_REG
                 
                 ;CLEAR SRAM
00004c e080      	LDI  R24,LOW(__CLEAR_SRAM_SIZE)
00004d e098      	LDI  R25,HIGH(__CLEAR_SRAM_SIZE)
00004e e6a0      	LDI  R26,__SRAM_START
                 __CLEAR_SRAM:
00004f 93ed      	ST   X+,R30
000050 9701      	SBIW R24,1
000051 f7e9      	BRNE __CLEAR_SRAM
                 
                 ;GLOBAL VARIABLES INITIALIZATION
000052 e7e6      	LDI  R30,LOW(__GLOBAL_INI_TBL*2)
000053 e0f0      	LDI  R31,HIGH(__GLOBAL_INI_TBL*2)
                 __GLOBAL_INI_NEXT:
000054 9185      	LPM  R24,Z+
000055 9195      	LPM  R25,Z+
000056 9700      	SBIW R24,0
000057 f061      	BREQ __GLOBAL_INI_END
000058 91a5      	LPM  R26,Z+
000059 91b5      	LPM  R27,Z+
00005a 9005      	LPM  R0,Z+
00005b 9015      	LPM  R1,Z+
00005c 01bf      	MOVW R22,R30
00005d 01f0      	MOVW R30,R0
                 __GLOBAL_INI_LOOP:
00005e 9005      	LPM  R0,Z+
00005f 920d      	ST   X+,R0
000060 9701      	SBIW R24,1
000061 f7e1      	BRNE __GLOBAL_INI_LOOP
000062 01fb      	MOVW R30,R22
000063 cff0      	RJMP __GLOBAL_INI_NEXT
                 __GLOBAL_INI_END:
                 
                 ;HARDWARE STACK POINTER INITIALIZATION
000064 e5ef      	LDI  R30,LOW(__SRAM_END-__HEAP_SIZE)
000065 bfed      	OUT  SPL,R30
000066 e0e8      	LDI  R30,HIGH(__SRAM_END-__HEAP_SIZE)
000067 bfee      	OUT  SPH,R30
                 
                 ;DATA STACK POINTER INITIALIZATION
000068 e6c0      	LDI  R28,LOW(__SRAM_START+__DSTACK_SIZE)
000069 e0d2      	LDI  R29,HIGH(__SRAM_START+__DSTACK_SIZE)
                 
00006a 940c 006c 	JMP  _main
                 
                 	.ESEG
                 	.ORG 0
                 
                 	.DSEG
                 	.ORG 0x260
                 
                 	.CSEG
                 ;/*******************************************************
                 ;This program was created by the
                 ;CodeWizardAVR V3.12 Advanced
                 ;Automatic Program Generator
                 ;© Copyright 1998-2014 Pavel Haiduc, HP InfoTech s.r.l.
                 ;http://www.hpinfotech.com
                 ;
                 ;Project : HW9
                 ;Version : 1.0
                 ;Date    : 4/28/2024
                 ;Author  : Pooria rahimi
                 ;Company : IUST
                 ;Comments:
                 ;
                 ;
                 ;Chip type               : ATmega32
                 ;Program type            : Application
                 ;AVR Core Clock frequency: 8.000000 MHz
                 ;Memory model            : Small
                 ;External RAM size       : 0
                 ;Data Stack size         : 512
                 ;*******************************************************/
                 ;
                 ;#include <mega32.h>
                 	#ifndef __SLEEP_DEFINED__
                 	#define __SLEEP_DEFINED__
                 	.EQU __se_bit=0x80
                 	.EQU __sm_mask=0x70
                 	.EQU __sm_powerdown=0x20
                 	.EQU __sm_powersave=0x30
                 	.EQU __sm_standby=0x60
                 	.EQU __sm_ext_standby=0x70
                 	.EQU __sm_adc_noise_red=0x10
                 	.SET power_ctrl_reg=mcucr
                 	#endif
                 ;#include <delay.h>
                 ;// Alphanumeric LCD functions
                 ;#include <alcd.h>
                 ;
                 ;// Declare your global variables here
                 ;
                 ;// Standard Input/Output functions
                 ;#include <stdio.h>
                 ;
                 ;void main(void)
                 ; 0000 0023 {
                 
                 	.CSEG
                 _main:
                 ; .FSTART _main
                 ; 0000 0024     // Declare your local variables here
                 ; 0000 0025     char input;
                 ; 0000 0026     char name[] = "Pooria Rahimi";
                 ; 0000 0027     int i = 0;
                 ; 0000 0028     // Input/Output Ports initialization
                 ; 0000 0029     // Port A initialization
                 ; 0000 002A     // Function: Bit7=In Bit6=In Bit5=In Bit4=In Bit3=In Bit2=In Bit1=In Bit0=In
                 ; 0000 002B     DDRA=(0<<DDA7) | (0<<DDA6) | (0<<DDA5) | (0<<DDA4) | (0<<DDA3) | (0<<DDA2) | (0<<DDA1) | (0<<DDA0);
00006c 972e      	SBIW R28,14
00006d e08e      	LDI  R24,14
00006e e0a0      	LDI  R26,LOW(0)
00006f e0b0      	LDI  R27,HIGH(0)
000070 e6e6      	LDI  R30,LOW(_0x3*2)
000071 e0f0      	LDI  R31,HIGH(_0x3*2)
000072 940e 0198 	CALL __INITLOCB
                 ;	input -> R17
                 ;	name -> Y+0
                 ;	i -> R18,R19
                +
000074 e020     +LDI R18 , LOW ( 0 )
000075 e030     +LDI R19 , HIGH ( 0 )
                 	__GETWRN 18,19,0
000076 e0e0      	LDI  R30,LOW(0)
000077 bbea      	OUT  0x1A,R30
                 ; 0000 002C     // State: Bit7=T Bit6=T Bit5=T Bit4=T Bit3=T Bit2=T Bit1=T Bit0=T
                 ; 0000 002D     PORTA=(0<<PORTA7) | (0<<PORTA6) | (0<<PORTA5) | (0<<PORTA4) | (0<<PORTA3) | (0<<PORTA2) | (0<<PORTA1) | (0<<PORTA0);
000078 bbeb      	OUT  0x1B,R30
                 ; 0000 002E 
                 ; 0000 002F     // Port B initialization
                 ; 0000 0030     // Function: Bit7=In Bit6=In Bit5=In Bit4=In Bit3=In Bit2=In Bit1=In Bit0=In
                 ; 0000 0031     DDRB=(0<<DDB7) | (0<<DDB6) | (0<<DDB5) | (0<<DDB4) | (0<<DDB3) | (0<<DDB2) | (0<<DDB1) | (0<<DDB0);
000079 bbe7      	OUT  0x17,R30
                 ; 0000 0032     // State: Bit7=T Bit6=T Bit5=T Bit4=T Bit3=T Bit2=T Bit1=T Bit0=T
                 ; 0000 0033     PORTB=(0<<PORTB7) | (0<<PORTB6) | (0<<PORTB5) | (0<<PORTB4) | (0<<PORTB3) | (0<<PORTB2) | (0<<PORTB1) | (0<<PORTB0);
00007a bbe8      	OUT  0x18,R30
                 ; 0000 0034 
                 ; 0000 0035     // Port C initialization
                 ; 0000 0036     // Function: Bit7=In Bit6=In Bit5=In Bit4=In Bit3=In Bit2=In Bit1=In Bit0=In
                 ; 0000 0037     DDRC=(0<<DDC7) | (0<<DDC6) | (0<<DDC5) | (0<<DDC4) | (0<<DDC3) | (0<<DDC2) | (0<<DDC1) | (0<<DDC0);
00007b bbe4      	OUT  0x14,R30
                 ; 0000 0038     // State: Bit7=T Bit6=T Bit5=T Bit4=T Bit3=T Bit2=T Bit1=T Bit0=T
                 ; 0000 0039     PORTC=(0<<PORTC7) | (0<<PORTC6) | (0<<PORTC5) | (0<<PORTC4) | (0<<PORTC3) | (0<<PORTC2) | (0<<PORTC1) | (0<<PORTC0);
00007c bbe5      	OUT  0x15,R30
                 ; 0000 003A 
                 ; 0000 003B     // Port D initialization
                 ; 0000 003C     // Function: Bit7=In Bit6=In Bit5=In Bit4=In Bit3=In Bit2=In Bit1=In Bit0=In
                 ; 0000 003D     DDRD=(0<<DDD7) | (0<<DDD6) | (0<<DDD5) | (0<<DDD4) | (0<<DDD3) | (0<<DDD2) | (0<<DDD1) | (0<<DDD0);
00007d bbe1      	OUT  0x11,R30
                 ; 0000 003E     // State: Bit7=T Bit6=T Bit5=T Bit4=T Bit3=T Bit2=T Bit1=T Bit0=T
                 ; 0000 003F     PORTD=(0<<PORTD7) | (0<<PORTD6) | (0<<PORTD5) | (0<<PORTD4) | (0<<PORTD3) | (0<<PORTD2) | (0<<PORTD1) | (0<<PORTD0);
00007e bbe2      	OUT  0x12,R30
                 ; 0000 0040 
                 ; 0000 0041     // Timer/Counter 0 initialization
                 ; 0000 0042     // Clock source: System Clock
                 ; 0000 0043     // Clock value: Timer 0 Stopped
                 ; 0000 0044     // Mode: Normal top=0xFF
                 ; 0000 0045     // OC0 output: Disconnected
                 ; 0000 0046     TCCR0=(0<<WGM00) | (0<<COM01) | (0<<COM00) | (0<<WGM01) | (0<<CS02) | (0<<CS01) | (0<<CS00);
00007f bfe3      	OUT  0x33,R30
                 ; 0000 0047     TCNT0=0x00;
000080 bfe2      	OUT  0x32,R30
                 ; 0000 0048     OCR0=0x00;
000081 bfec      	OUT  0x3C,R30
                 ; 0000 0049 
                 ; 0000 004A     // Timer/Counter 1 initialization
                 ; 0000 004B     // Clock source: System Clock
                 ; 0000 004C     // Clock value: Timer1 Stopped
                 ; 0000 004D     // Mode: Normal top=0xFFFF
                 ; 0000 004E     // OC1A output: Disconnected
                 ; 0000 004F     // OC1B output: Disconnected
                 ; 0000 0050     // Noise Canceler: Off
                 ; 0000 0051     // Input Capture on Falling Edge
                 ; 0000 0052     // Timer1 Overflow Interrupt: Off
                 ; 0000 0053     // Input Capture Interrupt: Off
                 ; 0000 0054     // Compare A Match Interrupt: Off
                 ; 0000 0055     // Compare B Match Interrupt: Off
                 ; 0000 0056     TCCR1A=(0<<COM1A1) | (0<<COM1A0) | (0<<COM1B1) | (0<<COM1B0) | (0<<WGM11) | (0<<WGM10);
000082 bdef      	OUT  0x2F,R30
                 ; 0000 0057     TCCR1B=(0<<ICNC1) | (0<<ICES1) | (0<<WGM13) | (0<<WGM12) | (0<<CS12) | (0<<CS11) | (0<<CS10);
000083 bdee      	OUT  0x2E,R30
                 ; 0000 0058     TCNT1H=0x00;
000084 bded      	OUT  0x2D,R30
                 ; 0000 0059     TCNT1L=0x00;
000085 bdec      	OUT  0x2C,R30
                 ; 0000 005A     ICR1H=0x00;
000086 bde7      	OUT  0x27,R30
                 ; 0000 005B     ICR1L=0x00;
000087 bde6      	OUT  0x26,R30
                 ; 0000 005C     OCR1AH=0x00;
000088 bdeb      	OUT  0x2B,R30
                 ; 0000 005D     OCR1AL=0x00;
000089 bdea      	OUT  0x2A,R30
                 ; 0000 005E     OCR1BH=0x00;
00008a bde9      	OUT  0x29,R30
                 ; 0000 005F     OCR1BL=0x00;
00008b bde8      	OUT  0x28,R30
                 ; 0000 0060 
                 ; 0000 0061     // Timer/Counter 2 initialization
                 ; 0000 0062     // Clock source: System Clock
                 ; 0000 0063     // Clock value: Timer2 Stopped
                 ; 0000 0064     // Mode: Normal top=0xFF
                 ; 0000 0065     // OC2 output: Disconnected
                 ; 0000 0066     ASSR=0<<AS2;
00008c bde2      	OUT  0x22,R30
                 ; 0000 0067     TCCR2=(0<<PWM2) | (0<<COM21) | (0<<COM20) | (0<<CTC2) | (0<<CS22) | (0<<CS21) | (0<<CS20);
00008d bde5      	OUT  0x25,R30
                 ; 0000 0068     TCNT2=0x00;
00008e bde4      	OUT  0x24,R30
                 ; 0000 0069     OCR2=0x00;
00008f bde3      	OUT  0x23,R30
                 ; 0000 006A 
                 ; 0000 006B     // Timer(s)/Counter(s) Interrupt(s) initialization
                 ; 0000 006C     TIMSK=(0<<OCIE2) | (0<<TOIE2) | (0<<TICIE1) | (0<<OCIE1A) | (0<<OCIE1B) | (0<<TOIE1) | (0<<OCIE0) | (0<<TOIE0);
000090 bfe9      	OUT  0x39,R30
                 ; 0000 006D 
                 ; 0000 006E     // External Interrupt(s) initialization
                 ; 0000 006F     // INT0: Off
                 ; 0000 0070     // INT1: Off
                 ; 0000 0071     // INT2: Off
                 ; 0000 0072     MCUCR=(0<<ISC11) | (0<<ISC10) | (0<<ISC01) | (0<<ISC00);
000091 bfe5      	OUT  0x35,R30
                 ; 0000 0073     MCUCSR=(0<<ISC2);
000092 bfe4      	OUT  0x34,R30
                 ; 0000 0074 
                 ; 0000 0075     // USART initialization
                 ; 0000 0076     // Communication Parameters: 8 Data, 1 Stop, No Parity
                 ; 0000 0077     // USART Receiver: On
                 ; 0000 0078     // USART Transmitter: On
                 ; 0000 0079     // USART Mode: Asynchronous
                 ; 0000 007A     // USART Baud Rate: 9600
                 ; 0000 007B     UCSRA=(0<<RXC) | (0<<TXC) | (0<<UDRE) | (0<<FE) | (0<<DOR) | (0<<UPE) | (0<<U2X) | (0<<MPCM);
000093 b9eb      	OUT  0xB,R30
                 ; 0000 007C     UCSRB=(0<<RXCIE) | (0<<TXCIE) | (0<<UDRIE) | (1<<RXEN) | (1<<TXEN) | (0<<UCSZ2) | (0<<RXB8) | (0<<TXB8);
000094 e1e8      	LDI  R30,LOW(24)
000095 b9ea      	OUT  0xA,R30
                 ; 0000 007D     UCSRC=(1<<URSEL) | (0<<UMSEL) | (0<<UPM1) | (0<<UPM0) | (0<<USBS) | (1<<UCSZ1) | (1<<UCSZ0) | (0<<UCPOL);
000096 e8e6      	LDI  R30,LOW(134)
000097 bde0      	OUT  0x20,R30
                 ; 0000 007E     UBRRH=0x00;
000098 e0e0      	LDI  R30,LOW(0)
000099 bde0      	OUT  0x20,R30
                 ; 0000 007F     UBRRL=0x33;
00009a e3e3      	LDI  R30,LOW(51)
00009b b9e9      	OUT  0x9,R30
                 ; 0000 0080 
                 ; 0000 0081     // Analog Comparator initialization
                 ; 0000 0082     // Analog Comparator: Off
                 ; 0000 0083     // The Analog Comparator's positive input is
                 ; 0000 0084     // connected to the AIN0 pin
                 ; 0000 0085     // The Analog Comparator's negative input is
                 ; 0000 0086     // connected to the AIN1 pin
                 ; 0000 0087     ACSR=(1<<ACD) | (0<<ACBG) | (0<<ACO) | (0<<ACI) | (0<<ACIE) | (0<<ACIC) | (0<<ACIS1) | (0<<ACIS0);
00009c e8e0      	LDI  R30,LOW(128)
00009d b9e8      	OUT  0x8,R30
                 ; 0000 0088     SFIOR=(0<<ACME);
00009e e0e0      	LDI  R30,LOW(0)
00009f bfe0      	OUT  0x30,R30
                 ; 0000 0089 
                 ; 0000 008A     // ADC initialization
                 ; 0000 008B     // ADC disabled
                 ; 0000 008C     ADCSRA=(0<<ADEN) | (0<<ADSC) | (0<<ADATE) | (0<<ADIF) | (0<<ADIE) | (0<<ADPS2) | (0<<ADPS1) | (0<<ADPS0);
0000a0 b9e6      	OUT  0x6,R30
                 ; 0000 008D 
                 ; 0000 008E     // SPI initialization
                 ; 0000 008F     // SPI disabled
                 ; 0000 0090     SPCR=(0<<SPIE) | (0<<SPE) | (0<<DORD) | (0<<MSTR) | (0<<CPOL) | (0<<CPHA) | (0<<SPR1) | (0<<SPR0);
0000a1 b9ed      	OUT  0xD,R30
                 ; 0000 0091 
                 ; 0000 0092     // TWI initialization
                 ; 0000 0093     // TWI disabled
                 ; 0000 0094     TWCR=(0<<TWEA) | (0<<TWSTA) | (0<<TWSTO) | (0<<TWEN) | (0<<TWIE);
0000a2 bfe6      	OUT  0x36,R30
                 ; 0000 0095 
                 ; 0000 0096     // Alphanumeric LCD initialization
                 ; 0000 0097     // Connections are specified in the
                 ; 0000 0098     // Project|Configure|C Compiler|Libraries|Alphanumeric LCD menu:
                 ; 0000 0099     // RS - PORTC Bit 0
                 ; 0000 009A     // RD - PORTC Bit 1
                 ; 0000 009B     // EN - PORTC Bit 2
                 ; 0000 009C     // D4 - PORTC Bit 4
                 ; 0000 009D     // D5 - PORTC Bit 5
                 ; 0000 009E     // D6 - PORTC Bit 6
                 ; 0000 009F     // D7 - PORTC Bit 7
                 ; 0000 00A0     // Characters/line: 16
                 ; 0000 00A1     lcd_init(16);
0000a3 e1a0      	LDI  R26,LOW(16)
0000a4 d086      	RCALL _lcd_init
                 ; 0000 00A2 
                 ; 0000 00A3     while (1)
                 _0x4:
                 ; 0000 00A4     {
                 ; 0000 00A5         // Place your code here
                 ; 0000 00A6         input = getchar();
0000a5 940e 0159 	CALL _getchar
0000a7 2f1e      	MOV  R17,R30
                 ; 0000 00A7         putchar(input);
0000a8 2fa1      	MOV  R26,R17
0000a9 940e 015d 	CALL _putchar
                 ; 0000 00A8         putchar(0x0d);
0000ab 940e 0172 	CALL SUBOPT_0x0
                 ; 0000 00A9         putchar(0x0a);
                 ; 0000 00AA         if (input == 'C')
0000ad 3413      	CPI  R17,67
0000ae f411      	BRNE _0x7
                 ; 0000 00AB         {
                 ; 0000 00AC             lcd_clear();
0000af d04d      	RCALL _lcd_clear
                 ; 0000 00AD         }
                 ; 0000 00AE         else if (input == 'N')
0000b0 c01b      	RJMP _0x8
                 _0x7:
0000b1 341e      	CPI  R17,78
0000b2 f431      	BRNE _0x9
                 ; 0000 00AF         {
                 ; 0000 00B0             puts(name);
0000b3 01de      	MOVW R26,R28
0000b4 940e 0164 	CALL _puts
                 ; 0000 00B1             putchar(0x0d);
0000b6 940e 0172 	CALL SUBOPT_0x0
                 ; 0000 00B2             putchar(0x0a);
                 ; 0000 00B3         }
                 ; 0000 00B4         else if(input == 'c')
0000b8 c013      	RJMP _0xA
                 _0x9:
0000b9 3613      	CPI  R17,99
0000ba f461      	BRNE _0xB
                 ; 0000 00B5         {
                 ; 0000 00B6             for (i = 0; i < 24;i++){
                +
0000bb e020     +LDI R18 , LOW ( 0 )
0000bc e030     +LDI R19 , HIGH ( 0 )
                 	__GETWRN 18,19,0
                 _0xD:
                +
0000bd 3128     +CPI R18 , LOW ( 24 )
0000be e0e0     +LDI R30 , HIGH ( 24 )
0000bf 073e     +CPC R19 , R30
                 	__CPWRN 18,19,24
0000c0 f42c      	BRGE _0xE
                 ; 0000 00B7                 putchar(0x0d);
0000c1 940e 0172 	CALL SUBOPT_0x0
                 ; 0000 00B8                 putchar(0x0a);
                 ; 0000 00B9             }
                +
0000c3 5f2f     +SUBI R18 , LOW ( - 1 )
0000c4 4f3f     +SBCI R19 , HIGH ( - 1 )
                 	__ADDWRN 18,19,1
0000c5 cff7      	RJMP _0xD
                 _0xE:
                 ; 0000 00BA         }
                 ; 0000 00BB         else if( input == 'M')
0000c6 c005      	RJMP _0xF
                 _0xB:
0000c7 341d      	CPI  R17,77
0000c8 f419      	BRNE _0x10
                 ; 0000 00BC         {
                 ; 0000 00BD             lcd_clear();
0000c9 d033      	RCALL _lcd_clear
                 ; 0000 00BE             lcd_puts(name);
0000ca 01de      	MOVW R26,R28
0000cb d054      	RCALL _lcd_puts
                 ; 0000 00BF         }
                 ; 0000 00C0     }
                 _0x10:
                 _0xF:
                 _0xA:
                 _0x8:
0000cc cfd8      	RJMP _0x4
                 ; 0000 00C1 }
                 _0x11:
0000cd cfff      	RJMP _0x11
                 ; .FEND
                 	#ifndef __SLEEP_DEFINED__
                 	#endif
                 
                 	.DSEG
                 
                 	.CSEG
                 __lcd_write_nibble_G100:
                 ; .FSTART __lcd_write_nibble_G100
0000ce 93aa      	ST   -Y,R26
0000cf b3e5      	IN   R30,0x15
0000d0 70ef      	ANDI R30,LOW(0xF)
0000d1 2fae      	MOV  R26,R30
0000d2 81e8      	LD   R30,Y
0000d3 7fe0      	ANDI R30,LOW(0xF0)
0000d4 2bea      	OR   R30,R26
0000d5 bbe5      	OUT  0x15,R30
                +
0000d6 e08d     +LDI R24 , LOW ( 13 )
                +__DELAY_USB_LOOP :
0000d7 958a     +DEC R24
0000d8 f7f1     +BRNE __DELAY_USB_LOOP
                 	__DELAY_USB 13
0000d9 9aaa      	SBI  0x15,2
                +
0000da e08d     +LDI R24 , LOW ( 13 )
                +__DELAY_USB_LOOP :
0000db 958a     +DEC R24
0000dc f7f1     +BRNE __DELAY_USB_LOOP
                 	__DELAY_USB 13
0000dd 98aa      	CBI  0x15,2
                +
0000de e08d     +LDI R24 , LOW ( 13 )
                +__DELAY_USB_LOOP :
0000df 958a     +DEC R24
0000e0 f7f1     +BRNE __DELAY_USB_LOOP
                 	__DELAY_USB 13
0000e1 940c 0162 	JMP  _0x2080002
                 ; .FEND
                 __lcd_write_data:
                 ; .FSTART __lcd_write_data
0000e3 93aa      	ST   -Y,R26
0000e4 81a8      	LD   R26,Y
0000e5 dfe8      	RCALL __lcd_write_nibble_G100
0000e6 81e8          ld    r30,y
0000e7 95e2          swap  r30
0000e8 83e8          st    y,r30
0000e9 81a8      	LD   R26,Y
0000ea dfe3      	RCALL __lcd_write_nibble_G100
                +
0000eb e885     +LDI R24 , LOW ( 133 )
                +__DELAY_USB_LOOP :
0000ec 958a     +DEC R24
0000ed f7f1     +BRNE __DELAY_USB_LOOP
                 	__DELAY_USB 133
0000ee 940c 0162 	JMP  _0x2080002
                 ; .FEND
                 _lcd_gotoxy:
                 ; .FSTART _lcd_gotoxy
0000f0 93aa      	ST   -Y,R26
0000f1 81e8      	LD   R30,Y
0000f2 e0f0      	LDI  R31,0
0000f3 5ae0      	SUBI R30,LOW(-__base_y_G100)
0000f4 4ffd      	SBCI R31,HIGH(-__base_y_G100)
0000f5 81e0      	LD   R30,Z
0000f6 81a9      	LDD  R26,Y+1
0000f7 0fae      	ADD  R26,R30
0000f8 dfea      	RCALL __lcd_write_data
0000f9 8059      	LDD  R5,Y+1
0000fa 8048      	LDD  R4,Y+0
0000fb 9622      	ADIW R28,2
0000fc 9508      	RET
                 ; .FEND
                 _lcd_clear:
                 ; .FSTART _lcd_clear
0000fd e0a2      	LDI  R26,LOW(2)
0000fe 940e 0178 	CALL SUBOPT_0x1
000100 e0ac      	LDI  R26,LOW(12)
000101 dfe1      	RCALL __lcd_write_data
000102 e0a1      	LDI  R26,LOW(1)
000103 940e 0178 	CALL SUBOPT_0x1
000105 e0e0      	LDI  R30,LOW(0)
000106 2e4e      	MOV  R4,R30
000107 2e5e      	MOV  R5,R30
000108 9508      	RET
                 ; .FEND
                 _lcd_putchar:
                 ; .FSTART _lcd_putchar
000109 93aa      	ST   -Y,R26
00010a 81a8      	LD   R26,Y
00010b 30aa      	CPI  R26,LOW(0xA)
00010c f011      	BREQ _0x2000005
00010d 1457      	CP   R5,R7
00010e f050      	BRLO _0x2000004
                 _0x2000005:
00010f e0e0      	LDI  R30,LOW(0)
000110 93ea      	ST   -Y,R30
000111 9443      	INC  R4
000112 2da4      	MOV  R26,R4
000113 dfdc      	RCALL _lcd_gotoxy
000114 81a8      	LD   R26,Y
000115 30aa      	CPI  R26,LOW(0xA)
000116 f411      	BRNE _0x2000007
000117 940c 0162 	JMP  _0x2080002
                 _0x2000007:
                 _0x2000004:
000119 9453      	INC  R5
00011a 9aa8      	SBI  0x15,0
00011b 81a8      	LD   R26,Y
00011c dfc6      	RCALL __lcd_write_data
00011d 98a8      	CBI  0x15,0
00011e 940c 0162 	JMP  _0x2080002
                 ; .FEND
                 _lcd_puts:
                 ; .FSTART _lcd_puts
000120 93ba      	ST   -Y,R27
000121 93aa      	ST   -Y,R26
000122 931a      	ST   -Y,R17
                 _0x2000008:
000123 940e 017e 	CALL SUBOPT_0x2
000125 f019      	BREQ _0x200000A
000126 2fa1      	MOV  R26,R17
000127 dfe1      	RCALL _lcd_putchar
000128 cffa      	RJMP _0x2000008
                 _0x200000A:
000129 940c 016f 	JMP  _0x2080001
                 ; .FEND
                 _lcd_init:
                 ; .FSTART _lcd_init
00012b 93aa      	ST   -Y,R26
00012c b3e4      	IN   R30,0x14
00012d 6fe0      	ORI  R30,LOW(0xF0)
00012e bbe4      	OUT  0x14,R30
00012f 9aa2      	SBI  0x14,2
000130 9aa0      	SBI  0x14,0
000131 9aa1      	SBI  0x14,1
000132 98aa      	CBI  0x15,2
000133 98a8      	CBI  0x15,0
000134 98a9      	CBI  0x15,1
000135 8078      	LDD  R7,Y+0
000136 81e8      	LD   R30,Y
000137 58e0      	SUBI R30,-LOW(128)
                +
000138 93e0 0262+STS __base_y_G100 + ( 2 ) , R30
                 	__PUTB1MN __base_y_G100,2
00013a 81e8      	LD   R30,Y
00013b 54e0      	SUBI R30,-LOW(192)
                +
00013c 93e0 0263+STS __base_y_G100 + ( 3 ) , R30
                 	__PUTB1MN __base_y_G100,3
00013e e1a4      	LDI  R26,LOW(20)
00013f e0b0      	LDI  R27,0
000140 940e 018e 	CALL _delay_ms
000142 940e 0186 	CALL SUBOPT_0x3
000144 940e 0186 	CALL SUBOPT_0x3
000146 940e 0186 	CALL SUBOPT_0x3
000148 e2a0      	LDI  R26,LOW(32)
000149 df84      	RCALL __lcd_write_nibble_G100
                +
00014a ec88     +LDI R24 , LOW ( 200 )
00014b e090     +LDI R25 , HIGH ( 200 )
                +__DELAY_USW_LOOP :
00014c 9701     +SBIW R24 , 1
00014d f7f1     +BRNE __DELAY_USW_LOOP
                 	__DELAY_USW 200
00014e e2a8      	LDI  R26,LOW(40)
00014f df93      	RCALL __lcd_write_data
000150 e0a4      	LDI  R26,LOW(4)
000151 df91      	RCALL __lcd_write_data
000152 e8a5      	LDI  R26,LOW(133)
000153 df8f      	RCALL __lcd_write_data
000154 e0a6      	LDI  R26,LOW(6)
000155 df8d      	RCALL __lcd_write_data
000156 dfa6      	RCALL _lcd_clear
000157 940c 0162 	JMP  _0x2080002
                 ; .FEND
                 	#ifndef __SLEEP_DEFINED__
                 	#endif
                 
                 	.CSEG
                 _getchar:
                 ; .FSTART _getchar
                 getchar0:
000159 9b5f           sbis usr,rxc
00015a cffe           rjmp getchar0
00015b b1ec           in   r30,udr
00015c 9508      	RET
                 ; .FEND
                 _putchar:
                 ; .FSTART _putchar
00015d 93aa      	ST   -Y,R26
                 putchar0:
00015e 9b5d           sbis usr,udre
00015f cffe           rjmp putchar0
000160 81e8           ld   r30,y
000161 b9ec           out  udr,r30
                 _0x2080002:
000162 9621      	ADIW R28,1
000163 9508      	RET
                 ; .FEND
                 _puts:
                 ; .FSTART _puts
000164 93ba      	ST   -Y,R27
000165 93aa      	ST   -Y,R26
000166 931a      	ST   -Y,R17
                 _0x2020003:
000167 940e 017e 	CALL SUBOPT_0x2
000169 f019      	BREQ _0x2020005
00016a 2fa1      	MOV  R26,R17
00016b dff1      	RCALL _putchar
00016c cffa      	RJMP _0x2020003
                 _0x2020005:
00016d e0aa      	LDI  R26,LOW(10)
00016e dfee      	RCALL _putchar
                 _0x2080001:
00016f 8118      	LDD  R17,Y+0
000170 9623      	ADIW R28,3
000171 9508      	RET
                 ; .FEND
                 
                 	.CSEG
                 
                 	.CSEG
                 
                 	.DSEG
                 __base_y_G100:
000260           	.BYTE 0x4
                 
                 	.CSEG
                 ;OPTIMIZER ADDED SUBROUTINE, CALLED 3 TIMES, CODE SIZE REDUCTION:5 WORDS
                 SUBOPT_0x0:
000172 e0ad      	LDI  R26,LOW(13)
000173 940e 015d 	CALL _putchar
000175 e0aa      	LDI  R26,LOW(10)
000176 940c 015d 	JMP  _putchar
                 
                 ;OPTIMIZER ADDED SUBROUTINE, CALLED 2 TIMES, CODE SIZE REDUCTION:1 WORDS
                 SUBOPT_0x1:
000178 940e 00e3 	CALL __lcd_write_data
00017a e0a3      	LDI  R26,LOW(3)
00017b e0b0      	LDI  R27,0
00017c 940c 018e 	JMP  _delay_ms
                 
                 ;OPTIMIZER ADDED SUBROUTINE, CALLED 2 TIMES, CODE SIZE REDUCTION:2 WORDS
                 SUBOPT_0x2:
00017e 81a9      	LDD  R26,Y+1
00017f 81ba      	LDD  R27,Y+1+1
000180 91ed      	LD   R30,X+
000181 83a9      	STD  Y+1,R26
000182 83ba      	STD  Y+1+1,R27
000183 2f1e      	MOV  R17,R30
000184 30e0      	CPI  R30,0
000185 9508      	RET
                 
                 ;OPTIMIZER ADDED SUBROUTINE, CALLED 3 TIMES, CODE SIZE REDUCTION:7 WORDS
                 SUBOPT_0x3:
000186 e3a0      	LDI  R26,LOW(48)
000187 940e 00ce 	CALL __lcd_write_nibble_G100
                +
000189 ec88     +LDI R24 , LOW ( 200 )
00018a e090     +LDI R25 , HIGH ( 200 )
                +__DELAY_USW_LOOP :
00018b 9701     +SBIW R24 , 1
00018c f7f1     +BRNE __DELAY_USW_LOOP
                 	__DELAY_USW 200
00018d 9508      	RET
                 
                 
                 	.CSEG
                 _delay_ms:
00018e 9610      	adiw r26,0
00018f f039      	breq __delay_ms1
                 __delay_ms0:
                +
000190 ed80     +LDI R24 , LOW ( 0x7D0 )
000191 e097     +LDI R25 , HIGH ( 0x7D0 )
                +__DELAY_USW_LOOP :
000192 9701     +SBIW R24 , 1
000193 f7f1     +BRNE __DELAY_USW_LOOP
                 	__DELAY_USW 0x7D0
000194 95a8      	wdr
000195 9711      	sbiw r26,1
000196 f7c9      	brne __delay_ms0
                 __delay_ms1:
000197 9508      	ret
                 
                 __INITLOCB:
                 __INITLOCW:
000198 0fac      	ADD  R26,R28
000199 1fbd      	ADC  R27,R29
                 __INITLOC0:
00019a 9005      	LPM  R0,Z+
00019b 920d      	ST   X+,R0
00019c 958a      	DEC  R24
00019d f7e1      	BRNE __INITLOC0
00019e 9508      	RET
                 
                 ;END OF CODE MARKER
                 __END_OF_CODE:


RESOURCE USE INFORMATION
------------------------

Notice:
The register and instruction counts are symbol table hit counts,
and hence implicitly used resources are not counted, eg, the
'lpm' instruction without operands implicitly uses r0 and z,
none of which are counted.

x,y,z are separate entities in the symbol table and are
counted separately from r26..r31 here.

.dseg memory usage only counts static data declared with .byte

ATmega32 register use summary:
r0 :   6 r1 :   1 r2 :   0 r3 :   0 r4 :   4 r5 :   4 r6 :   0 r7 :   2 
r8 :   0 r9 :   0 r10:   0 r11:   0 r12:   0 r13:   0 r14:   0 r15:   0 
r16:   0 r17:  12 r18:   4 r19:   4 r20:   0 r21:   0 r22:   2 r23:   0 
r24:  23 r25:   5 r26:  49 r27:  10 r28:   8 r29:   2 r30:  97 r31:   6 
x  :   5 y  :  34 z  :   9 
Registers used: 20 out of 35 (57.1%)

ATmega32 instruction use summary:
.lds  :   0 .lds.l:   0 .sts  :   0 .sts.l:   0 adc   :   1 add   :   2 
adiw  :   4 and   :   0 andi  :   2 asr   :   0 bclr  :   0 bld   :   0 
brbc  :   0 brbs  :   0 brcc  :   0 brcs  :   0 break :   0 breq  :   5 
brge  :   1 brhc  :   0 brhs  :   0 brid  :   0 brie  :   0 brlo  :   1 
brlt  :   0 brmi  :   0 brne  :  17 brpl  :   0 brsh  :   0 brtc  :   0 
brts  :   0 brvc  :   0 brvs  :   0 bset  :   0 bst   :   0 call  :  18 
cbi   :   5 cbr   :   0 clc   :   0 clh   :   0 cli   :   1 cln   :   0 
clr   :   2 cls   :   0 clt   :   0 clv   :   0 clz   :   0 com   :   0 
cp    :   1 cpc   :   1 cpi   :   8 cpse  :   0 dec   :   6 des   :   0 
eor   :   0 fmul  :   0 fmuls :   0 fmulsu:   0 icall :   0 ijmp  :   0 
in    :   3 inc   :   2 jmp   :  30 ld    :  13 ldd   :   7 ldi   :  59 
lds   :   0 lpm   :   8 lsl   :   0 lsr   :   0 mov   :   9 movw  :   5 
mul   :   0 muls  :   0 mulsu :   0 neg   :   0 nop   :   0 or    :   1 
ori   :   1 out   :  47 pop   :   0 push  :   0 rcall :  19 ret   :   9 
reti  :   0 rjmp  :  11 rol   :   0 ror   :   0 sbc   :   0 sbci  :   2 
sbi   :   5 sbic  :   0 sbis  :   2 sbiw  :   8 sbr   :   0 sbrc  :   0 
sbrs  :   0 sec   :   0 seh   :   0 sei   :   0 sen   :   0 ser   :   0 
ses   :   0 set   :   0 sev   :   0 sez   :   0 sleep :   0 spm   :   0 
st    :  18 std   :   2 sts   :   2 sub   :   0 subi  :   4 swap  :   1 
tst   :   0 wdr   :   1 
Instructions used: 41 out of 116 (35.3%)

ATmega32 memory use summary [bytes]:
Segment   Begin    End      Code   Data   Used    Size   Use%
---------------------------------------------------------------
[.cseg] 0x000000 0x00033e    788     42    830   32768   2.5%
[.dseg] 0x000060 0x000264      0      4      4    2048   0.2%
[.eseg] 0x000000 0x000000      0      0      0    1024   0.0%

Assembly complete, 0 errors, 3 warnings
